Log file open, 09/23/24 12:24:11
LogInit: Display: Running engine for game: LostWorld
LogPlatformFile: Not using cached read wrapper
LogTaskGraph: Started task graph with 5 named threads and 20 total threads with 3 sets of task threads.
LogStats: Stats thread started at 0.169814
LogD3D11RHI: Loaded GFSDK_Aftermath_Lib.x64.dll
LogICUInternationalization: ICU TimeZone Detection - Raw Offset: +10:00, Platform Override: ''
LogPluginManager: Mounting plugin Paper2D
LogPluginManager: Mounting plugin AISupport
LogPluginManager: Mounting plugin LightPropagationVolume
LogPluginManager: Mounting plugin CameraShakePreviewer
LogPluginManager: Mounting plugin ActorLayerUtilities
LogPluginManager: Mounting plugin AnimationSharing
LogPluginManager: Mounting plugin CLionSourceCodeAccess
LogPluginManager: Mounting plugin CodeLiteSourceCodeAccess
LogPluginManager: Mounting plugin GitSourceControl
LogPluginManager: Mounting plugin KDevelopSourceCodeAccess
LogPluginManager: Mounting plugin NullSourceCodeAccess
LogPluginManager: Mounting plugin PerforceSourceControl
LogPluginManager: Mounting plugin PlasticSourceControl
LogPluginManager: Mounting plugin RiderLink
LogPluginManager: Mounting plugin RiderSourceCodeAccess
LogPluginManager: Mounting plugin SubversionSourceControl
LogPluginManager: Mounting plugin UObjectPlugin
LogPluginManager: Mounting plugin VisualStudioCodeSourceCodeAccess
LogPluginManager: Mounting plugin VisualStudioSourceCodeAccess
LogPluginManager: Mounting plugin XCodeSourceCodeAccess
LogPluginManager: Mounting plugin AssetManagerEditor
LogPluginManager: Mounting plugin CryptoKeys
LogPluginManager: Mounting plugin CurveEditorTools
LogPluginManager: Mounting plugin DataValidation
LogPluginManager: Mounting plugin EditorScriptingUtilities
LogPluginManager: Mounting plugin FacialAnimation
LogPluginManager: Mounting plugin GameplayTagsEditor
LogPluginManager: Mounting plugin GeometryMode
LogPluginManager: Mounting plugin MacGraphicsSwitching
LogPluginManager: Mounting plugin MaterialAnalyzer
LogPluginManager: Mounting plugin MobileLauncherProfileWizard
LogPluginManager: Mounting plugin PluginBrowser
LogPluginManager: Mounting plugin SpeedTreeImporter
LogPluginManager: Mounting plugin DatasmithContent
LogPluginManager: Mounting plugin VariantManagerContent
LogPluginManager: Mounting plugin AlembicImporter
LogPluginManager: Mounting plugin AutomationUtils
LogPluginManager: Mounting plugin BackChannel
LogPluginManager: Mounting plugin ChaosCloth
LogPluginManager: Mounting plugin ChaosClothEditor
LogPluginManager: Mounting plugin ChaosEditor
LogPluginManager: Mounting plugin ChaosNiagara
LogPluginManager: Mounting plugin ChaosSolverPlugin
LogPluginManager: Mounting plugin CharacterAI
LogPluginManager: Mounting plugin GeometryCache
LogPluginManager: Mounting plugin GeometryCollectionPlugin
LogPluginManager: Mounting plugin GeometryProcessing
LogPluginManager: Mounting plugin PlanarCut
LogPluginManager: Mounting plugin PlatformCrypto
LogPluginManager: Mounting plugin ProxyLODPlugin
LogPluginManager: Mounting plugin SkeletalReduction
LogPluginManager: Mounting plugin Niagara
LogPluginManager: Mounting plugin MagicLeap
LogPluginManager: Mounting plugin MagicLeapLightEstimation
LogPluginManager: Mounting plugin MagicLeapMedia
LogPluginManager: Mounting plugin MagicLeapPassableWorld
LogPluginManager: Mounting plugin MLSDK
LogPluginManager: Mounting plugin AutoSizeComments
LogPluginManager: Mounting plugin ConsoleEnhanced
LogPluginManager: Mounting plugin AndroidMedia
LogPluginManager: Mounting plugin AvfMedia
LogPluginManager: Mounting plugin ImgMedia
LogPluginManager: Mounting plugin MediaCompositing
LogPluginManager: Mounting plugin MediaPlayerEditor
LogPluginManager: Mounting plugin WebMMedia
LogPluginManager: Mounting plugin WmfMedia
LogPluginManager: Mounting plugin MeshPainting
LogPluginManager: Mounting plugin TcpMessaging
LogPluginManager: Mounting plugin UdpMessaging
LogPluginManager: Mounting plugin ActorSequence
LogPluginManager: Mounting plugin LevelSequenceEditor
LogPluginManager: Mounting plugin MatineeToLevelSequence
LogPluginManager: Mounting plugin MovieRenderPipeline
LogPluginManager: Mounting plugin TemplateSequence
LogPluginManager: Mounting plugin NetcodeUnitTest
LogPluginManager: Mounting plugin NUTUnrealEngine4
LogPluginManager: Mounting plugin OnlineSubsystemGooglePlay
LogPluginManager: Mounting plugin OnlineSubsystemIOS
LogPluginManager: Mounting plugin OnlineSubsystem
LogPluginManager: Mounting plugin OnlineSubsystemNull
LogPluginManager: Mounting plugin OnlineSubsystemUtils
LogPluginManager: Mounting plugin LauncherChunkInstaller
LogPluginManager: Mounting plugin AndroidDeviceProfileSelector
LogPluginManager: Mounting plugin AndroidMoviePlayer
LogPluginManager: Mounting plugin AndroidPermission
LogPluginManager: Mounting plugin AppleImageUtils
LogPluginManager: Mounting plugin AppleMoviePlayer
LogPluginManager: Mounting plugin ArchVisCharacter
LogPluginManager: Mounting plugin AssetTags
LogPluginManager: Mounting plugin AudioCapture
LogPluginManager: Mounting plugin CableComponent
LogPluginManager: Mounting plugin CustomMeshComponent
LogPluginManager: Mounting plugin EditableMesh
LogPluginManager: Mounting plugin ExampleDeviceProfileSelector
LogPluginManager: Mounting plugin GoogleCloudMessaging
LogPluginManager: Mounting plugin GooglePAD
LogPluginManager: Mounting plugin IOSDeviceProfileSelector
LogPluginManager: Mounting plugin LinuxDeviceProfileSelector
LogPluginManager: Mounting plugin LocationServicesBPLibrary
LogPluginManager: Mounting plugin MobilePatchingUtils
LogPluginManager: Mounting plugin OculusVR
LogPluginManager: Mounting plugin PhysXVehicles
LogPluginManager: Mounting plugin PostSplashScreen
LogPluginManager: Mounting plugin ProceduralMeshComponent
LogPluginManager: Mounting plugin RuntimePhysXCooking
LogPluginManager: Mounting plugin SignificanceManager
LogPluginManager: Mounting plugin SoundFields
LogPluginManager: Mounting plugin SteamVR
LogPluginManager: Mounting plugin Synthesis
LogPluginManager: Mounting plugin WebMMoviePlayer
LogPluginManager: Mounting plugin WindowsMoviePlayer
LogPluginManager: Mounting plugin ScreenshotTools
LogInit: Using libcurl 7.55.1-DEV
LogInit:  - built for x86_64-pc-win32
LogInit:  - supports SSL with OpenSSL/1.1.1
LogInit:  - supports HTTP deflate (compression) using libz 1.2.8
LogInit:  - other features:
LogInit:      CURL_VERSION_SSL
LogInit:      CURL_VERSION_LIBZ
LogInit:      CURL_VERSION_IPV6
LogInit:      CURL_VERSION_ASYNCHDNS
LogInit:      CURL_VERSION_LARGEFILE
LogInit:      CURL_VERSION_IDN
LogInit:  CurlRequestOptions (configurable via config and command line):
LogInit:  - bVerifyPeer = true  - Libcurl will verify peer certificate
LogInit:  - bUseHttpProxy = false  - Libcurl will NOT use HTTP proxy
LogInit:  - bDontReuseConnections = false  - Libcurl will reuse connections
LogInit:  - MaxHostConnections = 16  - Libcurl will limit the number of connections to a host
LogInit:  - LocalHostAddr = Default
LogInit:  - BufferSize = 65536
LogOnline: OSS: Creating online subsystem instance for: NULL
LogInit: WinSock: version 1.1 (2.2), MaxSocks=32767, MaxUdp=65467
LogOnline: OSS: TryLoadSubsystemAndSetDefault: Loaded subsystem for module [NULL]
LogInit: Build: ++UE4+Release-4.25-CL-14469661
LogInit: Engine Version: 4.25.4-14469661+++UE4+Release-4.25
LogInit: Compatible Engine Version: 4.25.0-13144385+++UE4+Release-4.25
LogInit: Net CL: 13144385
LogInit: OS: Windows 10 (Release 2009) (), CPU: Intel(R) Core(TM) i5-9600K CPU @ 3.70GHz, GPU: NVIDIA GeForce GTX 1660 Ti
LogInit: Compiled (64-bit): Oct 11 2020 08:10:49
LogInit: Compiled with Visual C++: 19.24.28315.00
LogInit: Build Configuration: Development
LogInit: Branch Name: ++UE4+Release-4.25
LogInit: Command Line:  -skipcompile
LogInit: Base Directory: C:/Users/zekra/Documents/UE/UE_4.25/Engine/Binaries/Win64/
LogInit: Allocator: TBB
LogInit: Installed Engine Build: 1
LogDevObjectVersion: Number of dev versions registered: 26
LogDevObjectVersion:   Dev-Blueprints (B0D832E4-1F89-4F0D-ACCF-7EB736FD4AA2): 10
LogDevObjectVersion:   Dev-Build (E1C64328-A22C-4D53-A36C-8E866417BD8C): 0
LogDevObjectVersion:   Dev-Core (375EC13C-06E4-48FB-B500-84F0262A717E): 4
LogDevObjectVersion:   Dev-Editor (E4B068ED-F494-42E9-A231-DA0B2E46BB41): 38
LogDevObjectVersion:   Dev-Framework (CFFC743F-43B0-4480-9391-14DF171D2073): 37
LogDevObjectVersion:   Dev-Mobile (B02B49B5-BB20-44E9-A304-32B752E40360): 2
LogDevObjectVersion:   Dev-Networking (A4E4105C-59A1-49B5-A7C5-40C4547EDFEE): 0
LogDevObjectVersion:   Dev-Online (39C831C9-5AE6-47DC-9A44-9C173E1C8E7C): 0
LogDevObjectVersion:   Dev-Physics (78F01B33-EBEA-4F98-B9B4-84EACCB95AA2): 4
LogDevObjectVersion:   Dev-Platform (6631380F-2D4D-43E0-8009-CF276956A95A): 0
LogDevObjectVersion:   Dev-Rendering (12F88B9F-8875-4AFC-A67C-D90C383ABD29): 43
LogDevObjectVersion:   Dev-Sequencer (7B5AE74C-D270-4C10-A958-57980B212A5A): 12
LogDevObjectVersion:   Dev-VR (D7296918-1DD6-4BDD-9DE2-64A83CC13884): 3
LogDevObjectVersion:   Dev-LoadTimes (C2A15278-BFE7-4AFE-6C17-90FF531DF755): 1
LogDevObjectVersion:   Private-Geometry (6EACA3D4-40EC-4CC1-B786-8BED09428FC5): 3
LogDevObjectVersion:   Dev-AnimPhys (29E575DD-E0A3-4627-9D10-D276232CDCEA): 17
LogDevObjectVersion:   Dev-Anim (AF43A65D-7FD3-4947-9873-3E8ED9C1BB05): 7
LogDevObjectVersion:   Dev-ReflectionCapture (6B266CEC-1EC7-4B8F-A30B-E4D90942FC07): 1
LogDevObjectVersion:   Dev-Automation (0DF73D61-A23F-47EA-B727-89E90C41499A): 1
LogDevObjectVersion:   FortniteMain (601D1886-AC64-4F84-AA16-D3DE0DEAC7D6): 31
LogDevObjectVersion:   Dev-Enterprise (9DFFBCD6-494F-0158-E221-12823C92A888): 10
LogDevObjectVersion:   Dev-Niagara (F2AED0AC-9AFE-416F-8664-AA7FFA26D6FC): 1
LogDevObjectVersion:   Dev-Destruction (174F1F0B-B4C6-45A5-B13F-2EE8D0FB917D): 10
LogDevObjectVersion:   Dev-Physics-Ext (35F94A83-E258-406C-A318-09F59610247C): 37
LogDevObjectVersion:   Dev-PhysicsMaterial-Chaos (B68FC16E-8B1B-42E2-B453-215C058844FE): 1
LogDevObjectVersion:   Dev-CineCamera (B2E18506-4273-CFC2-A54E-F4BB758BBA07): 1
LogInit: Presizing for max 25165824 objects, including 0 objects not considered by GC, pre-allocating 0 bytes for permanent pool.
LogConfig: Applying CVar settings from Section [/Script/Engine.StreamingSettings] File [C:/Users/zekra/Documents/UE/Projects/LostWorld/Saved/Config/Windows/Engine.ini]
LogConfig: Setting CVar [[s.MinBulkDataSizeForAsyncLoading:131072]]
LogConfig: Setting CVar [[s.AsyncLoadingThreadEnabled:0]]
LogConfig: Setting CVar [[s.EventDrivenLoaderEnabled:1]]
LogConfig: Setting CVar [[s.WarnIfTimeLimitExceeded:0]]
LogConfig: Setting CVar [[s.TimeLimitExceededMultiplier:1.5]]
LogConfig: Setting CVar [[s.TimeLimitExceededMinTime:0.005]]
LogConfig: Setting CVar [[s.UseBackgroundLevelStreaming:1]]
LogConfig: Setting CVar [[s.PriorityAsyncLoadingExtraTime:15.0]]
LogConfig: Setting CVar [[s.LevelStreamingActorsUpdateTimeLimit:5.0]]
LogConfig: Setting CVar [[s.PriorityLevelStreamingActorsUpdateExtraTime:5.0]]
LogConfig: Setting CVar [[s.LevelStreamingComponentsRegistrationGranularity:10]]
LogConfig: Setting CVar [[s.UnregisterComponentsTimeLimit:1.0]]
LogConfig: Setting CVar [[s.LevelStreamingComponentsUnregistrationGranularity:5]]
LogConfig: Setting CVar [[s.FlushStreamingOnExit:1]]
LogInit: Object subsystem initialized
LogConfig: Setting CVar [[con.DebugEarlyDefault:1]]
LogConfig: Setting CVar [[r.setres:1280x720]]
[2024.09.23-02.24.11:916][  0]LogConfig: Setting CVar [[r.VSync:0]]
[2024.09.23-02.24.11:916][  0]LogConfig: Setting CVar [[r.RHICmdBypass:0]]
[2024.09.23-02.24.11:916][  0]LogConfig: Applying CVar settings from Section [/Script/Engine.RendererSettings] File [C:/Users/zekra/Documents/UE/Projects/LostWorld/Saved/Config/Windows/Engine.ini]
[2024.09.23-02.24.11:916][  0]LogConfig: Setting CVar [[r.GPUCrashDebugging:0]]
[2024.09.23-02.24.11:916][  0]LogConfig: Setting CVar [[r.Mobile.DisableVertexFog:1]]
[2024.09.23-02.24.11:916][  0]LogConfig: Setting CVar [[r.Shadow.CSM.MaxMobileCascades:2]]
[2024.09.23-02.24.11:916][  0]LogConfig: Setting CVar [[r.MobileMSAA:1]]
[2024.09.23-02.24.11:916][  0]LogConfig: Setting CVar [[r.Mobile.UseLegacyShadingModel:0]]
[2024.09.23-02.24.11:916][  0]LogConfig: Setting CVar [[r.Mobile.AllowDitheredLODTransition:0]]
[2024.09.23-02.24.11:916][  0]LogConfig: Setting CVar [[r.Mobile.AllowSoftwareOcclusion:0]]
[2024.09.23-02.24.11:916][  0]LogConfig: Setting CVar [[r.Mobile.VirtualTextures:0]]
[2024.09.23-02.24.11:916][  0]LogConfig: Setting CVar [[r.DiscardUnusedQuality:0]]
[2024.09.23-02.24.11:916][  0]LogConfig: Setting CVar [[r.AllowOcclusionQueries:1]]
[2024.09.23-02.24.11:916][  0]LogConfig: Setting CVar [[r.MinScreenRadiusForLights:0.030000]]
[2024.09.23-02.24.11:916][  0]LogConfig: Setting CVar [[r.MinScreenRadiusForDepthPrepass:0.030000]]
[2024.09.23-02.24.11:916][  0]LogConfig: Setting CVar [[r.MinScreenRadiusForCSMDepth:0.010000]]
[2024.09.23-02.24.11:916][  0]LogConfig: Setting CVar [[r.PrecomputedVisibilityWarning:0]]
[2024.09.23-02.24.11:916][  0]LogConfig: Setting CVar [[r.TextureStreaming:1]]
[2024.09.23-02.24.11:916][  0]LogConfig: Setting CVar [[Compat.UseDXT5NormalMaps:0]]
[2024.09.23-02.24.11:916][  0]LogConfig: Setting CVar [[r.VirtualTextures:0]]
[2024.09.23-02.24.11:916][  0]LogConfig: Setting CVar [[r.VirtualTexturedLightmaps:0]]
[2024.09.23-02.24.11:916][  0]LogConfig: Setting CVar [[r.VT.TileSize:128]]
[2024.09.23-02.24.11:916][  0]LogConfig: Setting CVar [[r.VT.TileBorderSize:4]]
[2024.09.23-02.24.11:916][  0]LogConfig: Setting CVar [[r.vt.FeedbackFactor:16]]
[2024.09.23-02.24.11:916][  0]LogConfig: Setting CVar [[r.VT.EnableCompressZlib:1]]
[2024.09.23-02.24.11:916][  0]LogConfig: Setting CVar [[r.VT.EnableCompressCrunch:0]]
[2024.09.23-02.24.11:916][  0]LogConfig: Setting CVar [[r.ClearCoatNormal:0]]
[2024.09.23-02.24.11:916][  0]LogConfig: Setting CVar [[r.AnisotropicBRDF:0]]
[2024.09.23-02.24.11:916][  0]LogConfig: Setting CVar [[r.ReflectionCaptureResolution:128]]
[2024.09.23-02.24.11:916][  0]LogConfig: Setting CVar [[r.ReflectionEnvironmentLightmapMixBasedOnRoughness:1]]
[2024.09.23-02.24.11:916][  0]LogConfig: Setting CVar [[r.ForwardShading:0]]
[2024.09.23-02.24.11:916][  0]LogConfig: Setting CVar [[r.VertexFoggingForOpaque:1]]
[2024.09.23-02.24.11:916][  0]LogConfig: Setting CVar [[r.AllowStaticLighting:1]]
[2024.09.23-02.24.11:916][  0]LogConfig: Setting CVar [[r.NormalMapsForStaticLighting:0]]
[2024.09.23-02.24.11:916][  0]LogConfig: Setting CVar [[r.GenerateMeshDistanceFields:0]]
[2024.09.23-02.24.11:916][  0]LogConfig: Setting CVar [[r.DistanceFieldBuild.EightBit:0]]
[2024.09.23-02.24.11:916][  0]LogConfig: Setting CVar [[r.GenerateLandscapeGIData:0]]
[2024.09.23-02.24.11:916][  0]LogConfig: Setting CVar [[r.DistanceFieldBuild.Compress:0]]
[2024.09.23-02.24.11:916][  0]LogConfig: Setting CVar [[r.TessellationAdaptivePixelsPerTriangle:48.000000]]
[2024.09.23-02.24.11:916][  0]LogConfig: Setting CVar [[r.SeparateTranslucency:1]]
[2024.09.23-02.24.11:916][  0]LogConfig: Setting CVar [[r.TranslucentSortPolicy:0]]
[2024.09.23-02.24.11:916][  0]LogConfig: Setting CVar [[r.CustomDepth:1]]
[2024.09.23-02.24.11:916][  0]LogConfig: Setting CVar [[r.CustomDepthTemporalAAJitter:1]]
[2024.09.23-02.24.11:916][  0]LogConfig: Setting CVar [[r.PostProcessing.PropagateAlpha:0]]
[2024.09.23-02.24.11:916][  0]LogConfig: Setting CVar [[r.DefaultFeature.Bloom:1]]
[2024.09.23-02.24.11:916][  0]LogConfig: Setting CVar [[r.DefaultFeature.AmbientOcclusion:1]]
[2024.09.23-02.24.11:916][  0]LogConfig: Setting CVar [[r.DefaultFeature.AmbientOcclusionStaticFraction:1]]
[2024.09.23-02.24.11:916][  0]LogConfig: Setting CVar [[r.DefaultFeature.AutoExposure:0]]
[2024.09.23-02.24.11:916][  0]LogConfig: Setting CVar [[r.DefaultFeature.AutoExposure.Method:0]]
[2024.09.23-02.24.11:916][  0]LogConfig: Setting CVar [[r.DefaultFeature.AutoExposure.Bias:1.000000]]
[2024.09.23-02.24.11:916][  0]LogConfig: Setting CVar [[r.DefaultFeature.AutoExposure.ExtendDefaultLuminanceRange:0]]
[2024.09.23-02.24.11:916][  0]LogConfig: Setting CVar [[r.UsePreExposure:1]]
[2024.09.23-02.24.11:916][  0]LogConfig: Setting CVar [[r.EyeAdaptation.EditorOnly:0]]
[2024.09.23-02.24.11:916][  0]LogConfig: Setting CVar [[r.DefaultFeature.MotionBlur:0]]
[2024.09.23-02.24.11:916][  0]LogConfig: Setting CVar [[r.DefaultFeature.LensFlare:0]]
[2024.09.23-02.24.11:916][  0]LogConfig: Setting CVar [[r.TemporalAA.Upsampling:0]]
[2024.09.23-02.24.11:916][  0]LogConfig: Setting CVar [[r.SSGI.Enable:0]]
[2024.09.23-02.24.11:916][  0]LogConfig: Setting CVar [[r.DefaultFeature.AntiAliasing:0]]
[2024.09.23-02.24.11:916][  0]LogConfig: Setting CVar [[r.DefaultFeature.LightUnits:1]]
[2024.09.23-02.24.11:916][  0]LogConfig: Setting CVar [[r.DefaultBackBufferPixelFormat:4]]
[2024.09.23-02.24.11:916][  0]LogConfig: Setting CVar [[r.Shadow.UnbuiltPreviewInGame:1]]
[2024.09.23-02.24.11:916][  0]LogConfig: Setting CVar [[r.StencilForLODDither:0]]
[2024.09.23-02.24.11:916][  0]LogConfig: Setting CVar [[r.EarlyZPass:3]]
[2024.09.23-02.24.11:916][  0]LogConfig: Setting CVar [[r.EarlyZPassOnlyMaterialMasking:0]]
[2024.09.23-02.24.11:916][  0]LogConfig: Setting CVar [[r.DBuffer:1]]
[2024.09.23-02.24.11:916][  0]LogConfig: Setting CVar [[r.ClearSceneMethod:1]]
[2024.09.23-02.24.11:916][  0]LogConfig: Setting CVar [[r.BasePassOutputsVelocity:0]]
[2024.09.23-02.24.11:916][  0]LogConfig: Setting CVar [[r.VertexDeformationOutputsVelocity:0]]
[2024.09.23-02.24.11:916][  0]LogConfig: Setting CVar [[r.SelectiveBasePassOutputs:0]]
[2024.09.23-02.24.11:917][  0]LogConfig: Setting CVar [[fx.GPUSimulationTextureSizeX:1024]]
[2024.09.23-02.24.11:917][  0]LogConfig: Setting CVar [[fx.GPUSimulationTextureSizeY:1024]]
[2024.09.23-02.24.11:917][  0]LogConfig: Setting CVar [[r.AllowGlobalClipPlane:0]]
[2024.09.23-02.24.11:917][  0]LogConfig: Setting CVar [[r.GBufferFormat:1]]
[2024.09.23-02.24.11:917][  0]LogConfig: Setting CVar [[r.MorphTarget.Mode:1]]
[2024.09.23-02.24.11:917][  0]LogConfig: Setting CVar [[vr.InstancedStereo:0]]
[2024.09.23-02.24.11:917][  0]LogConfig: Setting CVar [[r.MobileHDR:1]]
[2024.09.23-02.24.11:917][  0]LogConfig: Setting CVar [[vr.MobileMultiView:0]]
[2024.09.23-02.24.11:917][  0]LogConfig: Setting CVar [[r.Mobile.UseHWsRGBEncoding:0]]
[2024.09.23-02.24.11:917][  0]LogConfig: Setting CVar [[vr.RoundRobinOcclusion:0]]
[2024.09.23-02.24.11:917][  0]LogConfig: Setting CVar [[vr.ODSCapture:0]]
[2024.09.23-02.24.11:917][  0]LogConfig: Setting CVar [[r.MeshStreaming:0]]
[2024.09.23-02.24.11:917][  0]LogConfig: Setting CVar [[r.WireframeCullThreshold:5.000000]]
[2024.09.23-02.24.11:917][  0]LogConfig: Setting CVar [[r.RayTracing:0]]
[2024.09.23-02.24.11:917][  0]LogConfig: Setting CVar [[r.RayTracing.UseTextureLod:0]]
[2024.09.23-02.24.11:917][  0]LogConfig: Setting CVar [[r.SupportStationarySkylight:1]]
[2024.09.23-02.24.11:917][  0]LogConfig: Setting CVar [[r.SupportLowQualityLightmaps:1]]
[2024.09.23-02.24.11:917][  0]LogConfig: Setting CVar [[r.SupportPointLightWholeSceneShadows:1]]
[2024.09.23-02.24.11:917][  0]LogConfig: Setting CVar [[r.SupportAtmosphericFog:1]]
[2024.09.23-02.24.11:917][  0]LogConfig: Setting CVar [[r.SupportSkyAtmosphere:1]]
[2024.09.23-02.24.11:917][  0]LogConfig: Setting CVar [[r.SupportSkyAtmosphereAffectsHeightFog:0]]
[2024.09.23-02.24.11:917][  0]LogConfig: Setting CVar [[r.SkinCache.CompileShaders:0]]
[2024.09.23-02.24.11:917][  0]LogConfig: Setting CVar [[r.SkinCache.DefaultBehavior:1]]
[2024.09.23-02.24.11:917][  0]LogConfig: Setting CVar [[r.SkinCache.SceneMemoryLimitInMB:128.000000]]
[2024.09.23-02.24.11:917][  0]LogConfig: Setting CVar [[r.Mobile.EnableStaticAndCSMShadowReceivers:1]]
[2024.09.23-02.24.11:917][  0]LogConfig: Setting CVar [[r.Mobile.EnableMovableLightCSMShaderCulling:1]]
[2024.09.23-02.24.11:917][  0]LogConfig: Setting CVar [[r.Mobile.AllowDistanceFieldShadows:1]]
[2024.09.23-02.24.11:917][  0]LogConfig: Setting CVar [[r.Mobile.AllowMovableDirectionalLights:1]]
[2024.09.23-02.24.11:917][  0]LogConfig: Setting CVar [[r.MobileNumDynamicPointLights:4]]
[2024.09.23-02.24.11:917][  0]LogConfig: Setting CVar [[r.MobileDynamicPointLightsUseStaticBranch:1]]
[2024.09.23-02.24.11:917][  0]LogConfig: Setting CVar [[r.Mobile.EnableMovableSpotlights:0]]
[2024.09.23-02.24.11:917][  0]LogConfig: Setting CVar [[r.GPUSkin.Support16BitBoneIndex:0]]
[2024.09.23-02.24.11:917][  0]LogConfig: Setting CVar [[r.GPUSkin.Limit2BoneInfluences:0]]
[2024.09.23-02.24.11:917][  0]LogConfig: Setting CVar [[r.SupportDepthOnlyIndexBuffers:1]]
[2024.09.23-02.24.11:917][  0]LogConfig: Setting CVar [[r.SupportReversedIndexBuffers:1]]
[2024.09.23-02.24.11:917][  0]LogConfig: Setting CVar [[r.SupportMaterialLayers:0]]
[2024.09.23-02.24.11:917][  0]LogConfig: Setting CVar [[r.LightPropagationVolume:0]]
[2024.09.23-02.24.11:917][  0]LogConfig: Applying CVar settings from Section [/Script/Engine.RendererOverrideSettings] File [C:/Users/zekra/Documents/UE/Projects/LostWorld/Saved/Config/Windows/Engine.ini]
[2024.09.23-02.24.11:917][  0]LogConfig: Applying CVar settings from Section [/Script/Engine.StreamingSettings] File [C:/Users/zekra/Documents/UE/Projects/LostWorld/Saved/Config/Windows/Engine.ini]
[2024.09.23-02.24.11:917][  0]LogConfig: Setting CVar [[s.MinBulkDataSizeForAsyncLoading:131072]]
[2024.09.23-02.24.11:917][  0]LogConfig: Setting CVar [[s.AsyncLoadingThreadEnabled:0]]
[2024.09.23-02.24.11:917][  0]LogConfig: Setting CVar [[s.EventDrivenLoaderEnabled:1]]
[2024.09.23-02.24.11:917][  0]LogConfig: Setting CVar [[s.WarnIfTimeLimitExceeded:0]]
[2024.09.23-02.24.11:917][  0]LogConfig: Setting CVar [[s.TimeLimitExceededMultiplier:1.5]]
[2024.09.23-02.24.11:917][  0]LogConfig: Setting CVar [[s.TimeLimitExceededMinTime:0.005]]
[2024.09.23-02.24.11:917][  0]LogConfig: Setting CVar [[s.UseBackgroundLevelStreaming:1]]
[2024.09.23-02.24.11:917][  0]LogConfig: Setting CVar [[s.PriorityAsyncLoadingExtraTime:15.0]]
[2024.09.23-02.24.11:917][  0]LogConfig: Setting CVar [[s.LevelStreamingActorsUpdateTimeLimit:5.0]]
[2024.09.23-02.24.11:917][  0]LogConfig: Setting CVar [[s.PriorityLevelStreamingActorsUpdateExtraTime:5.0]]
[2024.09.23-02.24.11:917][  0]LogConfig: Setting CVar [[s.LevelStreamingComponentsRegistrationGranularity:10]]
[2024.09.23-02.24.11:917][  0]LogConfig: Setting CVar [[s.UnregisterComponentsTimeLimit:1.0]]
[2024.09.23-02.24.11:917][  0]LogConfig: Setting CVar [[s.LevelStreamingComponentsUnregistrationGranularity:5]]
[2024.09.23-02.24.11:917][  0]LogConfig: Setting CVar [[s.FlushStreamingOnExit:1]]
[2024.09.23-02.24.11:917][  0]LogConfig: Applying CVar settings from Section [/Script/Engine.GarbageCollectionSettings] File [C:/Users/zekra/Documents/UE/Projects/LostWorld/Saved/Config/Windows/Engine.ini]
[2024.09.23-02.24.11:917][  0]LogConfig: Setting CVar [[gc.MaxObjectsNotConsideredByGC:1]]
[2024.09.23-02.24.11:917][  0]LogConfig: Setting CVar [[gc.SizeOfPermanentObjectPool:0]]
[2024.09.23-02.24.11:917][  0]LogConfig: Setting CVar [[gc.FlushStreamingOnGC:0]]
[2024.09.23-02.24.11:917][  0]LogConfig: Setting CVar [[gc.NumRetriesBeforeForcingGC:10]]
[2024.09.23-02.24.11:917][  0]LogConfig: Setting CVar [[gc.AllowParallelGC:1]]
[2024.09.23-02.24.11:917][  0]LogConfig: Setting CVar [[gc.TimeBetweenPurgingPendingKillObjects:61.1]]
[2024.09.23-02.24.11:917][  0]LogConfig: Setting CVar [[gc.MaxObjectsInEditor:25165824]]
[2024.09.23-02.24.11:917][  0]LogConfig: Setting CVar [[gc.IncrementalBeginDestroyEnabled:1]]
[2024.09.23-02.24.11:917][  0]LogConfig: Setting CVar [[gc.CreateGCClusters:1]]
[2024.09.23-02.24.11:917][  0]LogConfig: Setting CVar [[gc.MinGCClusterSize:5]]
[2024.09.23-02.24.11:917][  0]LogConfig: Setting CVar [[gc.ActorClusteringEnabled:0]]
[2024.09.23-02.24.11:917][  0]LogConfig: Setting CVar [[gc.BlueprintClusteringEnabled:0]]
[2024.09.23-02.24.11:917][  0]LogConfig: Setting CVar [[gc.UseDisregardForGCOnDedicatedServers:0]]
[2024.09.23-02.24.11:917][  0]LogConfig: Applying CVar settings from Section [/Script/Engine.NetworkSettings] File [C:/Users/zekra/Documents/UE/Projects/LostWorld/Saved/Config/Windows/Engine.ini]
[2024.09.23-02.24.11:917][  0]LogConfig: Applying CVar settings from Section [/Script/UnrealEd.CookerSettings] File [C:/Users/zekra/Documents/UE/Projects/LostWorld/Saved/Config/Windows/Engine.ini]
[2024.09.23-02.24.11:921][  0]LogConfig: Applying CVar settings from Section [ViewDistanceQuality@3] File [C:/Users/zekra/Documents/UE/Projects/LostWorld/Saved/Config/Windows/Scalability.ini]
[2024.09.23-02.24.11:921][  0]LogConfig: Setting CVar [[r.SkeletalMeshLODBias:0]]
[2024.09.23-02.24.11:921][  0]LogConfig: Setting CVar [[r.ViewDistanceScale:1.0]]
[2024.09.23-02.24.11:921][  0]LogConfig: Applying CVar settings from Section [AntiAliasingQuality@3] File [C:/Users/zekra/Documents/UE/Projects/LostWorld/Saved/Config/Windows/Scalability.ini]
[2024.09.23-02.24.11:921][  0]LogConfig: Setting CVar [[r.PostProcessAAQuality:4]]
[2024.09.23-02.24.11:921][  0]LogConfig: Applying CVar settings from Section [ShadowQuality@3] File [C:/Users/zekra/Documents/UE/Projects/LostWorld/Saved/Config/Windows/Scalability.ini]
[2024.09.23-02.24.11:921][  0]LogConfig: Setting CVar [[r.LightFunctionQuality:1]]
[2024.09.23-02.24.11:921][  0]LogConfig: Setting CVar [[r.ShadowQuality:5]]
[2024.09.23-02.24.11:921][  0]LogConfig: Setting CVar [[r.Shadow.CSM.MaxCascades:10]]
[2024.09.23-02.24.11:921][  0]LogConfig: Setting CVar [[r.Shadow.MaxResolution:2048]]
[2024.09.23-02.24.11:921][  0]LogConfig: Setting CVar [[r.Shadow.MaxCSMResolution:2048]]
[2024.09.23-02.24.11:921][  0]LogConfig: Setting CVar [[r.Shadow.RadiusThreshold:0.01]]
[2024.09.23-02.24.11:921][  0]LogConfig: Setting CVar [[r.Shadow.DistanceScale:1.0]]
[2024.09.23-02.24.11:921][  0]LogConfig: Setting CVar [[r.Shadow.CSM.TransitionScale:1.0]]
[2024.09.23-02.24.11:921][  0]LogConfig: Setting CVar [[r.Shadow.PreShadowResolutionFactor:1.0]]
[2024.09.23-02.24.11:921][  0]LogConfig: Setting CVar [[r.DistanceFieldShadowing:1]]
[2024.09.23-02.24.11:921][  0]LogConfig: Setting CVar [[r.DistanceFieldAO:1]]
[2024.09.23-02.24.11:921][  0]LogConfig: Setting CVar [[r.AOQuality:2]]
[2024.09.23-02.24.11:921][  0]LogConfig: Setting CVar [[r.VolumetricFog:1]]
[2024.09.23-02.24.11:921][  0]LogConfig: Setting CVar [[r.VolumetricFog.GridPixelSize:8]]
[2024.09.23-02.24.11:921][  0]LogConfig: Setting CVar [[r.VolumetricFog.GridSizeZ:128]]
[2024.09.23-02.24.11:921][  0]LogConfig: Setting CVar [[r.VolumetricFog.HistoryMissSupersampleCount:4]]
[2024.09.23-02.24.11:921][  0]LogConfig: Setting CVar [[r.LightMaxDrawDistanceScale:1]]
[2024.09.23-02.24.11:921][  0]LogConfig: Setting CVar [[r.CapsuleShadows:1]]
[2024.09.23-02.24.11:921][  0]LogConfig: Applying CVar settings from Section [PostProcessQuality@3] File [C:/Users/zekra/Documents/UE/Projects/LostWorld/Saved/Config/Windows/Scalability.ini]
[2024.09.23-02.24.11:921][  0]LogConfig: Setting CVar [[r.MotionBlurQuality:4]]
[2024.09.23-02.24.11:921][  0]LogConfig: Setting CVar [[r.AmbientOcclusionMipLevelFactor:0.4]]
[2024.09.23-02.24.11:921][  0]LogConfig: Setting CVar [[r.AmbientOcclusionMaxQuality:100]]
[2024.09.23-02.24.11:921][  0]LogConfig: Setting CVar [[r.AmbientOcclusionLevels:-1]]
[2024.09.23-02.24.11:921][  0]LogConfig: Setting CVar [[r.AmbientOcclusionRadiusScale:1.0]]
[2024.09.23-02.24.11:921][  0]LogConfig: Setting CVar [[r.DepthOfFieldQuality:2]]
[2024.09.23-02.24.11:921][  0]LogConfig: Setting CVar [[r.RenderTargetPoolMin:400]]
[2024.09.23-02.24.11:921][  0]LogConfig: Setting CVar [[r.LensFlareQuality:2]]
[2024.09.23-02.24.11:921][  0]LogConfig: Setting CVar [[r.SceneColorFringeQuality:1]]
[2024.09.23-02.24.11:921][  0]LogConfig: Setting CVar [[r.EyeAdaptationQuality:2]]
[2024.09.23-02.24.11:921][  0]LogConfig: Setting CVar [[r.BloomQuality:5]]
[2024.09.23-02.24.11:921][  0]LogConfig: Setting CVar [[r.FastBlurThreshold:100]]
[2024.09.23-02.24.11:921][  0]LogConfig: Setting CVar [[r.Upscale.Quality:3]]
[2024.09.23-02.24.11:921][  0]LogConfig: Setting CVar [[r.Tonemapper.GrainQuantization:1]]
[2024.09.23-02.24.11:921][  0]LogConfig: Setting CVar [[r.LightShaftQuality:1]]
[2024.09.23-02.24.11:921][  0]LogConfig: Setting CVar [[r.Filter.SizeScale:1]]
[2024.09.23-02.24.11:921][  0]LogConfig: Setting CVar [[r.Tonemapper.Quality:5]]
[2024.09.23-02.24.11:921][  0]LogConfig: Setting CVar [[r.DOF.Gather.AccumulatorQuality:1        ; higher gathering accumulator quality]]
[2024.09.23-02.24.11:921][  0]LogConfig: Setting CVar [[r.DOF.Gather.PostfilterMethod:1          ; Median3x3 postfilering method]]
[2024.09.23-02.24.11:921][  0]LogConfig: Setting CVar [[r.DOF.Gather.EnableBokehSettings:0       ; no bokeh simulation when gathering]]
[2024.09.23-02.24.11:921][  0]LogConfig: Setting CVar [[r.DOF.Gather.RingCount:4                 ; medium number of samples when gathering]]
[2024.09.23-02.24.11:921][  0]LogConfig: Setting CVar [[r.DOF.Scatter.ForegroundCompositing:1    ; additive foreground scattering]]
[2024.09.23-02.24.11:921][  0]LogConfig: Setting CVar [[r.DOF.Scatter.BackgroundCompositing:2    ; additive background scattering]]
[2024.09.23-02.24.11:921][  0]LogConfig: Setting CVar [[r.DOF.Scatter.EnableBokehSettings:1      ; bokeh simulation when scattering]]
[2024.09.23-02.24.11:921][  0]LogConfig: Setting CVar [[r.DOF.Scatter.MaxSpriteRatio:0.1         ; only a maximum of 10% of scattered bokeh]]
[2024.09.23-02.24.11:921][  0]LogConfig: Setting CVar [[r.DOF.Recombine.Quality:1                ; cheap slight out of focus]]
[2024.09.23-02.24.11:922][  0]LogConfig: Setting CVar [[r.DOF.Recombine.EnableBokehSettings:0    ; no bokeh simulation on slight out of focus]]
[2024.09.23-02.24.11:922][  0]LogConfig: Setting CVar [[r.DOF.TemporalAAQuality:1                ; more stable temporal accumulation]]
[2024.09.23-02.24.11:922][  0]LogConfig: Setting CVar [[r.DOF.Kernel.MaxForegroundRadius:0.025]]
[2024.09.23-02.24.11:922][  0]LogConfig: Setting CVar [[r.DOF.Kernel.MaxBackgroundRadius:0.025]]
[2024.09.23-02.24.11:922][  0]LogConfig: Applying CVar settings from Section [TextureQuality@3] File [C:/Users/zekra/Documents/UE/Projects/LostWorld/Saved/Config/Windows/Scalability.ini]
[2024.09.23-02.24.11:922][  0]LogConfig: Setting CVar [[r.Streaming.MipBias:0]]
[2024.09.23-02.24.11:922][  0]LogConfig: Setting CVar [[r.Streaming.AmortizeCPUToGPUCopy:0]]
[2024.09.23-02.24.11:922][  0]LogConfig: Setting CVar [[r.Streaming.MaxNumTexturesToStreamPerFrame:0]]
[2024.09.23-02.24.11:922][  0]LogConfig: Setting CVar [[r.Streaming.Boost:1]]
[2024.09.23-02.24.11:922][  0]LogConfig: Setting CVar [[r.MaxAnisotropy:8]]
[2024.09.23-02.24.11:922][  0]LogConfig: Setting CVar [[r.VT.MaxAnisotropy:8]]
[2024.09.23-02.24.11:922][  0]LogConfig: Setting CVar [[r.Streaming.LimitPoolSizeToVRAM:0]]
[2024.09.23-02.24.11:922][  0]LogConfig: Setting CVar [[r.Streaming.PoolSize:1000]]
[2024.09.23-02.24.11:922][  0]LogConfig: Setting CVar [[r.Streaming.MaxEffectiveScreenSize:0]]
[2024.09.23-02.24.11:922][  0]LogConfig: Applying CVar settings from Section [EffectsQuality@3] File [C:/Users/zekra/Documents/UE/Projects/LostWorld/Saved/Config/Windows/Scalability.ini]
[2024.09.23-02.24.11:922][  0]LogConfig: Setting CVar [[r.TranslucencyLightingVolumeDim:64]]
[2024.09.23-02.24.11:922][  0]LogConfig: Setting CVar [[r.RefractionQuality:2]]
[2024.09.23-02.24.11:922][  0]LogConfig: Setting CVar [[r.SSR.Quality:3]]
[2024.09.23-02.24.11:922][  0]LogConfig: Setting CVar [[r.SSR.HalfResSceneColor:0]]
[2024.09.23-02.24.11:922][  0]LogConfig: Setting CVar [[r.SceneColorFormat:4]]
[2024.09.23-02.24.11:922][  0]LogConfig: Setting CVar [[r.DetailMode:2]]
[2024.09.23-02.24.11:922][  0]LogConfig: Setting CVar [[r.TranslucencyVolumeBlur:1]]
[2024.09.23-02.24.11:922][  0]LogConfig: Setting CVar [[r.MaterialQualityLevel:1 ; High quality]]
[2024.09.23-02.24.11:922][  0]LogConfig: Setting CVar [[r.SSS.Scale:1]]
[2024.09.23-02.24.11:922][  0]LogConfig: Setting CVar [[r.SSS.SampleSet:2]]
[2024.09.23-02.24.11:922][  0]LogConfig: Setting CVar [[r.SSS.Quality:1]]
[2024.09.23-02.24.11:922][  0]LogConfig: Setting CVar [[r.SSS.HalfRes:0]]
[2024.09.23-02.24.11:922][  0]LogConfig: Setting CVar [[r.SSGI.Quality:3]]
[2024.09.23-02.24.11:922][  0]LogConfig: Setting CVar [[r.EmitterSpawnRateScale:1.0]]
[2024.09.23-02.24.11:922][  0]LogConfig: Setting CVar [[r.ParticleLightQuality:2]]
[2024.09.23-02.24.11:922][  0]LogConfig: Setting CVar [[r.SkyAtmosphere.AerialPerspectiveLUT.FastApplyOnOpaque:1 ; Always have FastSkyLUT 1 in this case to avoid wrong sky]]
[2024.09.23-02.24.11:922][  0]LogConfig: Setting CVar [[r.SkyAtmosphere.AerialPerspectiveLUT.SampleCountPerSlice:1]]
[2024.09.23-02.24.11:922][  0]LogConfig: Setting CVar [[r.SkyAtmosphere.AerialPerspectiveLUT.DepthResolution:16.0]]
[2024.09.23-02.24.11:922][  0]LogConfig: Setting CVar [[r.SkyAtmosphere.FastSkyLUT:1]]
[2024.09.23-02.24.11:922][  0]LogConfig: Setting CVar [[r.SkyAtmosphere.FastSkyLUT.SampleCountMin:4.0]]
[2024.09.23-02.24.11:922][  0]LogConfig: Setting CVar [[r.SkyAtmosphere.FastSkyLUT.SampleCountMax:32.0]]
[2024.09.23-02.24.11:922][  0]LogConfig: Setting CVar [[r.SkyAtmosphere.SampleCountMin:4.0]]
[2024.09.23-02.24.11:922][  0]LogConfig: Setting CVar [[r.SkyAtmosphere.SampleCountMax:32.0]]
[2024.09.23-02.24.11:922][  0]LogConfig: Setting CVar [[r.SkyAtmosphere.TransmittanceLUT.UseSmallFormat:0]]
[2024.09.23-02.24.11:922][  0]LogConfig: Setting CVar [[r.SkyAtmosphere.TransmittanceLUT.SampleCount:10.0]]
[2024.09.23-02.24.11:922][  0]LogConfig: Setting CVar [[r.SkyAtmosphere.MultiScatteringLUT.SampleCount:15.0]]
[2024.09.23-02.24.11:922][  0]LogConfig: Applying CVar settings from Section [FoliageQuality@3] File [C:/Users/zekra/Documents/UE/Projects/LostWorld/Saved/Config/Windows/Scalability.ini]
[2024.09.23-02.24.11:922][  0]LogConfig: Setting CVar [[foliage.DensityScale:1.0]]
[2024.09.23-02.24.11:922][  0]LogConfig: Setting CVar [[grass.DensityScale:1.0]]
[2024.09.23-02.24.11:922][  0]LogConfig: Applying CVar settings from Section [ShadingQuality@3] File [C:/Users/zekra/Documents/UE/Projects/LostWorld/Saved/Config/Windows/Scalability.ini]
[2024.09.23-02.24.11:922][  0]LogConfig: Setting CVar [[r.HairStrands.SkyLighting.SampleCount:16]]
[2024.09.23-02.24.11:922][  0]LogConfig: Setting CVar [[r.HairStrands.SkyLighting.JitterIntegration:0]]
[2024.09.23-02.24.11:922][  0]LogConfig: Setting CVar [[r.HairStrands.SkyAO.SampleCount:16]]
[2024.09.23-02.24.11:922][  0]LogConfig: Setting CVar [[r.HairStrands.DeepShadow.SuperSampling:0]]
[2024.09.23-02.24.11:922][  0]LogConfig: Setting CVar [[r.HairStrands.VisibilityPPLL:0]]
[2024.09.23-02.24.11:922][  0]LogConfig: Setting CVar [[r.HairStrands.RasterizationScale:0.5]]
[2024.09.23-02.24.11:922][  0]LogConfig: Setting CVar [[r.HairStrands.VelocityRasterizationScale:1]]
[2024.09.23-02.24.11:922][  0]LogInit: Selected Device Profile: [Windows]
[2024.09.23-02.24.11:922][  0]LogInit: Applying CVar settings loaded from the selected device profile: [Windows]
[2024.09.23-02.24.11:922][  0]LogHAL: Display: Platform has ~ 32 GB [34275143680 / 34359738368 / 32], which maps to Largest [LargestMinGB=32, LargerMinGB=12, DefaultMinGB=8, SmallerMinGB=6, SmallestMinGB=0)
[2024.09.23-02.24.11:922][  0]LogInit: Going up to parent DeviceProfile []
[2024.09.23-02.24.11:922][  0]LogConfig: Applying CVar settings from Section [ViewDistanceQuality@3] File [C:/Users/zekra/Documents/UE/Projects/LostWorld/Saved/Config/Windows/Scalability.ini]
[2024.09.23-02.24.11:922][  0]LogConfig: Setting CVar [[r.SkeletalMeshLODBias:0]]
[2024.09.23-02.24.11:922][  0]LogConfig: Setting CVar [[r.ViewDistanceScale:1.0]]
[2024.09.23-02.24.11:922][  0]LogConfig: Applying CVar settings from Section [AntiAliasingQuality@3] File [C:/Users/zekra/Documents/UE/Projects/LostWorld/Saved/Config/Windows/Scalability.ini]
[2024.09.23-02.24.11:922][  0]LogConfig: Setting CVar [[r.PostProcessAAQuality:4]]
[2024.09.23-02.24.11:922][  0]LogConfig: Applying CVar settings from Section [ShadowQuality@3] File [C:/Users/zekra/Documents/UE/Projects/LostWorld/Saved/Config/Windows/Scalability.ini]
[2024.09.23-02.24.11:922][  0]LogConfig: Setting CVar [[r.LightFunctionQuality:1]]
[2024.09.23-02.24.11:922][  0]LogConfig: Setting CVar [[r.ShadowQuality:5]]
[2024.09.23-02.24.11:922][  0]LogConfig: Setting CVar [[r.Shadow.CSM.MaxCascades:10]]
[2024.09.23-02.24.11:922][  0]LogConfig: Setting CVar [[r.Shadow.MaxResolution:2048]]
[2024.09.23-02.24.11:922][  0]LogConfig: Setting CVar [[r.Shadow.MaxCSMResolution:2048]]
[2024.09.23-02.24.11:922][  0]LogConfig: Setting CVar [[r.Shadow.RadiusThreshold:0.01]]
[2024.09.23-02.24.11:922][  0]LogConfig: Setting CVar [[r.Shadow.DistanceScale:1.0]]
[2024.09.23-02.24.11:922][  0]LogConfig: Setting CVar [[r.Shadow.CSM.TransitionScale:1.0]]
[2024.09.23-02.24.11:922][  0]LogConfig: Setting CVar [[r.Shadow.PreShadowResolutionFactor:1.0]]
[2024.09.23-02.24.11:922][  0]LogConfig: Setting CVar [[r.DistanceFieldShadowing:1]]
[2024.09.23-02.24.11:922][  0]LogConfig: Setting CVar [[r.DistanceFieldAO:1]]
[2024.09.23-02.24.11:922][  0]LogConfig: Setting CVar [[r.AOQuality:2]]
[2024.09.23-02.24.11:922][  0]LogConfig: Setting CVar [[r.VolumetricFog:1]]
[2024.09.23-02.24.11:922][  0]LogConfig: Setting CVar [[r.VolumetricFog.GridPixelSize:8]]
[2024.09.23-02.24.11:922][  0]LogConfig: Setting CVar [[r.VolumetricFog.GridSizeZ:128]]
[2024.09.23-02.24.11:922][  0]LogConfig: Setting CVar [[r.VolumetricFog.HistoryMissSupersampleCount:4]]
[2024.09.23-02.24.11:922][  0]LogConfig: Setting CVar [[r.LightMaxDrawDistanceScale:1]]
[2024.09.23-02.24.11:922][  0]LogConfig: Setting CVar [[r.CapsuleShadows:1]]
[2024.09.23-02.24.11:922][  0]LogConfig: Applying CVar settings from Section [PostProcessQuality@3] File [C:/Users/zekra/Documents/UE/Projects/LostWorld/Saved/Config/Windows/Scalability.ini]
[2024.09.23-02.24.11:922][  0]LogConfig: Setting CVar [[r.MotionBlurQuality:4]]
[2024.09.23-02.24.11:922][  0]LogConfig: Setting CVar [[r.AmbientOcclusionMipLevelFactor:0.4]]
[2024.09.23-02.24.11:922][  0]LogConfig: Setting CVar [[r.AmbientOcclusionMaxQuality:100]]
[2024.09.23-02.24.11:922][  0]LogConfig: Setting CVar [[r.AmbientOcclusionLevels:-1]]
[2024.09.23-02.24.11:922][  0]LogConfig: Setting CVar [[r.AmbientOcclusionRadiusScale:1.0]]
[2024.09.23-02.24.11:922][  0]LogConfig: Setting CVar [[r.DepthOfFieldQuality:2]]
[2024.09.23-02.24.11:922][  0]LogConfig: Setting CVar [[r.RenderTargetPoolMin:400]]
[2024.09.23-02.24.11:922][  0]LogConfig: Setting CVar [[r.LensFlareQuality:2]]
[2024.09.23-02.24.11:922][  0]LogConfig: Setting CVar [[r.SceneColorFringeQuality:1]]
[2024.09.23-02.24.11:922][  0]LogConfig: Setting CVar [[r.EyeAdaptationQuality:2]]
[2024.09.23-02.24.11:922][  0]LogConfig: Setting CVar [[r.BloomQuality:5]]
[2024.09.23-02.24.11:922][  0]LogConfig: Setting CVar [[r.FastBlurThreshold:100]]
[2024.09.23-02.24.11:922][  0]LogConfig: Setting CVar [[r.Upscale.Quality:3]]
[2024.09.23-02.24.11:922][  0]LogConfig: Setting CVar [[r.Tonemapper.GrainQuantization:1]]
[2024.09.23-02.24.11:923][  0]LogConfig: Setting CVar [[r.LightShaftQuality:1]]
[2024.09.23-02.24.11:923][  0]LogConfig: Setting CVar [[r.Filter.SizeScale:1]]
[2024.09.23-02.24.11:923][  0]LogConfig: Setting CVar [[r.Tonemapper.Quality:5]]
[2024.09.23-02.24.11:923][  0]LogConfig: Setting CVar [[r.DOF.Gather.AccumulatorQuality:1        ; higher gathering accumulator quality]]
[2024.09.23-02.24.11:923][  0]LogConfig: Setting CVar [[r.DOF.Gather.PostfilterMethod:1          ; Median3x3 postfilering method]]
[2024.09.23-02.24.11:923][  0]LogConfig: Setting CVar [[r.DOF.Gather.EnableBokehSettings:0       ; no bokeh simulation when gathering]]
[2024.09.23-02.24.11:923][  0]LogConfig: Setting CVar [[r.DOF.Gather.RingCount:4                 ; medium number of samples when gathering]]
[2024.09.23-02.24.11:923][  0]LogConfig: Setting CVar [[r.DOF.Scatter.ForegroundCompositing:1    ; additive foreground scattering]]
[2024.09.23-02.24.11:923][  0]LogConfig: Setting CVar [[r.DOF.Scatter.BackgroundCompositing:2    ; additive background scattering]]
[2024.09.23-02.24.11:923][  0]LogConfig: Setting CVar [[r.DOF.Scatter.EnableBokehSettings:1      ; bokeh simulation when scattering]]
[2024.09.23-02.24.11:923][  0]LogConfig: Setting CVar [[r.DOF.Scatter.MaxSpriteRatio:0.1         ; only a maximum of 10% of scattered bokeh]]
[2024.09.23-02.24.11:923][  0]LogConfig: Setting CVar [[r.DOF.Recombine.Quality:1                ; cheap slight out of focus]]
[2024.09.23-02.24.11:923][  0]LogConfig: Setting CVar [[r.DOF.Recombine.EnableBokehSettings:0    ; no bokeh simulation on slight out of focus]]
[2024.09.23-02.24.11:923][  0]LogConfig: Setting CVar [[r.DOF.TemporalAAQuality:1                ; more stable temporal accumulation]]
[2024.09.23-02.24.11:923][  0]LogConfig: Setting CVar [[r.DOF.Kernel.MaxForegroundRadius:0.025]]
[2024.09.23-02.24.11:923][  0]LogConfig: Setting CVar [[r.DOF.Kernel.MaxBackgroundRadius:0.025]]
[2024.09.23-02.24.11:923][  0]LogConfig: Applying CVar settings from Section [TextureQuality@3] File [C:/Users/zekra/Documents/UE/Projects/LostWorld/Saved/Config/Windows/Scalability.ini]
[2024.09.23-02.24.11:923][  0]LogConfig: Setting CVar [[r.Streaming.MipBias:0]]
[2024.09.23-02.24.11:923][  0]LogConfig: Setting CVar [[r.Streaming.AmortizeCPUToGPUCopy:0]]
[2024.09.23-02.24.11:923][  0]LogConfig: Setting CVar [[r.Streaming.MaxNumTexturesToStreamPerFrame:0]]
[2024.09.23-02.24.11:923][  0]LogConfig: Setting CVar [[r.Streaming.Boost:1]]
[2024.09.23-02.24.11:923][  0]LogConfig: Setting CVar [[r.MaxAnisotropy:8]]
[2024.09.23-02.24.11:923][  0]LogConfig: Setting CVar [[r.VT.MaxAnisotropy:8]]
[2024.09.23-02.24.11:923][  0]LogConfig: Setting CVar [[r.Streaming.LimitPoolSizeToVRAM:0]]
[2024.09.23-02.24.11:923][  0]LogConfig: Setting CVar [[r.Streaming.PoolSize:1000]]
[2024.09.23-02.24.11:923][  0]LogConfig: Setting CVar [[r.Streaming.MaxEffectiveScreenSize:0]]
[2024.09.23-02.24.11:923][  0]LogConfig: Applying CVar settings from Section [EffectsQuality@3] File [C:/Users/zekra/Documents/UE/Projects/LostWorld/Saved/Config/Windows/Scalability.ini]
[2024.09.23-02.24.11:923][  0]LogConfig: Setting CVar [[r.TranslucencyLightingVolumeDim:64]]
[2024.09.23-02.24.11:923][  0]LogConfig: Setting CVar [[r.RefractionQuality:2]]
[2024.09.23-02.24.11:923][  0]LogConfig: Setting CVar [[r.SSR.Quality:3]]
[2024.09.23-02.24.11:923][  0]LogConfig: Setting CVar [[r.SSR.HalfResSceneColor:0]]
[2024.09.23-02.24.11:923][  0]LogConfig: Setting CVar [[r.SceneColorFormat:4]]
[2024.09.23-02.24.11:923][  0]LogConfig: Setting CVar [[r.DetailMode:2]]
[2024.09.23-02.24.11:923][  0]LogConfig: Setting CVar [[r.TranslucencyVolumeBlur:1]]
[2024.09.23-02.24.11:923][  0]LogConfig: Setting CVar [[r.MaterialQualityLevel:1 ; High quality]]
[2024.09.23-02.24.11:923][  0]LogConfig: Setting CVar [[r.SSS.Scale:1]]
[2024.09.23-02.24.11:923][  0]LogConfig: Setting CVar [[r.SSS.SampleSet:2]]
[2024.09.23-02.24.11:923][  0]LogConfig: Setting CVar [[r.SSS.Quality:1]]
[2024.09.23-02.24.11:923][  0]LogConfig: Setting CVar [[r.SSS.HalfRes:0]]
[2024.09.23-02.24.11:923][  0]LogConfig: Setting CVar [[r.SSGI.Quality:3]]
[2024.09.23-02.24.11:923][  0]LogConfig: Setting CVar [[r.EmitterSpawnRateScale:1.0]]
[2024.09.23-02.24.11:923][  0]LogConfig: Setting CVar [[r.ParticleLightQuality:2]]
[2024.09.23-02.24.11:923][  0]LogConfig: Setting CVar [[r.SkyAtmosphere.AerialPerspectiveLUT.FastApplyOnOpaque:1 ; Always have FastSkyLUT 1 in this case to avoid wrong sky]]
[2024.09.23-02.24.11:923][  0]LogConfig: Setting CVar [[r.SkyAtmosphere.AerialPerspectiveLUT.SampleCountPerSlice:1]]
[2024.09.23-02.24.11:923][  0]LogConfig: Setting CVar [[r.SkyAtmosphere.AerialPerspectiveLUT.DepthResolution:16.0]]
[2024.09.23-02.24.11:923][  0]LogConfig: Setting CVar [[r.SkyAtmosphere.FastSkyLUT:1]]
[2024.09.23-02.24.11:923][  0]LogConfig: Setting CVar [[r.SkyAtmosphere.FastSkyLUT.SampleCountMin:4.0]]
[2024.09.23-02.24.11:923][  0]LogConfig: Setting CVar [[r.SkyAtmosphere.FastSkyLUT.SampleCountMax:32.0]]
[2024.09.23-02.24.11:923][  0]LogConfig: Setting CVar [[r.SkyAtmosphere.SampleCountMin:4.0]]
[2024.09.23-02.24.11:923][  0]LogConfig: Setting CVar [[r.SkyAtmosphere.SampleCountMax:32.0]]
[2024.09.23-02.24.11:923][  0]LogConfig: Setting CVar [[r.SkyAtmosphere.TransmittanceLUT.UseSmallFormat:0]]
[2024.09.23-02.24.11:923][  0]LogConfig: Setting CVar [[r.SkyAtmosphere.TransmittanceLUT.SampleCount:10.0]]
[2024.09.23-02.24.11:923][  0]LogConfig: Setting CVar [[r.SkyAtmosphere.MultiScatteringLUT.SampleCount:15.0]]
[2024.09.23-02.24.11:923][  0]LogConfig: Applying CVar settings from Section [FoliageQuality@3] File [C:/Users/zekra/Documents/UE/Projects/LostWorld/Saved/Config/Windows/Scalability.ini]
[2024.09.23-02.24.11:923][  0]LogConfig: Setting CVar [[foliage.DensityScale:1.0]]
[2024.09.23-02.24.11:923][  0]LogConfig: Setting CVar [[grass.DensityScale:1.0]]
[2024.09.23-02.24.11:923][  0]LogConfig: Applying CVar settings from Section [ShadingQuality@3] File [C:/Users/zekra/Documents/UE/Projects/LostWorld/Saved/Config/Windows/Scalability.ini]
[2024.09.23-02.24.11:923][  0]LogConfig: Setting CVar [[r.HairStrands.SkyLighting.SampleCount:16]]
[2024.09.23-02.24.11:923][  0]LogConfig: Setting CVar [[r.HairStrands.SkyLighting.JitterIntegration:0]]
[2024.09.23-02.24.11:923][  0]LogConfig: Setting CVar [[r.HairStrands.SkyAO.SampleCount:16]]
[2024.09.23-02.24.11:923][  0]LogConfig: Setting CVar [[r.HairStrands.DeepShadow.SuperSampling:0]]
[2024.09.23-02.24.11:923][  0]LogConfig: Setting CVar [[r.HairStrands.VisibilityPPLL:0]]
[2024.09.23-02.24.11:923][  0]LogConfig: Setting CVar [[r.HairStrands.RasterizationScale:0.5]]
[2024.09.23-02.24.11:923][  0]LogConfig: Setting CVar [[r.HairStrands.VelocityRasterizationScale:1]]
[2024.09.23-02.24.11:923][  0]LogConfig: Applying CVar settings from Section [Startup] File [../../../Engine/Config/ConsoleVariables.ini]
[2024.09.23-02.24.11:923][  0]LogConfig: Setting CVar [[net.UseAdaptiveNetUpdateFrequency:0]]
[2024.09.23-02.24.11:923][  0]LogConfig: Setting CVar [[p.chaos.AllowCreatePhysxBodies:1]]
[2024.09.23-02.24.11:923][  0]LogConfig: Setting CVar [[fx.SkipVectorVMBackendOptimizations:1]]
[2024.09.23-02.24.11:923][  0]LogConfig: Applying CVar settings from Section [ConsoleVariables] File [C:/Users/zekra/Documents/UE/Projects/LostWorld/Saved/Config/Windows/Engine.ini]
[2024.09.23-02.24.11:923][  0]LogInit: Computer: DESKTOP-VS0096S
[2024.09.23-02.24.11:923][  0]LogInit: User: Val
[2024.09.23-02.24.11:923][  0]LogInit: CPU Page size=4096, Cores=6
[2024.09.23-02.24.11:923][  0]LogInit: High frequency timer resolution =10.000000 MHz
[2024.09.23-02.24.11:924][  0]LogMemory: Memory total: Physical=31.9GB (32GB approx)
[2024.09.23-02.24.11:924][  0]LogMemory: Platform Memory Stats for Windows
[2024.09.23-02.24.11:924][  0]LogMemory: Process Physical Memory: 116.09 MB used, 116.10 MB peak
[2024.09.23-02.24.11:924][  0]LogMemory: Process Virtual Memory: 96.70 MB used, 96.70 MB peak
[2024.09.23-02.24.11:924][  0]LogMemory: Physical Memory: 21471.46 MB used,  11215.86 MB free, 32687.32 MB total
[2024.09.23-02.24.11:924][  0]LogMemory: Virtual Memory: 5140.59 MB used,  134212584.00 MB free, 134217728.00 MB total
[2024.09.23-02.24.11:928][  0]LogWindows: WindowsPlatformFeatures enabled
[2024.09.23-02.24.12:003][  0]LogInit: Physics initialised using underlying interface: PhysX
[2024.09.23-02.24.12:004][  0]LogInit: Using OS detected language (en-GB).
[2024.09.23-02.24.12:004][  0]LogInit: Using OS detected locale (en-AU).
[2024.09.23-02.24.12:010][  0]LogTextLocalizationManager: No specific localization for 'en-GB' exists, so the 'en' localization will be used.
[2024.09.23-02.24.12:150][  0]LogInit: Setting process to per monitor DPI aware
[2024.09.23-02.24.12:179][  0]LogSlate: New Slate User Created.  User Index 0, Is Virtual User: 0
[2024.09.23-02.24.12:179][  0]LogSlate: Slate User Registered.  User Index 0, Is Virtual User: 0
[2024.09.23-02.24.12:287][  0]LogHMD: Failed to initialize OpenVR with code 110
[2024.09.23-02.24.12:287][  0]LogD3D11RHI: D3D11 min allowed feature level: 11_0
[2024.09.23-02.24.12:287][  0]LogD3D11RHI: D3D11 max allowed feature level: 11_0
[2024.09.23-02.24.12:287][  0]LogD3D11RHI: D3D11 adapters:
[2024.09.23-02.24.12:922][  0]LogD3D11RHI:    0. 'NVIDIA GeForce GTX 1660 Ti' (Feature Level 11_0)
[2024.09.23-02.24.12:922][  0]LogD3D11RHI:       5979/0/16343 MB DedicatedVideo/DedicatedSystem/SharedSystem, Outputs:2, VendorId:0x10de
[2024.09.23-02.24.12:923][  0]LogD3D11RHI:    1. 'Microsoft Basic Render Driver' (Feature Level 11_0)
[2024.09.23-02.24.12:923][  0]LogD3D11RHI:       0/0/16343 MB DedicatedVideo/DedicatedSystem/SharedSystem, Outputs:0, VendorId:0x1414
[2024.09.23-02.24.12:923][  0]LogD3D11RHI: Chosen D3D11 Adapter: 0
[2024.09.23-02.24.12:929][  0]LogD3D11RHI: Creating new Direct3DDevice
[2024.09.23-02.24.12:929][  0]LogD3D11RHI:     GPU DeviceId: 0x2182 (for the marketing name, search the web for "GPU Device Id")
[2024.09.23-02.24.12:929][  0]LogWindows: EnumDisplayDevices:
[2024.09.23-02.24.12:929][  0]LogWindows:    0. 'NVIDIA GeForce GTX 1660 Ti' (P:1 D:1)
[2024.09.23-02.24.12:929][  0]LogWindows:    1. 'NVIDIA GeForce GTX 1660 Ti' (P:0 D:1)
[2024.09.23-02.24.12:930][  0]LogWindows:    2. 'NVIDIA GeForce GTX 1660 Ti' (P:0 D:0)
[2024.09.23-02.24.12:930][  0]LogWindows:    3. 'NVIDIA GeForce GTX 1660 Ti' (P:0 D:0)
[2024.09.23-02.24.12:930][  0]LogWindows: DebugString: FoundDriverCount:4 
[2024.09.23-02.24.12:930][  0]LogD3D11RHI:     Adapter Name: NVIDIA GeForce GTX 1660 Ti
[2024.09.23-02.24.12:930][  0]LogD3D11RHI:   Driver Version: 536.23 (internal:31.0.15.3623, unified:536.23)
[2024.09.23-02.24.12:930][  0]LogD3D11RHI:      Driver Date: 6-8-2023
[2024.09.23-02.24.12:930][  0]LogRHI: Texture pool is 4185 MB (70% of 5979 MB)
[2024.09.23-02.24.13:026][  0]LogD3D11RHI: RHI has support for 64 bit atomics
[2024.09.23-02.24.13:026][  0]LogD3D11RHI: Async texture creation enabled
[2024.09.23-02.24.13:026][  0]LogD3D11RHI: Array index from any shader is supported
[2024.09.23-02.24.13:043][  0]LogD3D11RHI: GPU Timing Frequency: 1000.000000 (Debug: 2 1)
[2024.09.23-02.24.13:310][  0]LogTargetPlatformManager: Display: Loaded TargetPlatform 'AllDesktop'
[2024.09.23-02.24.13:329][  0]LogTargetPlatformManager: Display: Loaded TargetPlatform 'Android'
[2024.09.23-02.24.13:329][  0]LogTargetPlatformManager: Display: Loaded TargetPlatform 'Android_ASTC'
[2024.09.23-02.24.13:329][  0]LogTargetPlatformManager: Display: Loaded TargetPlatform 'Android_DXT'
[2024.09.23-02.24.13:329][  0]LogTargetPlatformManager: Display: Loaded TargetPlatform 'Android_ETC2'
[2024.09.23-02.24.13:329][  0]LogTargetPlatformManager: Display: Loaded TargetPlatform 'AndroidClient'
[2024.09.23-02.24.13:329][  0]LogTargetPlatformManager: Display: Loaded TargetPlatform 'Android_ASTCClient'
[2024.09.23-02.24.13:329][  0]LogTargetPlatformManager: Display: Loaded TargetPlatform 'Android_DXTClient'
[2024.09.23-02.24.13:329][  0]LogTargetPlatformManager: Display: Loaded TargetPlatform 'Android_ETC2Client'
[2024.09.23-02.24.13:329][  0]LogTargetPlatformManager: Display: Loaded TargetPlatform 'Android_Multi'
[2024.09.23-02.24.13:329][  0]LogTargetPlatformManager: Display: Loaded TargetPlatform 'Android_MultiClient'
[2024.09.23-02.24.13:354][  0]LogTargetPlatformManager: Display: Loaded TargetPlatform 'IOSClient'
[2024.09.23-02.24.13:354][  0]LogTargetPlatformManager: Display: Loaded TargetPlatform 'IOS'
[2024.09.23-02.24.13:365][  0]LogTargetPlatformManager: Display: Loaded TargetPlatform 'Linux'
[2024.09.23-02.24.13:374][  0]LogTargetPlatformManager: Display: Loaded TargetPlatform 'LinuxNoEditor'
[2024.09.23-02.24.13:384][  0]LogTargetPlatformManager: Display: Loaded TargetPlatform 'LinuxClient'
[2024.09.23-02.24.13:394][  0]LogTargetPlatformManager: Display: Loaded TargetPlatform 'LinuxServer'
[2024.09.23-02.24.13:403][  0]LogTargetPlatformManager: Display: Loaded TargetPlatform 'LinuxAArch64NoEditor'
[2024.09.23-02.24.13:412][  0]LogTargetPlatformManager: Display: Loaded TargetPlatform 'LinuxAArch64Client'
[2024.09.23-02.24.13:422][  0]LogTargetPlatformManager: Display: Loaded TargetPlatform 'LinuxAArch64Server'
[2024.09.23-02.24.13:447][  0]LogTargetPlatformManager: Display: Loaded TargetPlatform 'Lumin'
[2024.09.23-02.24.13:447][  0]LogTargetPlatformManager: Display: Loaded TargetPlatform 'LuminClient'
[2024.09.23-02.24.13:463][  0]LogTargetPlatformManager: Display: Loaded TargetPlatform 'TVOSClient'
[2024.09.23-02.24.13:463][  0]LogTargetPlatformManager: Display: Loaded TargetPlatform 'TVOS'
[2024.09.23-02.24.13:474][  0]LogTargetPlatformManager: Display: Loaded TargetPlatform 'WindowsNoEditor'
[2024.09.23-02.24.13:484][  0]LogTargetPlatformManager: Display: Loaded TargetPlatform 'Windows'
[2024.09.23-02.24.13:493][  0]LogTargetPlatformManager: Display: Loaded TargetPlatform 'WindowsClient'
[2024.09.23-02.24.13:503][  0]LogTargetPlatformManager: Display: Loaded TargetPlatform 'WindowsServer'
[2024.09.23-02.24.13:503][  0]LogTargetPlatformManager: Display: Building Assets For Windows
[2024.09.23-02.24.13:518][  0]LogAudioDebug: Display: Lib vorbis DLL was dynamically loaded.
[2024.09.23-02.24.13:604][  0]LogShaderCompilers: Guid format shader working directory is 15 characters bigger than the processId version (../../../../Projects/LostWorld/Intermediate/Shaders/WorkingDirectory/24356/).
[2024.09.23-02.24.13:604][  0]LogShaderCompilers: Cleaned the shader compiler working directory 'C:/Users/zekra/AppData/Local/Temp/UnrealShaderWorkingDir/C3BEBD3B4BF48B9935E2E2998FBF1BDA/'.
[2024.09.23-02.24.13:605][  0]LogXGEController: Cleaning working directory: C:/Users/zekra/AppData/Local/Temp/UnrealXGEWorkingDir/
[2024.09.23-02.24.13:605][  0]LogXGEController: Cannot use XGE Controller as Incredibuild is not installed on this machine.
[2024.09.23-02.24.13:605][  0]LogShaderCompilers: Cannot use XGE Shader Compiler as Incredibuild is not installed on this machine.
[2024.09.23-02.24.13:605][  0]LogShaderCompilers: Display: Using Local Shader Compiler.
[2024.09.23-02.24.14:224][  0]LogDerivedDataCache: Display: Max Cache Size: 512 MB
[2024.09.23-02.24.14:264][  0]LogDerivedDataCache: Loaded boot cache 0.04s 75MB C:/Users/zekra/AppData/Local/UnrealEngine/4.25/DerivedDataCache/Boot.ddc.
[2024.09.23-02.24.14:264][  0]LogDerivedDataCache: Display: Loaded Boot cache: C:/Users/zekra/AppData/Local/UnrealEngine/4.25/DerivedDataCache/Boot.ddc
[2024.09.23-02.24.14:265][  0]LogDerivedDataCache: FDerivedDataBackendGraph:  Pak pak cache file ../../../../Projects/LostWorld/DerivedDataCache/DDC.ddp not found, will not use a pak cache.
[2024.09.23-02.24.14:265][  0]LogDerivedDataCache: Unable to find inner node Pak for hierarchical cache Hierarchy.
[2024.09.23-02.24.14:265][  0]LogDerivedDataCache: FDerivedDataBackendGraph:  CompressedPak pak cache file ../../../../Projects/LostWorld/DerivedDataCache/Compressed.ddp not found, will not use a pak cache.
[2024.09.23-02.24.14:265][  0]LogDerivedDataCache: Unable to find inner node CompressedPak for hierarchical cache Hierarchy.
[2024.09.23-02.24.14:273][  0]LogDerivedDataCache: Display: Pak cache opened for reading ../../../Engine/DerivedDataCache/Compressed.ddp.
[2024.09.23-02.24.14:273][  0]LogDerivedDataCache: FDerivedDataBackendGraph:  EnterprisePak pak cache file ../../../Enterprise/DerivedDataCache/Compressed.ddp not found, will not use a pak cache.
[2024.09.23-02.24.14:273][  0]LogDerivedDataCache: Unable to find inner node EnterprisePak for hierarchical cache Hierarchy.
[2024.09.23-02.24.14:274][  0]LogDerivedDataCache: Using Local data cache path C:/Users/zekra/AppData/Local/UnrealEngine/Common/DerivedDataCache: Writable
[2024.09.23-02.24.14:274][  0]LogDerivedDataCache: Shared data cache path not found in *engine.ini, will not use an Shared cache.
[2024.09.23-02.24.14:274][  0]LogDerivedDataCache: Unable to find inner node Shared for hierarchical cache Hierarchy.
[2024.09.23-02.24.14:316][  0]LogSlate: Using FreeType 2.10.0
[2024.09.23-02.24.14:316][  0]LogSlate: SlateFontServices - WITH_FREETYPE: 1, WITH_HARFBUZZ: 1
[2024.09.23-02.24.14:337][  0]LogAssetRegistry: FAssetRegistry took 0.0020 seconds to start up
[2024.09.23-02.24.14:518][  0]LogInit: Selected Device Profile: [Windows]
[2024.09.23-02.24.14:628][  0]LogMeshReduction: Using QuadricMeshReduction for automatic static mesh reduction
[2024.09.23-02.24.14:628][  0]LogMeshReduction: Using SimplygonMeshReduction for automatic skeletal mesh reduction
[2024.09.23-02.24.14:628][  0]LogMeshReduction: Using ProxyLODMeshReduction for automatic mesh merging
[2024.09.23-02.24.14:628][  0]LogMeshReduction: No distributed automatic mesh merging module available
[2024.09.23-02.24.14:628][  0]LogMeshMerging: No distributed automatic mesh merging module available
[2024.09.23-02.24.14:645][  0]LogNetVersion: LostWorld 1.0.0, NetCL: 13144385, EngineNetVer: 14, GameNetVer: 0 (Checksum: 3618218532)
[2024.09.23-02.24.14:980][  0]LogAISub: UAISubsystem::UAISubsystem AISubsystem (00000162A7932AC0), frame # 0
[2024.09.23-02.24.14:980][  0]LogAISub: UAISubsystem::UAISubsystem AIPerceptionSystem (00000162A78B3C40), frame # 0
[2024.09.23-02.24.14:981][  0]LogAISub: UAISubsystem::UAISubsystem EnvQueryManager (00000162A7915E00), frame # 0
[2024.09.23-02.24.15:019][  0]LogPackageLocalizationCache: Processed 19 localized package path(s) for 1 prioritized culture(s) in 0.032907 seconds
[2024.09.23-02.24.15:023][  0]LogUObjectArray: 15917 objects as part of root set at end of initial load.
[2024.09.23-02.24.15:023][  0]LogUObjectAllocator: 3965568 out of 0 bytes used by permanent object pool.
[2024.09.23-02.24.15:023][  0]LogUObjectArray: CloseDisregardForGC: 0/0 objects in disregard for GC pool
[2024.09.23-02.24.15:452][  0]LogTcpMessaging: Initializing TcpMessaging bridge
[2024.09.23-02.24.15:457][  0]LogUdpMessaging: Initializing bridge on interface 0.0.0.0:0 to multicast group 230.0.0.1:6666.
[2024.09.23-02.24.15:582][  0]SourceControl: Source control is disabled
[2024.09.23-02.24.15:582][  0]SourceControl: Source control is disabled
[2024.09.23-02.24.15:586][  0]SourceControl: Source control is disabled
[2024.09.23-02.24.15:590][  0]SourceControl: Source control is disabled
[2024.09.23-02.24.15:605][  0]SourceControl: Source control is disabled
[2024.09.23-02.24.15:929][  0]LogAndroidPermission: UAndroidPermissionCallbackProxy::GetInstance
[2024.09.23-02.24.15:957][  0]LogAudioCaptureCore: Display: No Audio Capture implementations found. Audio input will be silent.
[2024.09.23-02.24.15:957][  0]LogAudioCaptureCore: Display: No Audio Capture implementations found. Audio input will be silent.
[2024.09.23-02.24.16:015][  0]LogOcInput: OculusInput pre-init called
[2024.09.23-02.24.16:028][  0]LogWindows: Failed to load 'OVRPlugin.dll' (GetLastError=126)
[2024.09.23-02.24.16:028][  0]LogWindows: File 'OVRPlugin.dll' does not exist
[2024.09.23-02.24.16:090][  0]LogEngine: Initializing Engine...
[2024.09.23-02.24.16:092][  0]LogHMD: Failed to initialize OpenVR with code 110
[2024.09.23-02.24.16:092][  0]LogMagicLeap: Warning: VR disabled because ZI is not enabled.  To enable, in the editor, Edit -> Project Settings -> Plugins -> Magic Leap Plugin -> Enable Zero Iteration
[2024.09.23-02.24.16:092][  0]LogStats: UGameplayTagsManager::InitializeManager -  0.000 s
[2024.09.23-02.24.16:192][  0]LogInit: Initializing FReadOnlyCVARCache
[2024.09.23-02.24.16:200][  0]LogAIModule: Creating AISystem for world Untitled
[2024.09.23-02.24.16:200][  0]LogAISub: UAISubsystem::UAISubsystem EnvQueryManager (00000162AB6C3C00), frame # 0
[2024.09.23-02.24.16:201][  0]LogAISub: UAISubsystem::UAISubsystem AIPerceptionSystem (00000162AB724F40), frame # 0
[2024.09.23-02.24.16:211][  0]LogAudioMixer: Display: Audio Mixer Platform Settings:
[2024.09.23-02.24.16:211][  0]LogAudioMixer: Display: 	Sample Rate:						  48000
[2024.09.23-02.24.16:211][  0]LogAudioMixer: Display: 	Callback Buffer Frame Size Requested: 1024
[2024.09.23-02.24.16:211][  0]LogAudioMixer: Display: 	Callback Buffer Frame Size To Use:	  1024
[2024.09.23-02.24.16:211][  0]LogAudioMixer: Display: 	Number of buffers to queue:			  2
[2024.09.23-02.24.16:211][  0]LogAudioMixer: Display: 	Max Channels (voices):				  32
[2024.09.23-02.24.16:211][  0]LogAudioMixer: Display: 	Number of Async Source Workers:		  0
[2024.09.23-02.24.16:211][  0]LogAudio: Display: AudioDevice MaxSources: 32
[2024.09.23-02.24.16:211][  0]LogAudio: Display: Using built-in audio occlusion.
[2024.09.23-02.24.16:211][  0]LogAudioMixer: Display: Initializing audio mixer.
[2024.09.23-02.24.16:227][  0]LogAudioMixer: Display: 0: FrontLeft
[2024.09.23-02.24.16:227][  0]LogAudioMixer: Display: 1: FrontRight
[2024.09.23-02.24.16:269][  0]LogAudioMixer: Display: Using Audio Device Speakers (Realtek(R) Audio)
[2024.09.23-02.24.16:269][  0]LogAudioMixer: Display: Initializing Sound Submixes...
[2024.09.23-02.24.16:271][  0]LogAudioMixer: Display: Creating Master Submix 'MasterSubmixDefault'
[2024.09.23-02.24.16:271][  0]LogAudioMixer: Display: Creating Master Submix 'MasterReverbSubmixDefault'
[2024.09.23-02.24.16:274][  0]LogAudioMixer: Display: Creating Master Submix 'MasterEQSubmixDefault'
[2024.09.23-02.24.16:275][  0]LogInit: FAudioDevice initialized.
[2024.09.23-02.24.16:275][  0]LogNetVersion: Set ProjectVersion to 1.0.0.0. Version Checksum will be recalculated on next use.
[2024.09.23-02.24.16:316][  0]LogDerivedDataCache: Saved boot cache 0.04s 75MB C:/Users/zekra/AppData/Local/UnrealEngine/4.25/DerivedDataCache/Boot.ddc.
[2024.09.23-02.24.16:320][  0]LogInit: Texture streaming: Enabled
[2024.09.23-02.24.16:340][  0]LogEngineSessionManager: EngineSessionManager initialized
[2024.09.23-02.24.16:340][  0]LogEditorSessionSummary: Verbose: Initializing EditorSessionSummaryWriter for editor session tracking
[2024.09.23-02.24.16:341][  0]LogEditorSessionSummary: EditorSessionSummaryWriter initialized
[2024.09.23-02.24.16:375][  0]LogInit: Transaction tracking system initialized
[2024.09.23-02.24.16:404][  0]BlueprintLog: New page: Editor Load
[2024.09.23-02.24.16:498][  0]LocalizationService: Localization service is disabled
[2024.09.23-02.24.16:653][  0]LogCook: Display: Max memory allowance for cook 16384mb min free memory 0mb
[2024.09.23-02.24.16:653][  0]LogCook: Display: Mobile HDR setting 1
[2024.09.23-02.24.16:653][  0]LogAutoSizeComments: Startup AutoSizeComments
[2024.09.23-02.24.16:818][  0]LogFileCache: Scanning file cache for directory 'C:/Users/zekra/Documents/UE/Projects/LostWorld/Content/' took 0.00s
[2024.09.23-02.24.16:984][  0]SourceControl: Source control is disabled
[2024.09.23-02.24.16:984][  0]LogUnrealEdMisc: Loading editor; pre map load, took 6.347
[2024.09.23-02.24.16:984][  0]Cmd: MAP LOAD FILE="../../../../Projects/LostWorld/Content/Levels/MinimalDefaultCopy.umap" TEMPLATE=0 SHOWPROGRESS=1 FEATURELEVEL=3
[2024.09.23-02.24.16:985][  0]LightingResults: New page: Lighting Build
[2024.09.23-02.24.16:986][  0]LogWorld: UWorld::CleanupWorld for Untitled, bSessionEnded=true, bCleanupResources=true
[2024.09.23-02.24.16:986][  0]LogSlate: InvalidateAllWidgets triggered.  All widgets were invalidated
[2024.09.23-02.24.16:986][  0]MapCheck: New page: Map Check
[2024.09.23-02.24.16:986][  0]LightingResults: New page: Lighting Build
[2024.09.23-02.24.16:994][  0]LogAISub: UAISubsystem::~UAISubsystem EnvQueryManager (00000162AB6C3C00), frame # 0
[2024.09.23-02.24.16:994][  0]LogAISub: UAISubsystem::~UAISubsystem AIPerceptionSystem (00000162AB724F40), frame # 0
[2024.09.23-02.24.16:995][  0]LogUObjectHash: Compacting FUObjectHashTables data took   0.64ms
[2024.09.23-02.24.17:121][  0]LogAIModule: Creating AISystem for world MinimalDefaultCopy
[2024.09.23-02.24.17:122][  0]LogAISub: UAISubsystem::UAISubsystem EnvQueryManager (0000016298D5C400), frame # 0
[2024.09.23-02.24.17:122][  0]LogAISub: UAISubsystem::UAISubsystem AIPerceptionSystem (0000016298C39D00), frame # 0
[2024.09.23-02.24.17:126][  0]LogEditorServer: Finished looking for orphan Actors (0.000 secs)
[2024.09.23-02.24.17:135][  0]LogUObjectHash: Compacting FUObjectHashTables data took   0.62ms
[2024.09.23-02.24.17:135][  0]Cmd: MAP CHECKDEP NOCLEARLOG
[2024.09.23-02.24.17:135][  0]MapCheck: Map check complete: 0 Error(s), 0 Warning(s), took 0.177ms to complete.
[2024.09.23-02.24.17:135][  0]LogFileHelpers: Loading map 'MinimalDefaultCopy' took 0.150
[2024.09.23-02.24.17:138][  0]LogUnrealEdMisc: Total Editor Startup Time, took 6.500
[2024.09.23-02.24.17:273][  0]LogSlate: Took 0.000129 seconds to synchronously load lazily loaded font '../../../Engine/Content/Slate/Fonts/Roboto-Regular.ttf' (155K)
[2024.09.23-02.24.17:906][  0]LogSlate: Updating window title bar state: overlay mode, drag disabled, window buttons hidden, title bar hidden
[2024.09.23-02.24.17:912][  0]LogSlate: Updating window title bar state: overlay mode, drag disabled, window buttons hidden, title bar hidden
[2024.09.23-02.24.17:918][  0]LogSlate: Updating window title bar state: overlay mode, drag disabled, window buttons hidden, title bar hidden
[2024.09.23-02.24.17:923][  0]LogSlate: Updating window title bar state: overlay mode, drag disabled, window buttons hidden, title bar hidden
[2024.09.23-02.24.17:931][  0]LogCollectionManager: Loaded 0 collections in 0.002165 seconds
[2024.09.23-02.24.17:944][  0]LogFileCache: Scanning file cache for directory 'C:/Users/zekra/Documents/UE/Projects/LostWorld/Saved/Collections/' took 0.00s
[2024.09.23-02.24.17:944][  0]LogFileCache: Scanning file cache for directory 'C:/Users/zekra/Documents/UE/Projects/LostWorld/Content/Developers/Val/Collections/' took 0.00s
[2024.09.23-02.24.17:944][  0]LogFileCache: Scanning file cache for directory 'C:/Users/zekra/Documents/UE/Projects/LostWorld/Content/Collections/' took 0.00s
[2024.09.23-02.24.17:944][  0]LogContentBrowser: Native class hierarchy populated in 0.0075 seconds. Added 3438 classes and 829 folders.
[2024.09.23-02.24.17:947][  0]LogContentBrowser: Native class hierarchy updated for 'WidgetCarousel' in 0.0004 seconds. Added 0 classes and 0 folders.
[2024.09.23-02.24.17:993][  0]LogContentBrowser: Native class hierarchy updated for 'AddContentDialog' in 0.0003 seconds. Added 0 classes and 0 folders.
[2024.09.23-02.24.17:994][  0]LogContentBrowser: Native class hierarchy updated for 'SceneOutliner' in 0.0003 seconds. Added 2 classes and 0 folders.
[2024.09.23-02.24.18:002][  0]LogContentBrowser: Native class hierarchy updated for 'WorldBrowser' in 0.0004 seconds. Added 2 classes and 3 folders.
[2024.09.23-02.24.18:083][  0]LogSlate: Took 0.000136 seconds to synchronously load lazily loaded font '../../../Engine/Content/Slate/Fonts/Roboto-Bold.ttf' (160K)
[2024.09.23-02.24.18:084][  0]LogSlate: Took 0.000109 seconds to synchronously load lazily loaded font '../../../Engine/Content/Editor/Slate/Fonts/FontAwesome.ttf' (139K)
[2024.09.23-02.24.18:134][  0]LogRenderer: Reallocating scene render targets to support 1432x600 Format 10 NumSamples 1 (Frame:1).
[2024.09.23-02.24.18:215][  0]LogContentBrowser: Native class hierarchy updated for 'HierarchicalLODOutliner' in 0.0004 seconds. Added 0 classes and 0 folders.
[2024.09.23-02.24.18:216][  0]LogLoad: (Engine Initialization) Total time: 7.58 seconds
[2024.09.23-02.24.18:216][  0]LogLoad: (Engine Initialization) Total Blueprint compile time: 0.00 seconds
[2024.09.23-02.24.18:643][  0]LogAssetRegistry: Asset discovery search completed in 4.3066 seconds
[2024.09.23-02.24.18:643][  0]LogAutoSizeComments: Loaded auto size comments cache: ../../../Engine/Plugins/Marketplace/AutoSizeComments/ASCCache/7D4A53564EE1015E902C29B8F812ED99.json
[2024.09.23-02.24.18:647][  0]LogCollectionManager: Fixed up redirectors for 0 collections in 0.000002 seconds (updated 0 objects)
[2024.09.23-02.24.18:648][  0]LogContentStreaming: Texture pool size now 1000 MB
[2024.09.23-02.24.18:670][  0]LogSlate: Took 0.000101 seconds to synchronously load lazily loaded font '../../../Engine/Content/Slate/Fonts/Roboto-Light.ttf' (167K)
[2024.09.23-02.24.28:438][973]LogAssetEditorSubsystem: Opening Asset editor for Blueprint /Game/Blueprints/LostWorldGameModeBattleBp.LostWorldGameModeBattleBp
[2024.09.23-02.24.28:602][973]LogContentBrowser: Native class hierarchy updated for 'BlueprintGraph' in 0.0006 seconds. Added 125 classes and 0 folders.
[2024.09.23-02.24.29:304][973]LogAssetEditorSubsystem: Opening Asset editor for Blueprint /Game/Blueprints/LostWorldGameInstanceBp.LostWorldGameInstanceBp
[2024.09.23-02.25.23:370][967]LogSlate: Window 'LostWorldGameInstanceBp' being destroyed
[2024.09.23-02.25.25:098][139]LogSlate: Window 'LostWorldGameInstanceBp' being destroyed
[2024.09.23-02.25.27:812][431]LogTemp: Repeating last play command: Selected Viewport
[2024.09.23-02.25.27:820][431]LogPlayLevel: PlayLevel: No blueprints needed recompiling
[2024.09.23-02.25.27:821][431]PIE: New page: PIE session: MinimalDefaultCopy (23 Sep 2024, 10:25:27 pm)
[2024.09.23-02.25.27:822][431]LogOnline: OSS: Creating online subsystem instance for: NULL
[2024.09.23-02.25.27:823][431]LogOnline: OSS: TryLoadSubsystemAndSetDefault: Loaded subsystem for module [NULL]
[2024.09.23-02.25.27:823][431]LogLinker: Warning: Failed to load '/Game/Blueprints/LostWorldGameInstance': Can't find file.
[2024.09.23-02.25.27:823][431]LogLinker: Warning: Failed to load '/Game/Blueprints/LostWorldGameInstance': Can't find file.
[2024.09.23-02.25.27:823][431]LogUObjectGlobals: Warning: Failed to find object 'Class /Game/Blueprints/LostWorldGameInstance.LostWorldGameInstance_C'
[2024.09.23-02.25.27:823][431]LogPlayLevel: Creating play world package: /Game/Levels/UEDPIE_0_MinimalDefaultCopy
[2024.09.23-02.25.27:826][431]LogPlayLevel: PIE: StaticDuplicateObject took: (0.002411s)
[2024.09.23-02.25.27:826][431]LogAIModule: Creating AISystem for world MinimalDefaultCopy
[2024.09.23-02.25.27:826][431]LogAISub: UAISubsystem::UAISubsystem EnvQueryManager (0000016344CFFE00), frame # 6431
[2024.09.23-02.25.27:826][431]LogAISub: UAISubsystem::UAISubsystem AIPerceptionSystem (00000162E96F1440), frame # 6431
[2024.09.23-02.25.27:827][431]LogPlayLevel: PIE: World Init took: (0.000881s)
[2024.09.23-02.25.27:827][431]LogPlayLevel: PIE: Created PIE world by copying editor world from /Game/Levels/MinimalDefaultCopy.MinimalDefaultCopy to /Game/Levels/UEDPIE_0_MinimalDefaultCopy.MinimalDefaultCopy (0.003420s)
[2024.09.23-02.25.27:846][431]LogUObjectHash: Compacting FUObjectHashTables data took   1.69ms
[2024.09.23-02.25.27:847][431]LogAudioMixer: Display: Audio Mixer Platform Settings:
[2024.09.23-02.25.27:848][431]LogAudioMixer: Display: 	Sample Rate:						  48000
[2024.09.23-02.25.27:848][431]LogAudioMixer: Display: 	Callback Buffer Frame Size Requested: 1024
[2024.09.23-02.25.27:848][431]LogAudioMixer: Display: 	Callback Buffer Frame Size To Use:	  1024
[2024.09.23-02.25.27:848][431]LogAudioMixer: Display: 	Number of buffers to queue:			  2
[2024.09.23-02.25.27:848][431]LogAudioMixer: Display: 	Max Channels (voices):				  32
[2024.09.23-02.25.27:848][431]LogAudioMixer: Display: 	Number of Async Source Workers:		  0
[2024.09.23-02.25.27:848][431]LogAudio: Display: AudioDevice MaxSources: 32
[2024.09.23-02.25.27:848][431]LogAudio: Display: Using built-in audio occlusion.
[2024.09.23-02.25.27:848][431]LogAudioMixer: Display: Initializing audio mixer.
[2024.09.23-02.25.27:854][431]LogAudioMixer: Display: 0: FrontLeft
[2024.09.23-02.25.27:854][431]LogAudioMixer: Display: 1: FrontRight
[2024.09.23-02.25.27:877][431]LogAudioMixer: Display: Using Audio Device Speakers (Realtek(R) Audio)
[2024.09.23-02.25.27:877][431]LogAudioMixer: Display: Initializing Sound Submixes...
[2024.09.23-02.25.27:877][431]LogAudioMixer: Display: Creating Master Submix 'MasterSubmixDefault'
[2024.09.23-02.25.27:877][431]LogAudioMixer: Display: Creating Master Submix 'MasterReverbSubmixDefault'
[2024.09.23-02.25.27:878][431]LogAudioMixer: Display: Creating Master Submix 'MasterEQSubmixDefault'
[2024.09.23-02.25.27:888][431]LogInit: FAudioDevice initialized.
[2024.09.23-02.25.27:899][431]LogLoad: Game class is 'LostWorldGameModeBaseBp_C'
[2024.09.23-02.25.27:901][431]LogWorld: Bringing World /Game/Levels/UEDPIE_0_MinimalDefaultCopy.MinimalDefaultCopy up for play (max tick rate 0) at 2024.09.23-12.25.27
[2024.09.23-02.25.27:901][431]LogWorld: Bringing up level for play took: 0.000691
[2024.09.23-02.25.27:901][431]LogOnline: OSS: Creating online subsystem instance for: :Context_4
[2024.09.23-02.25.27:904][431]LogContentBrowser: Native class hierarchy updated for 'MovieSceneCapture' in 0.0004 seconds. Added 20 classes and 0 folders.
[2024.09.23-02.25.27:905][431]PIE: Server logged in
[2024.09.23-02.25.27:906][431]PIE: Play in editor total start time 0.086 seconds.
[2024.09.23-02.25.31:982][861]LogSlate: Updating window title bar state: overlay mode, drag disabled, window buttons hidden, title bar hidden
[2024.09.23-02.25.31:982][861]LogWorld: BeginTearingDown for /Game/Levels/UEDPIE_0_MinimalDefaultCopy
[2024.09.23-02.25.31:982][861]LogWorld: UWorld::CleanupWorld for MinimalDefaultCopy, bSessionEnded=true, bCleanupResources=true
[2024.09.23-02.25.31:982][861]LogSlate: InvalidateAllWidgets triggered.  All widgets were invalidated
[2024.09.23-02.25.31:988][861]LogPlayLevel: Display: Shutting down PIE online subsystems
[2024.09.23-02.25.31:991][861]LogSlate: InvalidateAllWidgets triggered.  All widgets were invalidated
[2024.09.23-02.25.32:009][861]LogSlate: Updating window title bar state: overlay mode, drag disabled, window buttons hidden, title bar hidden
[2024.09.23-02.25.32:038][861]LogAISub: UAISubsystem::~UAISubsystem EnvQueryManager (0000016344CFFE00), frame # 6861
[2024.09.23-02.25.32:038][861]LogAISub: UAISubsystem::~UAISubsystem AIPerceptionSystem (00000162E96F1440), frame # 6861
[2024.09.23-02.25.32:041][861]LogUObjectHash: Compacting FUObjectHashTables data took   2.47ms
[2024.09.23-02.25.32:058][862]LogPlayLevel: Display: Destroying online subsystem :Context_4
[2024.09.23-02.25.33:985][ 45]LogAssetEditorSubsystem: Opening Asset editor for World /Game/Levels/Test.Test
[2024.09.23-02.25.34:007][ 45]LogUObjectHash: Compacting FUObjectHashTables data took   1.84ms
[2024.09.23-02.25.34:008][ 45]Cmd: MAP LOAD FILE="../../../../Projects/LostWorld/Content/Levels/Test.umap" TEMPLATE=0 SHOWPROGRESS=1 FEATURELEVEL=3
[2024.09.23-02.25.34:009][ 45]LightingResults: New page: Lighting Build
[2024.09.23-02.25.34:009][ 45]LoadErrors: New page: Loading map: Test.umap
[2024.09.23-02.25.34:031][ 45]LogWorld: UWorld::CleanupWorld for MinimalDefaultCopy, bSessionEnded=true, bCleanupResources=true
[2024.09.23-02.25.34:031][ 45]LogSlate: InvalidateAllWidgets triggered.  All widgets were invalidated
[2024.09.23-02.25.34:032][ 45]MapCheck: New page: Map Check
[2024.09.23-02.25.34:032][ 45]LightingResults: New page: Lighting Build
[2024.09.23-02.25.34:051][ 45]LogAISub: UAISubsystem::~UAISubsystem EnvQueryManager (0000016298D5C400), frame # 7045
[2024.09.23-02.25.34:051][ 45]LogAISub: UAISubsystem::~UAISubsystem AIPerceptionSystem (0000016298C39D00), frame # 7045
[2024.09.23-02.25.34:053][ 45]LogUObjectHash: Compacting FUObjectHashTables data took   1.72ms
[2024.09.23-02.25.34:104][ 45]LogEditorServer: Finished looking for orphan Actors (0.000 secs)
[2024.09.23-02.25.34:104][ 45]LogAIModule: Creating AISystem for world Test
[2024.09.23-02.25.34:104][ 45]LogAISub: UAISubsystem::UAISubsystem EnvQueryManager (00000163503F6A00), frame # 7045
[2024.09.23-02.25.34:104][ 45]LogAISub: UAISubsystem::UAISubsystem AIPerceptionSystem (0000016298C9E200), frame # 7045
[2024.09.23-02.25.34:126][ 45]LogUObjectHash: Compacting FUObjectHashTables data took   1.61ms
[2024.09.23-02.25.34:137][ 45]Cmd: MAP CHECKDEP NOCLEARLOG
[2024.09.23-02.25.34:138][ 45]MapCheck: Map check complete: 0 Error(s), 0 Warning(s), took 0.104ms to complete.
[2024.09.23-02.25.34:138][ 45]LogFileHelpers: Loading map 'Test' took 0.129
[2024.09.23-02.25.37:926][420]LogAssetEditorSubsystem: Opening Asset editor for World /Game/Levels/MinimalDefaultCopy.MinimalDefaultCopy
[2024.09.23-02.25.37:946][420]LogUObjectHash: Compacting FUObjectHashTables data took   1.46ms
[2024.09.23-02.25.37:947][420]Cmd: MAP LOAD FILE="../../../../Projects/LostWorld/Content/Levels/MinimalDefaultCopy.umap" TEMPLATE=0 SHOWPROGRESS=1 FEATURELEVEL=3
[2024.09.23-02.25.37:947][420]LightingResults: New page: Lighting Build
[2024.09.23-02.25.37:947][420]LoadErrors: New page: Loading map: MinimalDefaultCopy.umap
[2024.09.23-02.25.37:948][420]LogWorld: UWorld::CleanupWorld for Test, bSessionEnded=true, bCleanupResources=true
[2024.09.23-02.25.37:948][420]LogSlate: InvalidateAllWidgets triggered.  All widgets were invalidated
[2024.09.23-02.25.37:948][420]MapCheck: New page: Map Check
[2024.09.23-02.25.37:948][420]LightingResults: New page: Lighting Build
[2024.09.23-02.25.37:967][420]LogAISub: UAISubsystem::~UAISubsystem AIPerceptionSystem (0000016298C9E200), frame # 7420
[2024.09.23-02.25.37:967][420]LogAISub: UAISubsystem::~UAISubsystem EnvQueryManager (00000163503F6A00), frame # 7420
[2024.09.23-02.25.37:969][420]LogUObjectHash: Compacting FUObjectHashTables data took   1.75ms
[2024.09.23-02.25.38:024][420]LogEditorServer: Finished looking for orphan Actors (0.000 secs)
[2024.09.23-02.25.38:024][420]LogAIModule: Creating AISystem for world MinimalDefaultCopy
[2024.09.23-02.25.38:024][420]LogAISub: UAISubsystem::UAISubsystem EnvQueryManager (00000162BCC39400), frame # 7420
[2024.09.23-02.25.38:024][420]LogAISub: UAISubsystem::UAISubsystem AIPerceptionSystem (00000162E19560C0), frame # 7420
[2024.09.23-02.25.38:047][420]LogUObjectHash: Compacting FUObjectHashTables data took   1.68ms
[2024.09.23-02.25.38:059][420]Cmd: MAP CHECKDEP NOCLEARLOG
[2024.09.23-02.25.38:059][420]MapCheck: Map check complete: 0 Error(s), 0 Warning(s), took 0.119ms to complete.
[2024.09.23-02.25.38:059][420]LogFileHelpers: Loading map 'MinimalDefaultCopy' took 0.111
[2024.09.23-02.25.41:734][794]LogAssetEditorSubsystem: Opening Asset editor for World /Game/Levels/Test.Test
[2024.09.23-02.25.41:753][794]LogUObjectHash: Compacting FUObjectHashTables data took   0.41ms
[2024.09.23-02.25.41:754][794]Cmd: MAP LOAD FILE="../../../../Projects/LostWorld/Content/Levels/Test.umap" TEMPLATE=0 SHOWPROGRESS=1 FEATURELEVEL=3
[2024.09.23-02.25.41:755][794]LightingResults: New page: Lighting Build
[2024.09.23-02.25.41:755][794]LoadErrors: New page: Loading map: Test.umap
[2024.09.23-02.25.41:781][794]LogWorld: UWorld::CleanupWorld for MinimalDefaultCopy, bSessionEnded=true, bCleanupResources=true
[2024.09.23-02.25.41:781][794]LogSlate: InvalidateAllWidgets triggered.  All widgets were invalidated
[2024.09.23-02.25.41:782][794]MapCheck: New page: Map Check
[2024.09.23-02.25.41:782][794]LightingResults: New page: Lighting Build
[2024.09.23-02.25.41:802][794]LogAISub: UAISubsystem::~UAISubsystem AIPerceptionSystem (00000162E19560C0), frame # 7794
[2024.09.23-02.25.41:802][794]LogAISub: UAISubsystem::~UAISubsystem EnvQueryManager (00000162BCC39400), frame # 7794
[2024.09.23-02.25.41:804][794]LogUObjectHash: Compacting FUObjectHashTables data took   1.75ms
[2024.09.23-02.25.41:856][794]LogEditorServer: Finished looking for orphan Actors (0.000 secs)
[2024.09.23-02.25.41:856][794]LogAIModule: Creating AISystem for world Test
[2024.09.23-02.25.41:856][794]LogAISub: UAISubsystem::UAISubsystem EnvQueryManager (0000016348E26C00), frame # 7794
[2024.09.23-02.25.41:856][794]LogAISub: UAISubsystem::UAISubsystem AIPerceptionSystem (00000162BCBA2200), frame # 7794
[2024.09.23-02.25.41:879][794]LogUObjectHash: Compacting FUObjectHashTables data took   1.69ms
[2024.09.23-02.25.41:891][794]Cmd: MAP CHECKDEP NOCLEARLOG
[2024.09.23-02.25.41:891][794]MapCheck: Map check complete: 0 Error(s), 0 Warning(s), took 0.119ms to complete.
[2024.09.23-02.25.41:891][794]LogFileHelpers: Loading map 'Test' took 0.137
[2024.09.23-02.25.56:759][220]Cmd: OBJ SAVEPACKAGE PACKAGE="/Game/Levels/Test" FILE="../../../../Projects/LostWorld/Content/Levels/Test.umap" SILENT=true AUTOSAVING=false KEEPDIRTY=false
[2024.09.23-02.25.56:780][220]LogUObjectHash: Compacting FUObjectHashTables data took   1.38ms
[2024.09.23-02.25.56:785][220]LogSavePackage: Moving '../../../../Projects/LostWorld/Saved/Test272406DC4BCA3F71BD3A3A9F9B1A1998.tmp' to '../../../../Projects/LostWorld/Content/Levels/Test.umap'
[2024.09.23-02.25.56:842][220]AssetCheck: New page: Asset Save: Test
[2024.09.23-02.25.56:842][220]LogContentValidation: Display: Validating World /Game/Levels/Test.Test
[2024.09.23-02.26.04:397][998]LogTemp: Repeating last play command: Selected Viewport
[2024.09.23-02.26.04:405][998]LogPlayLevel: PlayLevel: No blueprints needed recompiling
[2024.09.23-02.26.04:405][998]PIE: New page: PIE session: Test (23 Sep 2024, 10:26:04 pm)
[2024.09.23-02.26.04:405][998]LogPlayLevel: Creating play world package: /Game/Levels/UEDPIE_0_Test
[2024.09.23-02.26.04:406][998]LogPlayLevel: PIE: StaticDuplicateObject took: (0.000462s)
[2024.09.23-02.26.04:406][998]LogAIModule: Creating AISystem for world Test
[2024.09.23-02.26.04:406][998]LogAISub: UAISubsystem::UAISubsystem EnvQueryManager (000001629D553E00), frame # 9998
[2024.09.23-02.26.04:406][998]LogAISub: UAISubsystem::UAISubsystem AIPerceptionSystem (00000162FC10FD80), frame # 9998
[2024.09.23-02.26.04:407][998]LogPlayLevel: PIE: World Init took: (0.000791s)
[2024.09.23-02.26.04:407][998]LogPlayLevel: PIE: Created PIE world by copying editor world from /Game/Levels/Test.Test to /Game/Levels/UEDPIE_0_Test.Test (0.001354s)
[2024.09.23-02.26.04:431][998]LogUObjectHash: Compacting FUObjectHashTables data took   1.89ms
[2024.09.23-02.26.04:432][998]LogAudioMixer: Display: Audio Mixer Platform Settings:
[2024.09.23-02.26.04:432][998]LogAudioMixer: Display: 	Sample Rate:						  48000
[2024.09.23-02.26.04:432][998]LogAudioMixer: Display: 	Callback Buffer Frame Size Requested: 1024
[2024.09.23-02.26.04:432][998]LogAudioMixer: Display: 	Callback Buffer Frame Size To Use:	  1024
[2024.09.23-02.26.04:432][998]LogAudioMixer: Display: 	Number of buffers to queue:			  2
[2024.09.23-02.26.04:432][998]LogAudioMixer: Display: 	Max Channels (voices):				  32
[2024.09.23-02.26.04:432][998]LogAudioMixer: Display: 	Number of Async Source Workers:		  0
[2024.09.23-02.26.04:432][998]LogAudio: Display: AudioDevice MaxSources: 32
[2024.09.23-02.26.04:432][998]LogAudio: Display: Using built-in audio occlusion.
[2024.09.23-02.26.04:432][998]LogAudioMixer: Display: Initializing audio mixer.
[2024.09.23-02.26.04:438][998]LogAudioMixer: Display: 0: FrontLeft
[2024.09.23-02.26.04:438][998]LogAudioMixer: Display: 1: FrontRight
[2024.09.23-02.26.04:462][998]LogAudioMixer: Display: Using Audio Device Speakers (Realtek(R) Audio)
[2024.09.23-02.26.04:462][998]LogAudioMixer: Display: Initializing Sound Submixes...
[2024.09.23-02.26.04:462][998]LogAudioMixer: Display: Creating Master Submix 'MasterSubmixDefault'
[2024.09.23-02.26.04:463][998]LogAudioMixer: Display: Creating Master Submix 'MasterReverbSubmixDefault'
[2024.09.23-02.26.04:463][998]LogAudioMixer: Display: Creating Master Submix 'MasterEQSubmixDefault'
[2024.09.23-02.26.04:473][998]LogInit: FAudioDevice initialized.
[2024.09.23-02.26.04:480][998]LogLoad: Game class is 'LostWorldGameModeBattleBp_C'
[2024.09.23-02.26.04:481][998]LogWorld: Bringing World /Game/Levels/UEDPIE_0_Test.Test up for play (max tick rate 0) at 2024.09.23-12.26.04
[2024.09.23-02.26.04:481][998]LogWorld: Bringing up level for play took: 0.000322
[2024.09.23-02.26.04:481][998]LogOnline: OSS: Creating online subsystem instance for: :Context_5
[2024.09.23-02.26.04:483][998]PIE: Server logged in
[2024.09.23-02.26.04:484][998]PIE: Play in editor total start time 0.079 seconds.
[2024.09.23-02.26.06:182][175]LogSlate: Updating window title bar state: overlay mode, drag disabled, window buttons hidden, title bar hidden
[2024.09.23-02.26.06:182][175]LogWorld: BeginTearingDown for /Game/Levels/UEDPIE_0_Test
[2024.09.23-02.26.06:182][175]LogWorld: UWorld::CleanupWorld for Test, bSessionEnded=true, bCleanupResources=true
[2024.09.23-02.26.06:182][175]LogSlate: InvalidateAllWidgets triggered.  All widgets were invalidated
[2024.09.23-02.26.06:189][175]LogPlayLevel: Display: Shutting down PIE online subsystems
[2024.09.23-02.26.06:192][175]LogSlate: InvalidateAllWidgets triggered.  All widgets were invalidated
[2024.09.23-02.26.06:223][175]LogSlate: Updating window title bar state: overlay mode, drag disabled, window buttons hidden, title bar hidden
[2024.09.23-02.26.06:223][175]LogAISub: UAISubsystem::~UAISubsystem AIPerceptionSystem (00000162FC10FD80), frame # 10175
[2024.09.23-02.26.06:224][175]LogAISub: UAISubsystem::~UAISubsystem EnvQueryManager (000001629D553E00), frame # 10175
[2024.09.23-02.26.06:226][175]LogUObjectHash: Compacting FUObjectHashTables data took   1.80ms
[2024.09.23-02.26.06:251][177]LogPlayLevel: Display: Destroying online subsystem :Context_5
[2024.09.23-02.26.54:113][423]LogEditorViewport: Clicking Background
