Log file open, 09/23/24 12:27:13
LogInit: Display: Running engine for game: LostWorld
LogPlatformFile: Not using cached read wrapper
LogTaskGraph: Started task graph with 5 named threads and 20 total threads with 3 sets of task threads.
LogStats: Stats thread started at 0.217066
LogD3D11RHI: Loaded GFSDK_Aftermath_Lib.x64.dll
LogICUInternationalization: ICU TimeZone Detection - Raw Offset: +10:00, Platform Override: ''
LogPluginManager: Mounting plugin Paper2D
LogPluginManager: Mounting plugin AISupport
LogPluginManager: Mounting plugin LightPropagationVolume
LogPluginManager: Mounting plugin CameraShakePreviewer
LogPluginManager: Mounting plugin ActorLayerUtilities
LogPluginManager: Mounting plugin AnimationSharing
LogPluginManager: Mounting plugin CLionSourceCodeAccess
LogPluginManager: Mounting plugin CodeLiteSourceCodeAccess
LogPluginManager: Mounting plugin GitSourceControl
LogPluginManager: Mounting plugin KDevelopSourceCodeAccess
LogPluginManager: Mounting plugin NullSourceCodeAccess
LogPluginManager: Mounting plugin PerforceSourceControl
LogPluginManager: Mounting plugin PlasticSourceControl
LogPluginManager: Mounting plugin RiderLink
LogPluginManager: Mounting plugin RiderSourceCodeAccess
LogPluginManager: Mounting plugin SubversionSourceControl
LogPluginManager: Mounting plugin UObjectPlugin
LogPluginManager: Mounting plugin VisualStudioCodeSourceCodeAccess
LogPluginManager: Mounting plugin VisualStudioSourceCodeAccess
LogPluginManager: Mounting plugin XCodeSourceCodeAccess
LogPluginManager: Mounting plugin AssetManagerEditor
LogPluginManager: Mounting plugin CryptoKeys
LogPluginManager: Mounting plugin CurveEditorTools
LogPluginManager: Mounting plugin DataValidation
LogPluginManager: Mounting plugin EditorScriptingUtilities
LogPluginManager: Mounting plugin FacialAnimation
LogPluginManager: Mounting plugin GameplayTagsEditor
LogPluginManager: Mounting plugin GeometryMode
LogPluginManager: Mounting plugin MacGraphicsSwitching
LogPluginManager: Mounting plugin MaterialAnalyzer
LogPluginManager: Mounting plugin MobileLauncherProfileWizard
LogPluginManager: Mounting plugin PluginBrowser
LogPluginManager: Mounting plugin SpeedTreeImporter
LogPluginManager: Mounting plugin DatasmithContent
LogPluginManager: Mounting plugin VariantManagerContent
LogPluginManager: Mounting plugin AlembicImporter
LogPluginManager: Mounting plugin AutomationUtils
LogPluginManager: Mounting plugin BackChannel
LogPluginManager: Mounting plugin ChaosCloth
LogPluginManager: Mounting plugin ChaosClothEditor
LogPluginManager: Mounting plugin ChaosEditor
LogPluginManager: Mounting plugin ChaosNiagara
LogPluginManager: Mounting plugin ChaosSolverPlugin
LogPluginManager: Mounting plugin CharacterAI
LogPluginManager: Mounting plugin GeometryCache
LogPluginManager: Mounting plugin GeometryCollectionPlugin
LogPluginManager: Mounting plugin GeometryProcessing
LogPluginManager: Mounting plugin PlanarCut
LogPluginManager: Mounting plugin PlatformCrypto
LogPluginManager: Mounting plugin ProxyLODPlugin
LogPluginManager: Mounting plugin SkeletalReduction
LogPluginManager: Mounting plugin Niagara
LogPluginManager: Mounting plugin MagicLeap
LogPluginManager: Mounting plugin MagicLeapLightEstimation
LogPluginManager: Mounting plugin MagicLeapMedia
LogPluginManager: Mounting plugin MagicLeapPassableWorld
LogPluginManager: Mounting plugin MLSDK
LogPluginManager: Mounting plugin AutoSizeComments
LogPluginManager: Mounting plugin ConsoleEnhanced
LogPluginManager: Mounting plugin AndroidMedia
LogPluginManager: Mounting plugin AvfMedia
LogPluginManager: Mounting plugin ImgMedia
LogPluginManager: Mounting plugin MediaCompositing
LogPluginManager: Mounting plugin MediaPlayerEditor
LogPluginManager: Mounting plugin WebMMedia
LogPluginManager: Mounting plugin WmfMedia
LogPluginManager: Mounting plugin MeshPainting
LogPluginManager: Mounting plugin TcpMessaging
LogPluginManager: Mounting plugin UdpMessaging
LogPluginManager: Mounting plugin ActorSequence
LogPluginManager: Mounting plugin LevelSequenceEditor
LogPluginManager: Mounting plugin MatineeToLevelSequence
LogPluginManager: Mounting plugin MovieRenderPipeline
LogPluginManager: Mounting plugin TemplateSequence
LogPluginManager: Mounting plugin NetcodeUnitTest
LogPluginManager: Mounting plugin NUTUnrealEngine4
LogPluginManager: Mounting plugin OnlineSubsystemGooglePlay
LogPluginManager: Mounting plugin OnlineSubsystemIOS
LogPluginManager: Mounting plugin OnlineSubsystem
LogPluginManager: Mounting plugin OnlineSubsystemNull
LogPluginManager: Mounting plugin OnlineSubsystemUtils
LogPluginManager: Mounting plugin LauncherChunkInstaller
LogPluginManager: Mounting plugin AndroidDeviceProfileSelector
LogPluginManager: Mounting plugin AndroidMoviePlayer
LogPluginManager: Mounting plugin AndroidPermission
LogPluginManager: Mounting plugin AppleImageUtils
LogPluginManager: Mounting plugin AppleMoviePlayer
LogPluginManager: Mounting plugin ArchVisCharacter
LogPluginManager: Mounting plugin AssetTags
LogPluginManager: Mounting plugin AudioCapture
LogPluginManager: Mounting plugin CableComponent
LogPluginManager: Mounting plugin CustomMeshComponent
LogPluginManager: Mounting plugin EditableMesh
LogPluginManager: Mounting plugin ExampleDeviceProfileSelector
LogPluginManager: Mounting plugin GoogleCloudMessaging
LogPluginManager: Mounting plugin GooglePAD
LogPluginManager: Mounting plugin IOSDeviceProfileSelector
LogPluginManager: Mounting plugin LinuxDeviceProfileSelector
LogPluginManager: Mounting plugin LocationServicesBPLibrary
LogPluginManager: Mounting plugin MobilePatchingUtils
LogPluginManager: Mounting plugin OculusVR
LogPluginManager: Mounting plugin PhysXVehicles
LogPluginManager: Mounting plugin PostSplashScreen
LogPluginManager: Mounting plugin ProceduralMeshComponent
LogPluginManager: Mounting plugin RuntimePhysXCooking
LogPluginManager: Mounting plugin SignificanceManager
LogPluginManager: Mounting plugin SoundFields
LogPluginManager: Mounting plugin SteamVR
LogPluginManager: Mounting plugin Synthesis
LogPluginManager: Mounting plugin WebMMoviePlayer
LogPluginManager: Mounting plugin WindowsMoviePlayer
LogPluginManager: Mounting plugin ScreenshotTools
LogInit: Using libcurl 7.55.1-DEV
LogInit:  - built for x86_64-pc-win32
LogInit:  - supports SSL with OpenSSL/1.1.1
LogInit:  - supports HTTP deflate (compression) using libz 1.2.8
LogInit:  - other features:
LogInit:      CURL_VERSION_SSL
LogInit:      CURL_VERSION_LIBZ
LogInit:      CURL_VERSION_IPV6
LogInit:      CURL_VERSION_ASYNCHDNS
LogInit:      CURL_VERSION_LARGEFILE
LogInit:      CURL_VERSION_IDN
LogInit:  CurlRequestOptions (configurable via config and command line):
LogInit:  - bVerifyPeer = true  - Libcurl will verify peer certificate
LogInit:  - bUseHttpProxy = false  - Libcurl will NOT use HTTP proxy
LogInit:  - bDontReuseConnections = false  - Libcurl will reuse connections
LogInit:  - MaxHostConnections = 16  - Libcurl will limit the number of connections to a host
LogInit:  - LocalHostAddr = Default
LogInit:  - BufferSize = 65536
LogOnline: OSS: Creating online subsystem instance for: NULL
LogInit: WinSock: version 1.1 (2.2), MaxSocks=32767, MaxUdp=65467
LogOnline: OSS: TryLoadSubsystemAndSetDefault: Loaded subsystem for module [NULL]
LogInit: Build: ++UE4+Release-4.25-CL-14469661
LogInit: Engine Version: 4.25.4-14469661+++UE4+Release-4.25
LogInit: Compatible Engine Version: 4.25.0-13144385+++UE4+Release-4.25
LogInit: Net CL: 13144385
LogInit: OS: Windows 10 (Release 2009) (), CPU: Intel(R) Core(TM) i5-9600K CPU @ 3.70GHz, GPU: NVIDIA GeForce GTX 1660 Ti
LogInit: Compiled (64-bit): Oct 11 2020 08:10:49
LogInit: Compiled with Visual C++: 19.24.28315.00
LogInit: Build Configuration: Development
LogInit: Branch Name: ++UE4+Release-4.25
LogInit: Command Line:  -skipcompile
LogInit: Base Directory: C:/Users/zekra/Documents/UE/UE_4.25/Engine/Binaries/Win64/
LogInit: Allocator: TBB
LogInit: Installed Engine Build: 1
LogDevObjectVersion: Number of dev versions registered: 26
LogDevObjectVersion:   Dev-Blueprints (B0D832E4-1F89-4F0D-ACCF-7EB736FD4AA2): 10
LogDevObjectVersion:   Dev-Build (E1C64328-A22C-4D53-A36C-8E866417BD8C): 0
LogDevObjectVersion:   Dev-Core (375EC13C-06E4-48FB-B500-84F0262A717E): 4
LogDevObjectVersion:   Dev-Editor (E4B068ED-F494-42E9-A231-DA0B2E46BB41): 38
LogDevObjectVersion:   Dev-Framework (CFFC743F-43B0-4480-9391-14DF171D2073): 37
LogDevObjectVersion:   Dev-Mobile (B02B49B5-BB20-44E9-A304-32B752E40360): 2
LogDevObjectVersion:   Dev-Networking (A4E4105C-59A1-49B5-A7C5-40C4547EDFEE): 0
LogDevObjectVersion:   Dev-Online (39C831C9-5AE6-47DC-9A44-9C173E1C8E7C): 0
LogDevObjectVersion:   Dev-Physics (78F01B33-EBEA-4F98-B9B4-84EACCB95AA2): 4
LogDevObjectVersion:   Dev-Platform (6631380F-2D4D-43E0-8009-CF276956A95A): 0
LogDevObjectVersion:   Dev-Rendering (12F88B9F-8875-4AFC-A67C-D90C383ABD29): 43
LogDevObjectVersion:   Dev-Sequencer (7B5AE74C-D270-4C10-A958-57980B212A5A): 12
LogDevObjectVersion:   Dev-VR (D7296918-1DD6-4BDD-9DE2-64A83CC13884): 3
LogDevObjectVersion:   Dev-LoadTimes (C2A15278-BFE7-4AFE-6C17-90FF531DF755): 1
LogDevObjectVersion:   Private-Geometry (6EACA3D4-40EC-4CC1-B786-8BED09428FC5): 3
LogDevObjectVersion:   Dev-AnimPhys (29E575DD-E0A3-4627-9D10-D276232CDCEA): 17
LogDevObjectVersion:   Dev-Anim (AF43A65D-7FD3-4947-9873-3E8ED9C1BB05): 7
LogDevObjectVersion:   Dev-ReflectionCapture (6B266CEC-1EC7-4B8F-A30B-E4D90942FC07): 1
LogDevObjectVersion:   Dev-Automation (0DF73D61-A23F-47EA-B727-89E90C41499A): 1
LogDevObjectVersion:   FortniteMain (601D1886-AC64-4F84-AA16-D3DE0DEAC7D6): 31
LogDevObjectVersion:   Dev-Enterprise (9DFFBCD6-494F-0158-E221-12823C92A888): 10
LogDevObjectVersion:   Dev-Niagara (F2AED0AC-9AFE-416F-8664-AA7FFA26D6FC): 1
LogDevObjectVersion:   Dev-Destruction (174F1F0B-B4C6-45A5-B13F-2EE8D0FB917D): 10
LogDevObjectVersion:   Dev-Physics-Ext (35F94A83-E258-406C-A318-09F59610247C): 37
LogDevObjectVersion:   Dev-PhysicsMaterial-Chaos (B68FC16E-8B1B-42E2-B453-215C058844FE): 1
LogDevObjectVersion:   Dev-CineCamera (B2E18506-4273-CFC2-A54E-F4BB758BBA07): 1
LogInit: Presizing for max 25165824 objects, including 0 objects not considered by GC, pre-allocating 0 bytes for permanent pool.
LogConfig: Applying CVar settings from Section [/Script/Engine.StreamingSettings] File [C:/Users/zekra/Documents/UE/Projects/LostWorld/Saved/Config/Windows/Engine.ini]
LogConfig: Setting CVar [[s.MinBulkDataSizeForAsyncLoading:131072]]
LogConfig: Setting CVar [[s.AsyncLoadingThreadEnabled:0]]
LogConfig: Setting CVar [[s.EventDrivenLoaderEnabled:1]]
LogConfig: Setting CVar [[s.WarnIfTimeLimitExceeded:0]]
LogConfig: Setting CVar [[s.TimeLimitExceededMultiplier:1.5]]
LogConfig: Setting CVar [[s.TimeLimitExceededMinTime:0.005]]
LogConfig: Setting CVar [[s.UseBackgroundLevelStreaming:1]]
LogConfig: Setting CVar [[s.PriorityAsyncLoadingExtraTime:15.0]]
LogConfig: Setting CVar [[s.LevelStreamingActorsUpdateTimeLimit:5.0]]
LogConfig: Setting CVar [[s.PriorityLevelStreamingActorsUpdateExtraTime:5.0]]
LogConfig: Setting CVar [[s.LevelStreamingComponentsRegistrationGranularity:10]]
LogConfig: Setting CVar [[s.UnregisterComponentsTimeLimit:1.0]]
LogConfig: Setting CVar [[s.LevelStreamingComponentsUnregistrationGranularity:5]]
LogConfig: Setting CVar [[s.FlushStreamingOnExit:1]]
LogInit: Object subsystem initialized
LogConfig: Setting CVar [[con.DebugEarlyDefault:1]]
LogConfig: Setting CVar [[r.setres:1280x720]]
[2024.09.23-02.27.14:042][  0]LogConfig: Setting CVar [[r.VSync:0]]
[2024.09.23-02.27.14:042][  0]LogConfig: Setting CVar [[r.RHICmdBypass:0]]
[2024.09.23-02.27.14:042][  0]LogConfig: Applying CVar settings from Section [/Script/Engine.RendererSettings] File [C:/Users/zekra/Documents/UE/Projects/LostWorld/Saved/Config/Windows/Engine.ini]
[2024.09.23-02.27.14:042][  0]LogConfig: Setting CVar [[r.GPUCrashDebugging:0]]
[2024.09.23-02.27.14:042][  0]LogConfig: Setting CVar [[r.Mobile.DisableVertexFog:1]]
[2024.09.23-02.27.14:042][  0]LogConfig: Setting CVar [[r.Shadow.CSM.MaxMobileCascades:2]]
[2024.09.23-02.27.14:042][  0]LogConfig: Setting CVar [[r.MobileMSAA:1]]
[2024.09.23-02.27.14:042][  0]LogConfig: Setting CVar [[r.Mobile.UseLegacyShadingModel:0]]
[2024.09.23-02.27.14:042][  0]LogConfig: Setting CVar [[r.Mobile.AllowDitheredLODTransition:0]]
[2024.09.23-02.27.14:042][  0]LogConfig: Setting CVar [[r.Mobile.AllowSoftwareOcclusion:0]]
[2024.09.23-02.27.14:042][  0]LogConfig: Setting CVar [[r.Mobile.VirtualTextures:0]]
[2024.09.23-02.27.14:043][  0]LogConfig: Setting CVar [[r.DiscardUnusedQuality:0]]
[2024.09.23-02.27.14:043][  0]LogConfig: Setting CVar [[r.AllowOcclusionQueries:1]]
[2024.09.23-02.27.14:043][  0]LogConfig: Setting CVar [[r.MinScreenRadiusForLights:0.030000]]
[2024.09.23-02.27.14:043][  0]LogConfig: Setting CVar [[r.MinScreenRadiusForDepthPrepass:0.030000]]
[2024.09.23-02.27.14:043][  0]LogConfig: Setting CVar [[r.MinScreenRadiusForCSMDepth:0.010000]]
[2024.09.23-02.27.14:043][  0]LogConfig: Setting CVar [[r.PrecomputedVisibilityWarning:0]]
[2024.09.23-02.27.14:043][  0]LogConfig: Setting CVar [[r.TextureStreaming:1]]
[2024.09.23-02.27.14:043][  0]LogConfig: Setting CVar [[Compat.UseDXT5NormalMaps:0]]
[2024.09.23-02.27.14:043][  0]LogConfig: Setting CVar [[r.VirtualTextures:0]]
[2024.09.23-02.27.14:043][  0]LogConfig: Setting CVar [[r.VirtualTexturedLightmaps:0]]
[2024.09.23-02.27.14:043][  0]LogConfig: Setting CVar [[r.VT.TileSize:128]]
[2024.09.23-02.27.14:044][  0]LogConfig: Setting CVar [[r.VT.TileBorderSize:4]]
[2024.09.23-02.27.14:044][  0]LogConfig: Setting CVar [[r.vt.FeedbackFactor:16]]
[2024.09.23-02.27.14:044][  0]LogConfig: Setting CVar [[r.VT.EnableCompressZlib:1]]
[2024.09.23-02.27.14:044][  0]LogConfig: Setting CVar [[r.VT.EnableCompressCrunch:0]]
[2024.09.23-02.27.14:044][  0]LogConfig: Setting CVar [[r.ClearCoatNormal:0]]
[2024.09.23-02.27.14:044][  0]LogConfig: Setting CVar [[r.AnisotropicBRDF:0]]
[2024.09.23-02.27.14:044][  0]LogConfig: Setting CVar [[r.ReflectionCaptureResolution:128]]
[2024.09.23-02.27.14:044][  0]LogConfig: Setting CVar [[r.ReflectionEnvironmentLightmapMixBasedOnRoughness:1]]
[2024.09.23-02.27.14:044][  0]LogConfig: Setting CVar [[r.ForwardShading:0]]
[2024.09.23-02.27.14:044][  0]LogConfig: Setting CVar [[r.VertexFoggingForOpaque:1]]
[2024.09.23-02.27.14:044][  0]LogConfig: Setting CVar [[r.AllowStaticLighting:1]]
[2024.09.23-02.27.14:044][  0]LogConfig: Setting CVar [[r.NormalMapsForStaticLighting:0]]
[2024.09.23-02.27.14:044][  0]LogConfig: Setting CVar [[r.GenerateMeshDistanceFields:0]]
[2024.09.23-02.27.14:044][  0]LogConfig: Setting CVar [[r.DistanceFieldBuild.EightBit:0]]
[2024.09.23-02.27.14:045][  0]LogConfig: Setting CVar [[r.GenerateLandscapeGIData:0]]
[2024.09.23-02.27.14:045][  0]LogConfig: Setting CVar [[r.DistanceFieldBuild.Compress:0]]
[2024.09.23-02.27.14:045][  0]LogConfig: Setting CVar [[r.TessellationAdaptivePixelsPerTriangle:48.000000]]
[2024.09.23-02.27.14:045][  0]LogConfig: Setting CVar [[r.SeparateTranslucency:1]]
[2024.09.23-02.27.14:045][  0]LogConfig: Setting CVar [[r.TranslucentSortPolicy:0]]
[2024.09.23-02.27.14:045][  0]LogConfig: Setting CVar [[r.CustomDepth:1]]
[2024.09.23-02.27.14:045][  0]LogConfig: Setting CVar [[r.CustomDepthTemporalAAJitter:1]]
[2024.09.23-02.27.14:045][  0]LogConfig: Setting CVar [[r.PostProcessing.PropagateAlpha:0]]
[2024.09.23-02.27.14:045][  0]LogConfig: Setting CVar [[r.DefaultFeature.Bloom:1]]
[2024.09.23-02.27.14:045][  0]LogConfig: Setting CVar [[r.DefaultFeature.AmbientOcclusion:1]]
[2024.09.23-02.27.14:045][  0]LogConfig: Setting CVar [[r.DefaultFeature.AmbientOcclusionStaticFraction:1]]
[2024.09.23-02.27.14:045][  0]LogConfig: Setting CVar [[r.DefaultFeature.AutoExposure:0]]
[2024.09.23-02.27.14:045][  0]LogConfig: Setting CVar [[r.DefaultFeature.AutoExposure.Method:0]]
[2024.09.23-02.27.14:045][  0]LogConfig: Setting CVar [[r.DefaultFeature.AutoExposure.Bias:1.000000]]
[2024.09.23-02.27.14:045][  0]LogConfig: Setting CVar [[r.DefaultFeature.AutoExposure.ExtendDefaultLuminanceRange:0]]
[2024.09.23-02.27.14:045][  0]LogConfig: Setting CVar [[r.UsePreExposure:1]]
[2024.09.23-02.27.14:046][  0]LogConfig: Setting CVar [[r.EyeAdaptation.EditorOnly:0]]
[2024.09.23-02.27.14:046][  0]LogConfig: Setting CVar [[r.DefaultFeature.MotionBlur:0]]
[2024.09.23-02.27.14:046][  0]LogConfig: Setting CVar [[r.DefaultFeature.LensFlare:0]]
[2024.09.23-02.27.14:046][  0]LogConfig: Setting CVar [[r.TemporalAA.Upsampling:0]]
[2024.09.23-02.27.14:046][  0]LogConfig: Setting CVar [[r.SSGI.Enable:0]]
[2024.09.23-02.27.14:046][  0]LogConfig: Setting CVar [[r.DefaultFeature.AntiAliasing:0]]
[2024.09.23-02.27.14:046][  0]LogConfig: Setting CVar [[r.DefaultFeature.LightUnits:1]]
[2024.09.23-02.27.14:046][  0]LogConfig: Setting CVar [[r.DefaultBackBufferPixelFormat:4]]
[2024.09.23-02.27.14:046][  0]LogConfig: Setting CVar [[r.Shadow.UnbuiltPreviewInGame:1]]
[2024.09.23-02.27.14:046][  0]LogConfig: Setting CVar [[r.StencilForLODDither:0]]
[2024.09.23-02.27.14:046][  0]LogConfig: Setting CVar [[r.EarlyZPass:3]]
[2024.09.23-02.27.14:046][  0]LogConfig: Setting CVar [[r.EarlyZPassOnlyMaterialMasking:0]]
[2024.09.23-02.27.14:046][  0]LogConfig: Setting CVar [[r.DBuffer:1]]
[2024.09.23-02.27.14:046][  0]LogConfig: Setting CVar [[r.ClearSceneMethod:1]]
[2024.09.23-02.27.14:046][  0]LogConfig: Setting CVar [[r.BasePassOutputsVelocity:0]]
[2024.09.23-02.27.14:047][  0]LogConfig: Setting CVar [[r.VertexDeformationOutputsVelocity:0]]
[2024.09.23-02.27.14:047][  0]LogConfig: Setting CVar [[r.SelectiveBasePassOutputs:0]]
[2024.09.23-02.27.14:047][  0]LogConfig: Setting CVar [[fx.GPUSimulationTextureSizeX:1024]]
[2024.09.23-02.27.14:047][  0]LogConfig: Setting CVar [[fx.GPUSimulationTextureSizeY:1024]]
[2024.09.23-02.27.14:047][  0]LogConfig: Setting CVar [[r.AllowGlobalClipPlane:0]]
[2024.09.23-02.27.14:047][  0]LogConfig: Setting CVar [[r.GBufferFormat:1]]
[2024.09.23-02.27.14:047][  0]LogConfig: Setting CVar [[r.MorphTarget.Mode:1]]
[2024.09.23-02.27.14:047][  0]LogConfig: Setting CVar [[vr.InstancedStereo:0]]
[2024.09.23-02.27.14:047][  0]LogConfig: Setting CVar [[r.MobileHDR:1]]
[2024.09.23-02.27.14:047][  0]LogConfig: Setting CVar [[vr.MobileMultiView:0]]
[2024.09.23-02.27.14:047][  0]LogConfig: Setting CVar [[r.Mobile.UseHWsRGBEncoding:0]]
[2024.09.23-02.27.14:047][  0]LogConfig: Setting CVar [[vr.RoundRobinOcclusion:0]]
[2024.09.23-02.27.14:047][  0]LogConfig: Setting CVar [[vr.ODSCapture:0]]
[2024.09.23-02.27.14:047][  0]LogConfig: Setting CVar [[r.MeshStreaming:0]]
[2024.09.23-02.27.14:047][  0]LogConfig: Setting CVar [[r.WireframeCullThreshold:5.000000]]
[2024.09.23-02.27.14:047][  0]LogConfig: Setting CVar [[r.RayTracing:0]]
[2024.09.23-02.27.14:047][  0]LogConfig: Setting CVar [[r.RayTracing.UseTextureLod:0]]
[2024.09.23-02.27.14:048][  0]LogConfig: Setting CVar [[r.SupportStationarySkylight:1]]
[2024.09.23-02.27.14:048][  0]LogConfig: Setting CVar [[r.SupportLowQualityLightmaps:1]]
[2024.09.23-02.27.14:048][  0]LogConfig: Setting CVar [[r.SupportPointLightWholeSceneShadows:1]]
[2024.09.23-02.27.14:048][  0]LogConfig: Setting CVar [[r.SupportAtmosphericFog:1]]
[2024.09.23-02.27.14:048][  0]LogConfig: Setting CVar [[r.SupportSkyAtmosphere:1]]
[2024.09.23-02.27.14:048][  0]LogConfig: Setting CVar [[r.SupportSkyAtmosphereAffectsHeightFog:0]]
[2024.09.23-02.27.14:048][  0]LogConfig: Setting CVar [[r.SkinCache.CompileShaders:0]]
[2024.09.23-02.27.14:048][  0]LogConfig: Setting CVar [[r.SkinCache.DefaultBehavior:1]]
[2024.09.23-02.27.14:048][  0]LogConfig: Setting CVar [[r.SkinCache.SceneMemoryLimitInMB:128.000000]]
[2024.09.23-02.27.14:048][  0]LogConfig: Setting CVar [[r.Mobile.EnableStaticAndCSMShadowReceivers:1]]
[2024.09.23-02.27.14:048][  0]LogConfig: Setting CVar [[r.Mobile.EnableMovableLightCSMShaderCulling:1]]
[2024.09.23-02.27.14:048][  0]LogConfig: Setting CVar [[r.Mobile.AllowDistanceFieldShadows:1]]
[2024.09.23-02.27.14:048][  0]LogConfig: Setting CVar [[r.Mobile.AllowMovableDirectionalLights:1]]
[2024.09.23-02.27.14:048][  0]LogConfig: Setting CVar [[r.MobileNumDynamicPointLights:4]]
[2024.09.23-02.27.14:048][  0]LogConfig: Setting CVar [[r.MobileDynamicPointLightsUseStaticBranch:1]]
[2024.09.23-02.27.14:048][  0]LogConfig: Setting CVar [[r.Mobile.EnableMovableSpotlights:0]]
[2024.09.23-02.27.14:049][  0]LogConfig: Setting CVar [[r.GPUSkin.Support16BitBoneIndex:0]]
[2024.09.23-02.27.14:049][  0]LogConfig: Setting CVar [[r.GPUSkin.Limit2BoneInfluences:0]]
[2024.09.23-02.27.14:049][  0]LogConfig: Setting CVar [[r.SupportDepthOnlyIndexBuffers:1]]
[2024.09.23-02.27.14:049][  0]LogConfig: Setting CVar [[r.SupportReversedIndexBuffers:1]]
[2024.09.23-02.27.14:049][  0]LogConfig: Setting CVar [[r.SupportMaterialLayers:0]]
[2024.09.23-02.27.14:049][  0]LogConfig: Setting CVar [[r.LightPropagationVolume:0]]
[2024.09.23-02.27.14:049][  0]LogConfig: Applying CVar settings from Section [/Script/Engine.RendererOverrideSettings] File [C:/Users/zekra/Documents/UE/Projects/LostWorld/Saved/Config/Windows/Engine.ini]
[2024.09.23-02.27.14:049][  0]LogConfig: Applying CVar settings from Section [/Script/Engine.StreamingSettings] File [C:/Users/zekra/Documents/UE/Projects/LostWorld/Saved/Config/Windows/Engine.ini]
[2024.09.23-02.27.14:049][  0]LogConfig: Setting CVar [[s.MinBulkDataSizeForAsyncLoading:131072]]
[2024.09.23-02.27.14:049][  0]LogConfig: Setting CVar [[s.AsyncLoadingThreadEnabled:0]]
[2024.09.23-02.27.14:049][  0]LogConfig: Setting CVar [[s.EventDrivenLoaderEnabled:1]]
[2024.09.23-02.27.14:049][  0]LogConfig: Setting CVar [[s.WarnIfTimeLimitExceeded:0]]
[2024.09.23-02.27.14:049][  0]LogConfig: Setting CVar [[s.TimeLimitExceededMultiplier:1.5]]
[2024.09.23-02.27.14:049][  0]LogConfig: Setting CVar [[s.TimeLimitExceededMinTime:0.005]]
[2024.09.23-02.27.14:049][  0]LogConfig: Setting CVar [[s.UseBackgroundLevelStreaming:1]]
[2024.09.23-02.27.14:049][  0]LogConfig: Setting CVar [[s.PriorityAsyncLoadingExtraTime:15.0]]
[2024.09.23-02.27.14:049][  0]LogConfig: Setting CVar [[s.LevelStreamingActorsUpdateTimeLimit:5.0]]
[2024.09.23-02.27.14:050][  0]LogConfig: Setting CVar [[s.PriorityLevelStreamingActorsUpdateExtraTime:5.0]]
[2024.09.23-02.27.14:050][  0]LogConfig: Setting CVar [[s.LevelStreamingComponentsRegistrationGranularity:10]]
[2024.09.23-02.27.14:050][  0]LogConfig: Setting CVar [[s.UnregisterComponentsTimeLimit:1.0]]
[2024.09.23-02.27.14:050][  0]LogConfig: Setting CVar [[s.LevelStreamingComponentsUnregistrationGranularity:5]]
[2024.09.23-02.27.14:050][  0]LogConfig: Setting CVar [[s.FlushStreamingOnExit:1]]
[2024.09.23-02.27.14:050][  0]LogConfig: Applying CVar settings from Section [/Script/Engine.GarbageCollectionSettings] File [C:/Users/zekra/Documents/UE/Projects/LostWorld/Saved/Config/Windows/Engine.ini]
[2024.09.23-02.27.14:050][  0]LogConfig: Setting CVar [[gc.MaxObjectsNotConsideredByGC:1]]
[2024.09.23-02.27.14:050][  0]LogConfig: Setting CVar [[gc.SizeOfPermanentObjectPool:0]]
[2024.09.23-02.27.14:050][  0]LogConfig: Setting CVar [[gc.FlushStreamingOnGC:0]]
[2024.09.23-02.27.14:050][  0]LogConfig: Setting CVar [[gc.NumRetriesBeforeForcingGC:10]]
[2024.09.23-02.27.14:050][  0]LogConfig: Setting CVar [[gc.AllowParallelGC:1]]
[2024.09.23-02.27.14:050][  0]LogConfig: Setting CVar [[gc.TimeBetweenPurgingPendingKillObjects:61.1]]
[2024.09.23-02.27.14:050][  0]LogConfig: Setting CVar [[gc.MaxObjectsInEditor:25165824]]
[2024.09.23-02.27.14:050][  0]LogConfig: Setting CVar [[gc.IncrementalBeginDestroyEnabled:1]]
[2024.09.23-02.27.14:050][  0]LogConfig: Setting CVar [[gc.CreateGCClusters:1]]
[2024.09.23-02.27.14:050][  0]LogConfig: Setting CVar [[gc.MinGCClusterSize:5]]
[2024.09.23-02.27.14:051][  0]LogConfig: Setting CVar [[gc.ActorClusteringEnabled:0]]
[2024.09.23-02.27.14:051][  0]LogConfig: Setting CVar [[gc.BlueprintClusteringEnabled:0]]
[2024.09.23-02.27.14:051][  0]LogConfig: Setting CVar [[gc.UseDisregardForGCOnDedicatedServers:0]]
[2024.09.23-02.27.14:051][  0]LogConfig: Applying CVar settings from Section [/Script/Engine.NetworkSettings] File [C:/Users/zekra/Documents/UE/Projects/LostWorld/Saved/Config/Windows/Engine.ini]
[2024.09.23-02.27.14:051][  0]LogConfig: Applying CVar settings from Section [/Script/UnrealEd.CookerSettings] File [C:/Users/zekra/Documents/UE/Projects/LostWorld/Saved/Config/Windows/Engine.ini]
[2024.09.23-02.27.14:062][  0]LogConfig: Applying CVar settings from Section [ViewDistanceQuality@3] File [C:/Users/zekra/Documents/UE/Projects/LostWorld/Saved/Config/Windows/Scalability.ini]
[2024.09.23-02.27.14:062][  0]LogConfig: Setting CVar [[r.SkeletalMeshLODBias:0]]
[2024.09.23-02.27.14:062][  0]LogConfig: Setting CVar [[r.ViewDistanceScale:1.0]]
[2024.09.23-02.27.14:063][  0]LogConfig: Applying CVar settings from Section [AntiAliasingQuality@3] File [C:/Users/zekra/Documents/UE/Projects/LostWorld/Saved/Config/Windows/Scalability.ini]
[2024.09.23-02.27.14:063][  0]LogConfig: Setting CVar [[r.PostProcessAAQuality:4]]
[2024.09.23-02.27.14:063][  0]LogConfig: Applying CVar settings from Section [ShadowQuality@3] File [C:/Users/zekra/Documents/UE/Projects/LostWorld/Saved/Config/Windows/Scalability.ini]
[2024.09.23-02.27.14:063][  0]LogConfig: Setting CVar [[r.LightFunctionQuality:1]]
[2024.09.23-02.27.14:063][  0]LogConfig: Setting CVar [[r.ShadowQuality:5]]
[2024.09.23-02.27.14:063][  0]LogConfig: Setting CVar [[r.Shadow.CSM.MaxCascades:10]]
[2024.09.23-02.27.14:063][  0]LogConfig: Setting CVar [[r.Shadow.MaxResolution:2048]]
[2024.09.23-02.27.14:063][  0]LogConfig: Setting CVar [[r.Shadow.MaxCSMResolution:2048]]
[2024.09.23-02.27.14:063][  0]LogConfig: Setting CVar [[r.Shadow.RadiusThreshold:0.01]]
[2024.09.23-02.27.14:063][  0]LogConfig: Setting CVar [[r.Shadow.DistanceScale:1.0]]
[2024.09.23-02.27.14:064][  0]LogConfig: Setting CVar [[r.Shadow.CSM.TransitionScale:1.0]]
[2024.09.23-02.27.14:064][  0]LogConfig: Setting CVar [[r.Shadow.PreShadowResolutionFactor:1.0]]
[2024.09.23-02.27.14:064][  0]LogConfig: Setting CVar [[r.DistanceFieldShadowing:1]]
[2024.09.23-02.27.14:064][  0]LogConfig: Setting CVar [[r.DistanceFieldAO:1]]
[2024.09.23-02.27.14:064][  0]LogConfig: Setting CVar [[r.AOQuality:2]]
[2024.09.23-02.27.14:064][  0]LogConfig: Setting CVar [[r.VolumetricFog:1]]
[2024.09.23-02.27.14:064][  0]LogConfig: Setting CVar [[r.VolumetricFog.GridPixelSize:8]]
[2024.09.23-02.27.14:064][  0]LogConfig: Setting CVar [[r.VolumetricFog.GridSizeZ:128]]
[2024.09.23-02.27.14:064][  0]LogConfig: Setting CVar [[r.VolumetricFog.HistoryMissSupersampleCount:4]]
[2024.09.23-02.27.14:064][  0]LogConfig: Setting CVar [[r.LightMaxDrawDistanceScale:1]]
[2024.09.23-02.27.14:065][  0]LogConfig: Setting CVar [[r.CapsuleShadows:1]]
[2024.09.23-02.27.14:065][  0]LogConfig: Applying CVar settings from Section [PostProcessQuality@3] File [C:/Users/zekra/Documents/UE/Projects/LostWorld/Saved/Config/Windows/Scalability.ini]
[2024.09.23-02.27.14:065][  0]LogConfig: Setting CVar [[r.MotionBlurQuality:4]]
[2024.09.23-02.27.14:065][  0]LogConfig: Setting CVar [[r.AmbientOcclusionMipLevelFactor:0.4]]
[2024.09.23-02.27.14:065][  0]LogConfig: Setting CVar [[r.AmbientOcclusionMaxQuality:100]]
[2024.09.23-02.27.14:065][  0]LogConfig: Setting CVar [[r.AmbientOcclusionLevels:-1]]
[2024.09.23-02.27.14:065][  0]LogConfig: Setting CVar [[r.AmbientOcclusionRadiusScale:1.0]]
[2024.09.23-02.27.14:065][  0]LogConfig: Setting CVar [[r.DepthOfFieldQuality:2]]
[2024.09.23-02.27.14:065][  0]LogConfig: Setting CVar [[r.RenderTargetPoolMin:400]]
[2024.09.23-02.27.14:065][  0]LogConfig: Setting CVar [[r.LensFlareQuality:2]]
[2024.09.23-02.27.14:065][  0]LogConfig: Setting CVar [[r.SceneColorFringeQuality:1]]
[2024.09.23-02.27.14:065][  0]LogConfig: Setting CVar [[r.EyeAdaptationQuality:2]]
[2024.09.23-02.27.14:065][  0]LogConfig: Setting CVar [[r.BloomQuality:5]]
[2024.09.23-02.27.14:065][  0]LogConfig: Setting CVar [[r.FastBlurThreshold:100]]
[2024.09.23-02.27.14:066][  0]LogConfig: Setting CVar [[r.Upscale.Quality:3]]
[2024.09.23-02.27.14:066][  0]LogConfig: Setting CVar [[r.Tonemapper.GrainQuantization:1]]
[2024.09.23-02.27.14:066][  0]LogConfig: Setting CVar [[r.LightShaftQuality:1]]
[2024.09.23-02.27.14:066][  0]LogConfig: Setting CVar [[r.Filter.SizeScale:1]]
[2024.09.23-02.27.14:066][  0]LogConfig: Setting CVar [[r.Tonemapper.Quality:5]]
[2024.09.23-02.27.14:066][  0]LogConfig: Setting CVar [[r.DOF.Gather.AccumulatorQuality:1        ; higher gathering accumulator quality]]
[2024.09.23-02.27.14:066][  0]LogConfig: Setting CVar [[r.DOF.Gather.PostfilterMethod:1          ; Median3x3 postfilering method]]
[2024.09.23-02.27.14:066][  0]LogConfig: Setting CVar [[r.DOF.Gather.EnableBokehSettings:0       ; no bokeh simulation when gathering]]
[2024.09.23-02.27.14:066][  0]LogConfig: Setting CVar [[r.DOF.Gather.RingCount:4                 ; medium number of samples when gathering]]
[2024.09.23-02.27.14:066][  0]LogConfig: Setting CVar [[r.DOF.Scatter.ForegroundCompositing:1    ; additive foreground scattering]]
[2024.09.23-02.27.14:066][  0]LogConfig: Setting CVar [[r.DOF.Scatter.BackgroundCompositing:2    ; additive background scattering]]
[2024.09.23-02.27.14:066][  0]LogConfig: Setting CVar [[r.DOF.Scatter.EnableBokehSettings:1      ; bokeh simulation when scattering]]
[2024.09.23-02.27.14:066][  0]LogConfig: Setting CVar [[r.DOF.Scatter.MaxSpriteRatio:0.1         ; only a maximum of 10% of scattered bokeh]]
[2024.09.23-02.27.14:067][  0]LogConfig: Setting CVar [[r.DOF.Recombine.Quality:1                ; cheap slight out of focus]]
[2024.09.23-02.27.14:067][  0]LogConfig: Setting CVar [[r.DOF.Recombine.EnableBokehSettings:0    ; no bokeh simulation on slight out of focus]]
[2024.09.23-02.27.14:067][  0]LogConfig: Setting CVar [[r.DOF.TemporalAAQuality:1                ; more stable temporal accumulation]]
[2024.09.23-02.27.14:067][  0]LogConfig: Setting CVar [[r.DOF.Kernel.MaxForegroundRadius:0.025]]
[2024.09.23-02.27.14:067][  0]LogConfig: Setting CVar [[r.DOF.Kernel.MaxBackgroundRadius:0.025]]
[2024.09.23-02.27.14:067][  0]LogConfig: Applying CVar settings from Section [TextureQuality@3] File [C:/Users/zekra/Documents/UE/Projects/LostWorld/Saved/Config/Windows/Scalability.ini]
[2024.09.23-02.27.14:067][  0]LogConfig: Setting CVar [[r.Streaming.MipBias:0]]
[2024.09.23-02.27.14:067][  0]LogConfig: Setting CVar [[r.Streaming.AmortizeCPUToGPUCopy:0]]
[2024.09.23-02.27.14:067][  0]LogConfig: Setting CVar [[r.Streaming.MaxNumTexturesToStreamPerFrame:0]]
[2024.09.23-02.27.14:067][  0]LogConfig: Setting CVar [[r.Streaming.Boost:1]]
[2024.09.23-02.27.14:067][  0]LogConfig: Setting CVar [[r.MaxAnisotropy:8]]
[2024.09.23-02.27.14:068][  0]LogConfig: Setting CVar [[r.VT.MaxAnisotropy:8]]
[2024.09.23-02.27.14:068][  0]LogConfig: Setting CVar [[r.Streaming.LimitPoolSizeToVRAM:0]]
[2024.09.23-02.27.14:068][  0]LogConfig: Setting CVar [[r.Streaming.PoolSize:1000]]
[2024.09.23-02.27.14:068][  0]LogConfig: Setting CVar [[r.Streaming.MaxEffectiveScreenSize:0]]
[2024.09.23-02.27.14:068][  0]LogConfig: Applying CVar settings from Section [EffectsQuality@3] File [C:/Users/zekra/Documents/UE/Projects/LostWorld/Saved/Config/Windows/Scalability.ini]
[2024.09.23-02.27.14:068][  0]LogConfig: Setting CVar [[r.TranslucencyLightingVolumeDim:64]]
[2024.09.23-02.27.14:068][  0]LogConfig: Setting CVar [[r.RefractionQuality:2]]
[2024.09.23-02.27.14:068][  0]LogConfig: Setting CVar [[r.SSR.Quality:3]]
[2024.09.23-02.27.14:068][  0]LogConfig: Setting CVar [[r.SSR.HalfResSceneColor:0]]
[2024.09.23-02.27.14:068][  0]LogConfig: Setting CVar [[r.SceneColorFormat:4]]
[2024.09.23-02.27.14:068][  0]LogConfig: Setting CVar [[r.DetailMode:2]]
[2024.09.23-02.27.14:068][  0]LogConfig: Setting CVar [[r.TranslucencyVolumeBlur:1]]
[2024.09.23-02.27.14:069][  0]LogConfig: Setting CVar [[r.MaterialQualityLevel:1 ; High quality]]
[2024.09.23-02.27.14:069][  0]LogConfig: Setting CVar [[r.SSS.Scale:1]]
[2024.09.23-02.27.14:069][  0]LogConfig: Setting CVar [[r.SSS.SampleSet:2]]
[2024.09.23-02.27.14:069][  0]LogConfig: Setting CVar [[r.SSS.Quality:1]]
[2024.09.23-02.27.14:069][  0]LogConfig: Setting CVar [[r.SSS.HalfRes:0]]
[2024.09.23-02.27.14:069][  0]LogConfig: Setting CVar [[r.SSGI.Quality:3]]
[2024.09.23-02.27.14:069][  0]LogConfig: Setting CVar [[r.EmitterSpawnRateScale:1.0]]
[2024.09.23-02.27.14:069][  0]LogConfig: Setting CVar [[r.ParticleLightQuality:2]]
[2024.09.23-02.27.14:069][  0]LogConfig: Setting CVar [[r.SkyAtmosphere.AerialPerspectiveLUT.FastApplyOnOpaque:1 ; Always have FastSkyLUT 1 in this case to avoid wrong sky]]
[2024.09.23-02.27.14:069][  0]LogConfig: Setting CVar [[r.SkyAtmosphere.AerialPerspectiveLUT.SampleCountPerSlice:1]]
[2024.09.23-02.27.14:069][  0]LogConfig: Setting CVar [[r.SkyAtmosphere.AerialPerspectiveLUT.DepthResolution:16.0]]
[2024.09.23-02.27.14:069][  0]LogConfig: Setting CVar [[r.SkyAtmosphere.FastSkyLUT:1]]
[2024.09.23-02.27.14:069][  0]LogConfig: Setting CVar [[r.SkyAtmosphere.FastSkyLUT.SampleCountMin:4.0]]
[2024.09.23-02.27.14:069][  0]LogConfig: Setting CVar [[r.SkyAtmosphere.FastSkyLUT.SampleCountMax:32.0]]
[2024.09.23-02.27.14:069][  0]LogConfig: Setting CVar [[r.SkyAtmosphere.SampleCountMin:4.0]]
[2024.09.23-02.27.14:070][  0]LogConfig: Setting CVar [[r.SkyAtmosphere.SampleCountMax:32.0]]
[2024.09.23-02.27.14:070][  0]LogConfig: Setting CVar [[r.SkyAtmosphere.TransmittanceLUT.UseSmallFormat:0]]
[2024.09.23-02.27.14:070][  0]LogConfig: Setting CVar [[r.SkyAtmosphere.TransmittanceLUT.SampleCount:10.0]]
[2024.09.23-02.27.14:070][  0]LogConfig: Setting CVar [[r.SkyAtmosphere.MultiScatteringLUT.SampleCount:15.0]]
[2024.09.23-02.27.14:070][  0]LogConfig: Applying CVar settings from Section [FoliageQuality@3] File [C:/Users/zekra/Documents/UE/Projects/LostWorld/Saved/Config/Windows/Scalability.ini]
[2024.09.23-02.27.14:070][  0]LogConfig: Setting CVar [[foliage.DensityScale:1.0]]
[2024.09.23-02.27.14:070][  0]LogConfig: Setting CVar [[grass.DensityScale:1.0]]
[2024.09.23-02.27.14:070][  0]LogConfig: Applying CVar settings from Section [ShadingQuality@3] File [C:/Users/zekra/Documents/UE/Projects/LostWorld/Saved/Config/Windows/Scalability.ini]
[2024.09.23-02.27.14:070][  0]LogConfig: Setting CVar [[r.HairStrands.SkyLighting.SampleCount:16]]
[2024.09.23-02.27.14:071][  0]LogConfig: Setting CVar [[r.HairStrands.SkyLighting.JitterIntegration:0]]
[2024.09.23-02.27.14:071][  0]LogConfig: Setting CVar [[r.HairStrands.SkyAO.SampleCount:16]]
[2024.09.23-02.27.14:071][  0]LogConfig: Setting CVar [[r.HairStrands.DeepShadow.SuperSampling:0]]
[2024.09.23-02.27.14:071][  0]LogConfig: Setting CVar [[r.HairStrands.VisibilityPPLL:0]]
[2024.09.23-02.27.14:071][  0]LogConfig: Setting CVar [[r.HairStrands.RasterizationScale:0.5]]
[2024.09.23-02.27.14:071][  0]LogConfig: Setting CVar [[r.HairStrands.VelocityRasterizationScale:1]]
[2024.09.23-02.27.14:071][  0]LogInit: Selected Device Profile: [Windows]
[2024.09.23-02.27.14:071][  0]LogInit: Applying CVar settings loaded from the selected device profile: [Windows]
[2024.09.23-02.27.14:071][  0]LogHAL: Display: Platform has ~ 32 GB [34275143680 / 34359738368 / 32], which maps to Largest [LargestMinGB=32, LargerMinGB=12, DefaultMinGB=8, SmallerMinGB=6, SmallestMinGB=0)
[2024.09.23-02.27.14:072][  0]LogInit: Going up to parent DeviceProfile []
[2024.09.23-02.27.14:072][  0]LogConfig: Applying CVar settings from Section [ViewDistanceQuality@3] File [C:/Users/zekra/Documents/UE/Projects/LostWorld/Saved/Config/Windows/Scalability.ini]
[2024.09.23-02.27.14:072][  0]LogConfig: Setting CVar [[r.SkeletalMeshLODBias:0]]
[2024.09.23-02.27.14:072][  0]LogConfig: Setting CVar [[r.ViewDistanceScale:1.0]]
[2024.09.23-02.27.14:072][  0]LogConfig: Applying CVar settings from Section [AntiAliasingQuality@3] File [C:/Users/zekra/Documents/UE/Projects/LostWorld/Saved/Config/Windows/Scalability.ini]
[2024.09.23-02.27.14:072][  0]LogConfig: Setting CVar [[r.PostProcessAAQuality:4]]
[2024.09.23-02.27.14:072][  0]LogConfig: Applying CVar settings from Section [ShadowQuality@3] File [C:/Users/zekra/Documents/UE/Projects/LostWorld/Saved/Config/Windows/Scalability.ini]
[2024.09.23-02.27.14:072][  0]LogConfig: Setting CVar [[r.LightFunctionQuality:1]]
[2024.09.23-02.27.14:073][  0]LogConfig: Setting CVar [[r.ShadowQuality:5]]
[2024.09.23-02.27.14:073][  0]LogConfig: Setting CVar [[r.Shadow.CSM.MaxCascades:10]]
[2024.09.23-02.27.14:073][  0]LogConfig: Setting CVar [[r.Shadow.MaxResolution:2048]]
[2024.09.23-02.27.14:073][  0]LogConfig: Setting CVar [[r.Shadow.MaxCSMResolution:2048]]
[2024.09.23-02.27.14:073][  0]LogConfig: Setting CVar [[r.Shadow.RadiusThreshold:0.01]]
[2024.09.23-02.27.14:073][  0]LogConfig: Setting CVar [[r.Shadow.DistanceScale:1.0]]
[2024.09.23-02.27.14:073][  0]LogConfig: Setting CVar [[r.Shadow.CSM.TransitionScale:1.0]]
[2024.09.23-02.27.14:073][  0]LogConfig: Setting CVar [[r.Shadow.PreShadowResolutionFactor:1.0]]
[2024.09.23-02.27.14:073][  0]LogConfig: Setting CVar [[r.DistanceFieldShadowing:1]]
[2024.09.23-02.27.14:073][  0]LogConfig: Setting CVar [[r.DistanceFieldAO:1]]
[2024.09.23-02.27.14:073][  0]LogConfig: Setting CVar [[r.AOQuality:2]]
[2024.09.23-02.27.14:073][  0]LogConfig: Setting CVar [[r.VolumetricFog:1]]
[2024.09.23-02.27.14:074][  0]LogConfig: Setting CVar [[r.VolumetricFog.GridPixelSize:8]]
[2024.09.23-02.27.14:074][  0]LogConfig: Setting CVar [[r.VolumetricFog.GridSizeZ:128]]
[2024.09.23-02.27.14:074][  0]LogConfig: Setting CVar [[r.VolumetricFog.HistoryMissSupersampleCount:4]]
[2024.09.23-02.27.14:074][  0]LogConfig: Setting CVar [[r.LightMaxDrawDistanceScale:1]]
[2024.09.23-02.27.14:074][  0]LogConfig: Setting CVar [[r.CapsuleShadows:1]]
[2024.09.23-02.27.14:074][  0]LogConfig: Applying CVar settings from Section [PostProcessQuality@3] File [C:/Users/zekra/Documents/UE/Projects/LostWorld/Saved/Config/Windows/Scalability.ini]
[2024.09.23-02.27.14:074][  0]LogConfig: Setting CVar [[r.MotionBlurQuality:4]]
[2024.09.23-02.27.14:074][  0]LogConfig: Setting CVar [[r.AmbientOcclusionMipLevelFactor:0.4]]
[2024.09.23-02.27.14:074][  0]LogConfig: Setting CVar [[r.AmbientOcclusionMaxQuality:100]]
[2024.09.23-02.27.14:074][  0]LogConfig: Setting CVar [[r.AmbientOcclusionLevels:-1]]
[2024.09.23-02.27.14:074][  0]LogConfig: Setting CVar [[r.AmbientOcclusionRadiusScale:1.0]]
[2024.09.23-02.27.14:074][  0]LogConfig: Setting CVar [[r.DepthOfFieldQuality:2]]
[2024.09.23-02.27.14:075][  0]LogConfig: Setting CVar [[r.RenderTargetPoolMin:400]]
[2024.09.23-02.27.14:075][  0]LogConfig: Setting CVar [[r.LensFlareQuality:2]]
[2024.09.23-02.27.14:075][  0]LogConfig: Setting CVar [[r.SceneColorFringeQuality:1]]
[2024.09.23-02.27.14:075][  0]LogConfig: Setting CVar [[r.EyeAdaptationQuality:2]]
[2024.09.23-02.27.14:075][  0]LogConfig: Setting CVar [[r.BloomQuality:5]]
[2024.09.23-02.27.14:075][  0]LogConfig: Setting CVar [[r.FastBlurThreshold:100]]
[2024.09.23-02.27.14:075][  0]LogConfig: Setting CVar [[r.Upscale.Quality:3]]
[2024.09.23-02.27.14:075][  0]LogConfig: Setting CVar [[r.Tonemapper.GrainQuantization:1]]
[2024.09.23-02.27.14:075][  0]LogConfig: Setting CVar [[r.LightShaftQuality:1]]
[2024.09.23-02.27.14:075][  0]LogConfig: Setting CVar [[r.Filter.SizeScale:1]]
[2024.09.23-02.27.14:075][  0]LogConfig: Setting CVar [[r.Tonemapper.Quality:5]]
[2024.09.23-02.27.14:075][  0]LogConfig: Setting CVar [[r.DOF.Gather.AccumulatorQuality:1        ; higher gathering accumulator quality]]
[2024.09.23-02.27.14:075][  0]LogConfig: Setting CVar [[r.DOF.Gather.PostfilterMethod:1          ; Median3x3 postfilering method]]
[2024.09.23-02.27.14:075][  0]LogConfig: Setting CVar [[r.DOF.Gather.EnableBokehSettings:0       ; no bokeh simulation when gathering]]
[2024.09.23-02.27.14:075][  0]LogConfig: Setting CVar [[r.DOF.Gather.RingCount:4                 ; medium number of samples when gathering]]
[2024.09.23-02.27.14:076][  0]LogConfig: Setting CVar [[r.DOF.Scatter.ForegroundCompositing:1    ; additive foreground scattering]]
[2024.09.23-02.27.14:076][  0]LogConfig: Setting CVar [[r.DOF.Scatter.BackgroundCompositing:2    ; additive background scattering]]
[2024.09.23-02.27.14:076][  0]LogConfig: Setting CVar [[r.DOF.Scatter.EnableBokehSettings:1      ; bokeh simulation when scattering]]
[2024.09.23-02.27.14:076][  0]LogConfig: Setting CVar [[r.DOF.Scatter.MaxSpriteRatio:0.1         ; only a maximum of 10% of scattered bokeh]]
[2024.09.23-02.27.14:076][  0]LogConfig: Setting CVar [[r.DOF.Recombine.Quality:1                ; cheap slight out of focus]]
[2024.09.23-02.27.14:076][  0]LogConfig: Setting CVar [[r.DOF.Recombine.EnableBokehSettings:0    ; no bokeh simulation on slight out of focus]]
[2024.09.23-02.27.14:076][  0]LogConfig: Setting CVar [[r.DOF.TemporalAAQuality:1                ; more stable temporal accumulation]]
[2024.09.23-02.27.14:076][  0]LogConfig: Setting CVar [[r.DOF.Kernel.MaxForegroundRadius:0.025]]
[2024.09.23-02.27.14:076][  0]LogConfig: Setting CVar [[r.DOF.Kernel.MaxBackgroundRadius:0.025]]
[2024.09.23-02.27.14:076][  0]LogConfig: Applying CVar settings from Section [TextureQuality@3] File [C:/Users/zekra/Documents/UE/Projects/LostWorld/Saved/Config/Windows/Scalability.ini]
[2024.09.23-02.27.14:076][  0]LogConfig: Setting CVar [[r.Streaming.MipBias:0]]
[2024.09.23-02.27.14:076][  0]LogConfig: Setting CVar [[r.Streaming.AmortizeCPUToGPUCopy:0]]
[2024.09.23-02.27.14:076][  0]LogConfig: Setting CVar [[r.Streaming.MaxNumTexturesToStreamPerFrame:0]]
[2024.09.23-02.27.14:076][  0]LogConfig: Setting CVar [[r.Streaming.Boost:1]]
[2024.09.23-02.27.14:076][  0]LogConfig: Setting CVar [[r.MaxAnisotropy:8]]
[2024.09.23-02.27.14:076][  0]LogConfig: Setting CVar [[r.VT.MaxAnisotropy:8]]
[2024.09.23-02.27.14:076][  0]LogConfig: Setting CVar [[r.Streaming.LimitPoolSizeToVRAM:0]]
[2024.09.23-02.27.14:076][  0]LogConfig: Setting CVar [[r.Streaming.PoolSize:1000]]
[2024.09.23-02.27.14:077][  0]LogConfig: Setting CVar [[r.Streaming.MaxEffectiveScreenSize:0]]
[2024.09.23-02.27.14:077][  0]LogConfig: Applying CVar settings from Section [EffectsQuality@3] File [C:/Users/zekra/Documents/UE/Projects/LostWorld/Saved/Config/Windows/Scalability.ini]
[2024.09.23-02.27.14:077][  0]LogConfig: Setting CVar [[r.TranslucencyLightingVolumeDim:64]]
[2024.09.23-02.27.14:077][  0]LogConfig: Setting CVar [[r.RefractionQuality:2]]
[2024.09.23-02.27.14:077][  0]LogConfig: Setting CVar [[r.SSR.Quality:3]]
[2024.09.23-02.27.14:077][  0]LogConfig: Setting CVar [[r.SSR.HalfResSceneColor:0]]
[2024.09.23-02.27.14:077][  0]LogConfig: Setting CVar [[r.SceneColorFormat:4]]
[2024.09.23-02.27.14:077][  0]LogConfig: Setting CVar [[r.DetailMode:2]]
[2024.09.23-02.27.14:077][  0]LogConfig: Setting CVar [[r.TranslucencyVolumeBlur:1]]
[2024.09.23-02.27.14:077][  0]LogConfig: Setting CVar [[r.MaterialQualityLevel:1 ; High quality]]
[2024.09.23-02.27.14:077][  0]LogConfig: Setting CVar [[r.SSS.Scale:1]]
[2024.09.23-02.27.14:077][  0]LogConfig: Setting CVar [[r.SSS.SampleSet:2]]
[2024.09.23-02.27.14:078][  0]LogConfig: Setting CVar [[r.SSS.Quality:1]]
[2024.09.23-02.27.14:078][  0]LogConfig: Setting CVar [[r.SSS.HalfRes:0]]
[2024.09.23-02.27.14:078][  0]LogConfig: Setting CVar [[r.SSGI.Quality:3]]
[2024.09.23-02.27.14:078][  0]LogConfig: Setting CVar [[r.EmitterSpawnRateScale:1.0]]
[2024.09.23-02.27.14:078][  0]LogConfig: Setting CVar [[r.ParticleLightQuality:2]]
[2024.09.23-02.27.14:078][  0]LogConfig: Setting CVar [[r.SkyAtmosphere.AerialPerspectiveLUT.FastApplyOnOpaque:1 ; Always have FastSkyLUT 1 in this case to avoid wrong sky]]
[2024.09.23-02.27.14:078][  0]LogConfig: Setting CVar [[r.SkyAtmosphere.AerialPerspectiveLUT.SampleCountPerSlice:1]]
[2024.09.23-02.27.14:078][  0]LogConfig: Setting CVar [[r.SkyAtmosphere.AerialPerspectiveLUT.DepthResolution:16.0]]
[2024.09.23-02.27.14:078][  0]LogConfig: Setting CVar [[r.SkyAtmosphere.FastSkyLUT:1]]
[2024.09.23-02.27.14:078][  0]LogConfig: Setting CVar [[r.SkyAtmosphere.FastSkyLUT.SampleCountMin:4.0]]
[2024.09.23-02.27.14:078][  0]LogConfig: Setting CVar [[r.SkyAtmosphere.FastSkyLUT.SampleCountMax:32.0]]
[2024.09.23-02.27.14:078][  0]LogConfig: Setting CVar [[r.SkyAtmosphere.SampleCountMin:4.0]]
[2024.09.23-02.27.14:078][  0]LogConfig: Setting CVar [[r.SkyAtmosphere.SampleCountMax:32.0]]
[2024.09.23-02.27.14:078][  0]LogConfig: Setting CVar [[r.SkyAtmosphere.TransmittanceLUT.UseSmallFormat:0]]
[2024.09.23-02.27.14:078][  0]LogConfig: Setting CVar [[r.SkyAtmosphere.TransmittanceLUT.SampleCount:10.0]]
[2024.09.23-02.27.14:078][  0]LogConfig: Setting CVar [[r.SkyAtmosphere.MultiScatteringLUT.SampleCount:15.0]]
[2024.09.23-02.27.14:078][  0]LogConfig: Applying CVar settings from Section [FoliageQuality@3] File [C:/Users/zekra/Documents/UE/Projects/LostWorld/Saved/Config/Windows/Scalability.ini]
[2024.09.23-02.27.14:078][  0]LogConfig: Setting CVar [[foliage.DensityScale:1.0]]
[2024.09.23-02.27.14:078][  0]LogConfig: Setting CVar [[grass.DensityScale:1.0]]
[2024.09.23-02.27.14:078][  0]LogConfig: Applying CVar settings from Section [ShadingQuality@3] File [C:/Users/zekra/Documents/UE/Projects/LostWorld/Saved/Config/Windows/Scalability.ini]
[2024.09.23-02.27.14:078][  0]LogConfig: Setting CVar [[r.HairStrands.SkyLighting.SampleCount:16]]
[2024.09.23-02.27.14:079][  0]LogConfig: Setting CVar [[r.HairStrands.SkyLighting.JitterIntegration:0]]
[2024.09.23-02.27.14:079][  0]LogConfig: Setting CVar [[r.HairStrands.SkyAO.SampleCount:16]]
[2024.09.23-02.27.14:079][  0]LogConfig: Setting CVar [[r.HairStrands.DeepShadow.SuperSampling:0]]
[2024.09.23-02.27.14:079][  0]LogConfig: Setting CVar [[r.HairStrands.VisibilityPPLL:0]]
[2024.09.23-02.27.14:079][  0]LogConfig: Setting CVar [[r.HairStrands.RasterizationScale:0.5]]
[2024.09.23-02.27.14:079][  0]LogConfig: Setting CVar [[r.HairStrands.VelocityRasterizationScale:1]]
[2024.09.23-02.27.14:079][  0]LogConfig: Applying CVar settings from Section [Startup] File [../../../Engine/Config/ConsoleVariables.ini]
[2024.09.23-02.27.14:079][  0]LogConfig: Setting CVar [[net.UseAdaptiveNetUpdateFrequency:0]]
[2024.09.23-02.27.14:079][  0]LogConfig: Setting CVar [[p.chaos.AllowCreatePhysxBodies:1]]
[2024.09.23-02.27.14:079][  0]LogConfig: Setting CVar [[fx.SkipVectorVMBackendOptimizations:1]]
[2024.09.23-02.27.14:079][  0]LogConfig: Applying CVar settings from Section [ConsoleVariables] File [C:/Users/zekra/Documents/UE/Projects/LostWorld/Saved/Config/Windows/Engine.ini]
[2024.09.23-02.27.14:080][  0]LogInit: Computer: DESKTOP-VS0096S
[2024.09.23-02.27.14:080][  0]LogInit: User: Val
[2024.09.23-02.27.14:080][  0]LogInit: CPU Page size=4096, Cores=6
[2024.09.23-02.27.14:080][  0]LogInit: High frequency timer resolution =10.000000 MHz
[2024.09.23-02.27.14:080][  0]LogMemory: Memory total: Physical=31.9GB (32GB approx)
[2024.09.23-02.27.14:080][  0]LogMemory: Platform Memory Stats for Windows
[2024.09.23-02.27.14:080][  0]LogMemory: Process Physical Memory: 115.99 MB used, 116.00 MB peak
[2024.09.23-02.27.14:080][  0]LogMemory: Process Virtual Memory: 96.63 MB used, 96.63 MB peak
[2024.09.23-02.27.14:080][  0]LogMemory: Physical Memory: 22015.41 MB used,  10671.91 MB free, 32687.32 MB total
[2024.09.23-02.27.14:080][  0]LogMemory: Virtual Memory: 5140.59 MB used,  134212584.00 MB free, 134217728.00 MB total
[2024.09.23-02.27.14:092][  0]LogWindows: WindowsPlatformFeatures enabled
[2024.09.23-02.27.14:377][  0]LogInit: Physics initialised using underlying interface: PhysX
[2024.09.23-02.27.14:379][  0]LogInit: Using OS detected language (en-GB).
[2024.09.23-02.27.14:379][  0]LogInit: Using OS detected locale (en-AU).
[2024.09.23-02.27.14:382][  0]LogTextLocalizationManager: No specific localization for 'en-GB' exists, so the 'en' localization will be used.
[2024.09.23-02.27.14:525][  0]LogInit: Setting process to per monitor DPI aware
[2024.09.23-02.27.14:615][  0]LogSlate: New Slate User Created.  User Index 0, Is Virtual User: 0
[2024.09.23-02.27.14:615][  0]LogSlate: Slate User Registered.  User Index 0, Is Virtual User: 0
[2024.09.23-02.27.14:727][  0]LogHMD: Failed to initialize OpenVR with code 110
[2024.09.23-02.27.14:727][  0]LogD3D11RHI: D3D11 min allowed feature level: 11_0
[2024.09.23-02.27.14:727][  0]LogD3D11RHI: D3D11 max allowed feature level: 11_0
[2024.09.23-02.27.14:727][  0]LogD3D11RHI: D3D11 adapters:
[2024.09.23-02.27.14:904][  0]LogD3D11RHI:    0. 'NVIDIA GeForce GTX 1660 Ti' (Feature Level 11_0)
[2024.09.23-02.27.14:904][  0]LogD3D11RHI:       5979/0/16343 MB DedicatedVideo/DedicatedSystem/SharedSystem, Outputs:2, VendorId:0x10de
[2024.09.23-02.27.14:911][  0]LogD3D11RHI:    1. 'Microsoft Basic Render Driver' (Feature Level 11_0)
[2024.09.23-02.27.14:911][  0]LogD3D11RHI:       0/0/16343 MB DedicatedVideo/DedicatedSystem/SharedSystem, Outputs:0, VendorId:0x1414
[2024.09.23-02.27.14:911][  0]LogD3D11RHI: Chosen D3D11 Adapter: 0
[2024.09.23-02.27.14:918][  0]LogD3D11RHI: Creating new Direct3DDevice
[2024.09.23-02.27.14:918][  0]LogD3D11RHI:     GPU DeviceId: 0x2182 (for the marketing name, search the web for "GPU Device Id")
[2024.09.23-02.27.14:918][  0]LogWindows: EnumDisplayDevices:
[2024.09.23-02.27.14:918][  0]LogWindows:    0. 'NVIDIA GeForce GTX 1660 Ti' (P:1 D:1)
[2024.09.23-02.27.14:919][  0]LogWindows:    1. 'NVIDIA GeForce GTX 1660 Ti' (P:0 D:1)
[2024.09.23-02.27.14:919][  0]LogWindows:    2. 'NVIDIA GeForce GTX 1660 Ti' (P:0 D:0)
[2024.09.23-02.27.14:920][  0]LogWindows:    3. 'NVIDIA GeForce GTX 1660 Ti' (P:0 D:0)
[2024.09.23-02.27.14:920][  0]LogWindows: DebugString: FoundDriverCount:4 
[2024.09.23-02.27.14:920][  0]LogD3D11RHI:     Adapter Name: NVIDIA GeForce GTX 1660 Ti
[2024.09.23-02.27.14:920][  0]LogD3D11RHI:   Driver Version: 536.23 (internal:31.0.15.3623, unified:536.23)
[2024.09.23-02.27.14:920][  0]LogD3D11RHI:      Driver Date: 6-8-2023
[2024.09.23-02.27.14:920][  0]LogRHI: Texture pool is 4185 MB (70% of 5979 MB)
[2024.09.23-02.27.15:013][  0]LogD3D11RHI: RHI has support for 64 bit atomics
[2024.09.23-02.27.15:014][  0]LogD3D11RHI: Async texture creation enabled
[2024.09.23-02.27.15:014][  0]LogD3D11RHI: Array index from any shader is supported
[2024.09.23-02.27.15:030][  0]LogD3D11RHI: GPU Timing Frequency: 1000.000000 (Debug: 2 1)
[2024.09.23-02.27.15:332][  0]LogTargetPlatformManager: Display: Loaded TargetPlatform 'AllDesktop'
[2024.09.23-02.27.15:360][  0]LogTargetPlatformManager: Display: Loaded TargetPlatform 'Android'
[2024.09.23-02.27.15:360][  0]LogTargetPlatformManager: Display: Loaded TargetPlatform 'Android_ASTC'
[2024.09.23-02.27.15:360][  0]LogTargetPlatformManager: Display: Loaded TargetPlatform 'Android_DXT'
[2024.09.23-02.27.15:360][  0]LogTargetPlatformManager: Display: Loaded TargetPlatform 'Android_ETC2'
[2024.09.23-02.27.15:360][  0]LogTargetPlatformManager: Display: Loaded TargetPlatform 'AndroidClient'
[2024.09.23-02.27.15:360][  0]LogTargetPlatformManager: Display: Loaded TargetPlatform 'Android_ASTCClient'
[2024.09.23-02.27.15:361][  0]LogTargetPlatformManager: Display: Loaded TargetPlatform 'Android_DXTClient'
[2024.09.23-02.27.15:361][  0]LogTargetPlatformManager: Display: Loaded TargetPlatform 'Android_ETC2Client'
[2024.09.23-02.27.15:361][  0]LogTargetPlatformManager: Display: Loaded TargetPlatform 'Android_Multi'
[2024.09.23-02.27.15:361][  0]LogTargetPlatformManager: Display: Loaded TargetPlatform 'Android_MultiClient'
[2024.09.23-02.27.15:414][  0]LogTargetPlatformManager: Display: Loaded TargetPlatform 'IOSClient'
[2024.09.23-02.27.15:414][  0]LogTargetPlatformManager: Display: Loaded TargetPlatform 'IOS'
[2024.09.23-02.27.15:433][  0]LogTargetPlatformManager: Display: Loaded TargetPlatform 'Linux'
[2024.09.23-02.27.15:451][  0]LogTargetPlatformManager: Display: Loaded TargetPlatform 'LinuxNoEditor'
[2024.09.23-02.27.15:468][  0]LogTargetPlatformManager: Display: Loaded TargetPlatform 'LinuxClient'
[2024.09.23-02.27.15:483][  0]LogTargetPlatformManager: Display: Loaded TargetPlatform 'LinuxServer'
[2024.09.23-02.27.15:501][  0]LogTargetPlatformManager: Display: Loaded TargetPlatform 'LinuxAArch64NoEditor'
[2024.09.23-02.27.15:517][  0]LogTargetPlatformManager: Display: Loaded TargetPlatform 'LinuxAArch64Client'
[2024.09.23-02.27.15:534][  0]LogTargetPlatformManager: Display: Loaded TargetPlatform 'LinuxAArch64Server'
[2024.09.23-02.27.15:567][  0]LogTargetPlatformManager: Display: Loaded TargetPlatform 'Lumin'
[2024.09.23-02.27.15:567][  0]LogTargetPlatformManager: Display: Loaded TargetPlatform 'LuminClient'
[2024.09.23-02.27.15:589][  0]LogTargetPlatformManager: Display: Loaded TargetPlatform 'TVOSClient'
[2024.09.23-02.27.15:589][  0]LogTargetPlatformManager: Display: Loaded TargetPlatform 'TVOS'
[2024.09.23-02.27.15:610][  0]LogTargetPlatformManager: Display: Loaded TargetPlatform 'WindowsNoEditor'
[2024.09.23-02.27.15:631][  0]LogTargetPlatformManager: Display: Loaded TargetPlatform 'Windows'
[2024.09.23-02.27.15:652][  0]LogTargetPlatformManager: Display: Loaded TargetPlatform 'WindowsClient'
[2024.09.23-02.27.15:672][  0]LogTargetPlatformManager: Display: Loaded TargetPlatform 'WindowsServer'
[2024.09.23-02.27.15:672][  0]LogTargetPlatformManager: Display: Building Assets For Windows
[2024.09.23-02.27.15:725][  0]LogAudioDebug: Display: Lib vorbis DLL was dynamically loaded.
[2024.09.23-02.27.16:010][  0]LogShaderCompilers: Guid format shader working directory is 15 characters bigger than the processId version (../../../../Projects/LostWorld/Intermediate/Shaders/WorkingDirectory/17484/).
[2024.09.23-02.27.16:010][  0]LogShaderCompilers: Cleaned the shader compiler working directory 'C:/Users/zekra/AppData/Local/Temp/UnrealShaderWorkingDir/45A8DD5546D3B1E69901AF865C6DA33A/'.
[2024.09.23-02.27.16:010][  0]LogXGEController: Cleaning working directory: C:/Users/zekra/AppData/Local/Temp/UnrealXGEWorkingDir/
[2024.09.23-02.27.16:010][  0]LogXGEController: Cannot use XGE Controller as Incredibuild is not installed on this machine.
[2024.09.23-02.27.16:011][  0]LogShaderCompilers: Cannot use XGE Shader Compiler as Incredibuild is not installed on this machine.
[2024.09.23-02.27.16:011][  0]LogShaderCompilers: Display: Using Local Shader Compiler.
[2024.09.23-02.27.16:625][  0]LogDerivedDataCache: Display: Max Cache Size: 512 MB
[2024.09.23-02.27.16:699][  0]LogDerivedDataCache: Loaded boot cache 0.05s 75MB C:/Users/zekra/AppData/Local/UnrealEngine/4.25/DerivedDataCache/Boot.ddc.
[2024.09.23-02.27.16:703][  0]LogDerivedDataCache: Display: Loaded Boot cache: C:/Users/zekra/AppData/Local/UnrealEngine/4.25/DerivedDataCache/Boot.ddc
[2024.09.23-02.27.16:703][  0]LogDerivedDataCache: FDerivedDataBackendGraph:  Pak pak cache file ../../../../Projects/LostWorld/DerivedDataCache/DDC.ddp not found, will not use a pak cache.
[2024.09.23-02.27.16:703][  0]LogDerivedDataCache: Unable to find inner node Pak for hierarchical cache Hierarchy.
[2024.09.23-02.27.16:703][  0]LogDerivedDataCache: FDerivedDataBackendGraph:  CompressedPak pak cache file ../../../../Projects/LostWorld/DerivedDataCache/Compressed.ddp not found, will not use a pak cache.
[2024.09.23-02.27.16:704][  0]LogDerivedDataCache: Unable to find inner node CompressedPak for hierarchical cache Hierarchy.
[2024.09.23-02.27.16:713][  0]LogDerivedDataCache: Display: Pak cache opened for reading ../../../Engine/DerivedDataCache/Compressed.ddp.
[2024.09.23-02.27.16:715][  0]LogDerivedDataCache: FDerivedDataBackendGraph:  EnterprisePak pak cache file ../../../Enterprise/DerivedDataCache/Compressed.ddp not found, will not use a pak cache.
[2024.09.23-02.27.16:715][  0]LogDerivedDataCache: Unable to find inner node EnterprisePak for hierarchical cache Hierarchy.
[2024.09.23-02.27.16:716][  0]LogDerivedDataCache: Using Local data cache path C:/Users/zekra/AppData/Local/UnrealEngine/Common/DerivedDataCache: Writable
[2024.09.23-02.27.16:717][  0]LogDerivedDataCache: Shared data cache path not found in *engine.ini, will not use an Shared cache.
[2024.09.23-02.27.16:717][  0]LogDerivedDataCache: Unable to find inner node Shared for hierarchical cache Hierarchy.
[2024.09.23-02.27.16:759][  0]LogSlate: Using FreeType 2.10.0
[2024.09.23-02.27.16:759][  0]LogSlate: SlateFontServices - WITH_FREETYPE: 1, WITH_HARFBUZZ: 1
[2024.09.23-02.27.16:787][  0]LogAssetRegistry: FAssetRegistry took 0.0020 seconds to start up
[2024.09.23-02.27.16:984][  0]LogInit: Selected Device Profile: [Windows]
[2024.09.23-02.27.17:215][  0]LogMeshReduction: Using QuadricMeshReduction for automatic static mesh reduction
[2024.09.23-02.27.17:215][  0]LogMeshReduction: Using SimplygonMeshReduction for automatic skeletal mesh reduction
[2024.09.23-02.27.17:215][  0]LogMeshReduction: Using ProxyLODMeshReduction for automatic mesh merging
[2024.09.23-02.27.17:215][  0]LogMeshReduction: No distributed automatic mesh merging module available
[2024.09.23-02.27.17:215][  0]LogMeshMerging: No distributed automatic mesh merging module available
[2024.09.23-02.27.17:242][  0]LogNetVersion: LostWorld 1.0.0, NetCL: 13144385, EngineNetVer: 14, GameNetVer: 0 (Checksum: 3618218532)
[2024.09.23-02.27.17:567][  0]LogAISub: UAISubsystem::UAISubsystem AISubsystem (00000257EAA65B00), frame # 0
[2024.09.23-02.27.17:567][  0]LogAISub: UAISubsystem::UAISubsystem AIPerceptionSystem (00000257EA9ABC40), frame # 0
[2024.09.23-02.27.17:568][  0]LogAISub: UAISubsystem::UAISubsystem EnvQueryManager (00000257EAA19E00), frame # 0
[2024.09.23-02.27.17:604][  0]LogPackageLocalizationCache: Processed 19 localized package path(s) for 1 prioritized culture(s) in 0.030801 seconds
[2024.09.23-02.27.17:608][  0]LogUObjectArray: 15917 objects as part of root set at end of initial load.
[2024.09.23-02.27.17:608][  0]LogUObjectAllocator: 3965568 out of 0 bytes used by permanent object pool.
[2024.09.23-02.27.17:608][  0]LogUObjectArray: CloseDisregardForGC: 0/0 objects in disregard for GC pool
[2024.09.23-02.27.18:952][  0]LogTcpMessaging: Initializing TcpMessaging bridge
[2024.09.23-02.27.18:972][  0]LogUdpMessaging: Initializing bridge on interface 0.0.0.0:0 to multicast group 230.0.0.1:6666.
[2024.09.23-02.27.19:318][  0]SourceControl: Source control is disabled
[2024.09.23-02.27.19:318][  0]SourceControl: Source control is disabled
[2024.09.23-02.27.19:345][  0]SourceControl: Source control is disabled
[2024.09.23-02.27.19:362][  0]SourceControl: Source control is disabled
[2024.09.23-02.27.19:412][  0]SourceControl: Source control is disabled
[2024.09.23-02.27.20:574][  0]LogAndroidPermission: UAndroidPermissionCallbackProxy::GetInstance
[2024.09.23-02.27.20:675][  0]LogAudioCaptureCore: Display: No Audio Capture implementations found. Audio input will be silent.
[2024.09.23-02.27.20:675][  0]LogAudioCaptureCore: Display: No Audio Capture implementations found. Audio input will be silent.
[2024.09.23-02.27.20:836][  0]LogOcInput: OculusInput pre-init called
[2024.09.23-02.27.20:872][  0]LogWindows: Failed to load 'OVRPlugin.dll' (GetLastError=126)
[2024.09.23-02.27.20:872][  0]LogWindows: File 'OVRPlugin.dll' does not exist
[2024.09.23-02.27.21:024][  0]LogEngine: Initializing Engine...
[2024.09.23-02.27.21:025][  0]LogHMD: Failed to initialize OpenVR with code 110
[2024.09.23-02.27.21:025][  0]LogMagicLeap: Warning: VR disabled because ZI is not enabled.  To enable, in the editor, Edit -> Project Settings -> Plugins -> Magic Leap Plugin -> Enable Zero Iteration
[2024.09.23-02.27.21:026][  0]LogStats: UGameplayTagsManager::InitializeManager -  0.000 s
[2024.09.23-02.27.21:117][  0]LogInit: Initializing FReadOnlyCVARCache
[2024.09.23-02.27.21:137][  0]LogAIModule: Creating AISystem for world Untitled
[2024.09.23-02.27.21:137][  0]LogAISub: UAISubsystem::UAISubsystem EnvQueryManager (00000257EC9D3C00), frame # 0
[2024.09.23-02.27.21:137][  0]LogAISub: UAISubsystem::UAISubsystem AIPerceptionSystem (00000257ECA54F40), frame # 0
[2024.09.23-02.27.21:158][  0]LogAudioMixer: Display: Audio Mixer Platform Settings:
[2024.09.23-02.27.21:158][  0]LogAudioMixer: Display: 	Sample Rate:						  48000
[2024.09.23-02.27.21:158][  0]LogAudioMixer: Display: 	Callback Buffer Frame Size Requested: 1024
[2024.09.23-02.27.21:158][  0]LogAudioMixer: Display: 	Callback Buffer Frame Size To Use:	  1024
[2024.09.23-02.27.21:158][  0]LogAudioMixer: Display: 	Number of buffers to queue:			  2
[2024.09.23-02.27.21:158][  0]LogAudioMixer: Display: 	Max Channels (voices):				  32
[2024.09.23-02.27.21:158][  0]LogAudioMixer: Display: 	Number of Async Source Workers:		  0
[2024.09.23-02.27.21:158][  0]LogAudio: Display: AudioDevice MaxSources: 32
[2024.09.23-02.27.21:159][  0]LogAudio: Display: Using built-in audio occlusion.
[2024.09.23-02.27.21:159][  0]LogAudioMixer: Display: Initializing audio mixer.
[2024.09.23-02.27.21:190][  0]LogAudioMixer: Display: 0: FrontLeft
[2024.09.23-02.27.21:190][  0]LogAudioMixer: Display: 1: FrontRight
[2024.09.23-02.27.21:238][  0]LogAudioMixer: Display: Using Audio Device Speakers (Realtek(R) Audio)
[2024.09.23-02.27.21:241][  0]LogAudioMixer: Display: Initializing Sound Submixes...
[2024.09.23-02.27.21:243][  0]LogAudioMixer: Display: Creating Master Submix 'MasterSubmixDefault'
[2024.09.23-02.27.21:243][  0]LogAudioMixer: Display: Creating Master Submix 'MasterReverbSubmixDefault'
[2024.09.23-02.27.21:244][  0]LogAudioMixer: Display: Creating Master Submix 'MasterEQSubmixDefault'
[2024.09.23-02.27.21:245][  0]LogInit: FAudioDevice initialized.
[2024.09.23-02.27.21:245][  0]LogNetVersion: Set ProjectVersion to 1.0.0.0. Version Checksum will be recalculated on next use.
[2024.09.23-02.27.21:286][  0]LogDerivedDataCache: Saved boot cache 0.04s 75MB C:/Users/zekra/AppData/Local/UnrealEngine/4.25/DerivedDataCache/Boot.ddc.
[2024.09.23-02.27.21:286][  0]LogInit: Texture streaming: Enabled
[2024.09.23-02.27.21:346][  0]LogEngineSessionManager: EngineSessionManager initialized
[2024.09.23-02.27.21:346][  0]LogEngineSessionManager: EngineSessionManager sent abnormal shutdown report. Type=AbnormalShutdown, SessionId={55D804C4-4507-C0A8-75CF-73995686C10A}
[2024.09.23-02.27.21:346][  0]LogEditorSessionSummary: Verbose: Initializing EditorSessionSummaryWriter for editor session tracking
[2024.09.23-02.27.21:348][  0]LogEditorSessionSummary: EditorSessionSummaryWriter initialized
[2024.09.23-02.27.21:399][  0]LogInit: Transaction tracking system initialized
[2024.09.23-02.27.21:496][  0]BlueprintLog: New page: Editor Load
[2024.09.23-02.27.21:833][  0]LocalizationService: Localization service is disabled
[2024.09.23-02.27.22:187][  0]LogCook: Display: Max memory allowance for cook 16384mb min free memory 0mb
[2024.09.23-02.27.22:187][  0]LogCook: Display: Mobile HDR setting 1
[2024.09.23-02.27.22:187][  0]LogAutoSizeComments: Startup AutoSizeComments
[2024.09.23-02.27.22:677][  0]LogFileCache: Scanning file cache for directory 'C:/Users/zekra/Documents/UE/Projects/LostWorld/Content/' took 0.00s
[2024.09.23-02.27.22:949][  0]SourceControl: Source control is disabled
[2024.09.23-02.27.22:949][  0]LogUnrealEdMisc: Loading editor; pre map load, took 10.867
[2024.09.23-02.27.22:950][  0]Cmd: MAP LOAD FILE="../../../../Projects/LostWorld/Content/Levels/MinimalDefaultCopy.umap" TEMPLATE=0 SHOWPROGRESS=1 FEATURELEVEL=3
[2024.09.23-02.27.22:950][  0]LightingResults: New page: Lighting Build
[2024.09.23-02.27.22:951][  0]LogWorld: UWorld::CleanupWorld for Untitled, bSessionEnded=true, bCleanupResources=true
[2024.09.23-02.27.22:951][  0]LogSlate: InvalidateAllWidgets triggered.  All widgets were invalidated
[2024.09.23-02.27.22:952][  0]MapCheck: New page: Map Check
[2024.09.23-02.27.22:952][  0]LightingResults: New page: Lighting Build
[2024.09.23-02.27.22:960][  0]LogAISub: UAISubsystem::~UAISubsystem EnvQueryManager (00000257EC9D3C00), frame # 0
[2024.09.23-02.27.22:960][  0]LogAISub: UAISubsystem::~UAISubsystem AIPerceptionSystem (00000257ECA54F40), frame # 0
[2024.09.23-02.27.22:961][  0]LogUObjectHash: Compacting FUObjectHashTables data took   0.83ms
[2024.09.23-02.27.23:084][  0]LogAIModule: Creating AISystem for world MinimalDefaultCopy
[2024.09.23-02.27.23:084][  0]LogAISub: UAISubsystem::UAISubsystem EnvQueryManager (00000257DC120400), frame # 0
[2024.09.23-02.27.23:084][  0]LogAISub: UAISubsystem::UAISubsystem AIPerceptionSystem (00000257DC025D00), frame # 0
[2024.09.23-02.27.23:088][  0]LogEditorServer: Finished looking for orphan Actors (0.000 secs)
[2024.09.23-02.27.23:097][  0]LogUObjectHash: Compacting FUObjectHashTables data took   0.74ms
[2024.09.23-02.27.23:098][  0]Cmd: MAP CHECKDEP NOCLEARLOG
[2024.09.23-02.27.23:098][  0]MapCheck: Map check complete: 0 Error(s), 0 Warning(s), took 0.194ms to complete.
[2024.09.23-02.27.23:098][  0]LogFileHelpers: Loading map 'MinimalDefaultCopy' took 0.149
[2024.09.23-02.27.23:101][  0]LogUnrealEdMisc: Total Editor Startup Time, took 11.019
[2024.09.23-02.27.23:246][  0]LogSlate: Took 0.000125 seconds to synchronously load lazily loaded font '../../../Engine/Content/Slate/Fonts/Roboto-Regular.ttf' (155K)
[2024.09.23-02.27.23:882][  0]LogSlate: Updating window title bar state: overlay mode, drag disabled, window buttons hidden, title bar hidden
[2024.09.23-02.27.23:888][  0]LogSlate: Updating window title bar state: overlay mode, drag disabled, window buttons hidden, title bar hidden
[2024.09.23-02.27.23:894][  0]LogSlate: Updating window title bar state: overlay mode, drag disabled, window buttons hidden, title bar hidden
[2024.09.23-02.27.23:901][  0]LogSlate: Updating window title bar state: overlay mode, drag disabled, window buttons hidden, title bar hidden
[2024.09.23-02.27.23:919][  0]LogCollectionManager: Loaded 0 collections in 0.001975 seconds
[2024.09.23-02.27.23:934][  0]LogFileCache: Scanning file cache for directory 'C:/Users/zekra/Documents/UE/Projects/LostWorld/Saved/Collections/' took 0.00s
[2024.09.23-02.27.23:934][  0]LogFileCache: Scanning file cache for directory 'C:/Users/zekra/Documents/UE/Projects/LostWorld/Content/Developers/Val/Collections/' took 0.00s
[2024.09.23-02.27.23:934][  0]LogFileCache: Scanning file cache for directory 'C:/Users/zekra/Documents/UE/Projects/LostWorld/Content/Collections/' took 0.00s
[2024.09.23-02.27.23:935][  0]LogContentBrowser: Native class hierarchy populated in 0.0081 seconds. Added 3438 classes and 829 folders.
[2024.09.23-02.27.23:937][  0]LogContentBrowser: Native class hierarchy updated for 'WidgetCarousel' in 0.0003 seconds. Added 0 classes and 0 folders.
[2024.09.23-02.27.23:978][  0]LogContentBrowser: Native class hierarchy updated for 'AddContentDialog' in 0.0004 seconds. Added 0 classes and 0 folders.
[2024.09.23-02.27.23:980][  0]LogContentBrowser: Native class hierarchy updated for 'SceneOutliner' in 0.0004 seconds. Added 2 classes and 0 folders.
[2024.09.23-02.27.24:003][  0]LogContentBrowser: Native class hierarchy updated for 'WorldBrowser' in 0.0004 seconds. Added 2 classes and 3 folders.
[2024.09.23-02.27.24:081][  0]LogSlate: Took 0.000181 seconds to synchronously load lazily loaded font '../../../Engine/Content/Slate/Fonts/Roboto-Bold.ttf' (160K)
[2024.09.23-02.27.24:083][  0]LogSlate: Took 0.000130 seconds to synchronously load lazily loaded font '../../../Engine/Content/Editor/Slate/Fonts/FontAwesome.ttf' (139K)
[2024.09.23-02.27.24:135][  0]LogRenderer: Reallocating scene render targets to support 1432x600 Format 10 NumSamples 1 (Frame:1).
[2024.09.23-02.27.24:204][  0]LogContentBrowser: Native class hierarchy updated for 'HierarchicalLODOutliner' in 0.0004 seconds. Added 0 classes and 0 folders.
[2024.09.23-02.27.24:204][  0]LogLoad: (Engine Initialization) Total time: 12.12 seconds
[2024.09.23-02.27.24:205][  0]LogLoad: (Engine Initialization) Total Blueprint compile time: 0.00 seconds
[2024.09.23-02.27.24:619][  0]LogAssetRegistry: Asset discovery search completed in 7.8328 seconds
[2024.09.23-02.27.24:619][  0]LogAutoSizeComments: Loaded auto size comments cache: ../../../Engine/Plugins/Marketplace/AutoSizeComments/ASCCache/7D4A53564EE1015E902C29B8F812ED99.json
[2024.09.23-02.27.24:623][  0]LogCollectionManager: Fixed up redirectors for 0 collections in 0.000002 seconds (updated 0 objects)
[2024.09.23-02.27.24:624][  0]LogContentStreaming: Texture pool size now 1000 MB
[2024.09.23-02.27.24:646][  0]LogSlate: Took 0.000109 seconds to synchronously load lazily loaded font '../../../Engine/Content/Slate/Fonts/Roboto-Light.ttf' (167K)
[2024.09.23-02.27.48:520][701]LogAssetEditorSubsystem: Opening Asset editor for World /Game/Levels/Test.Test
[2024.09.23-02.27.48:528][701]LogUObjectHash: Compacting FUObjectHashTables data took   0.49ms
[2024.09.23-02.27.48:529][701]Cmd: MAP LOAD FILE="../../../../Projects/LostWorld/Content/Levels/Test.umap" TEMPLATE=0 SHOWPROGRESS=1 FEATURELEVEL=3
[2024.09.23-02.27.48:530][701]LightingResults: New page: Lighting Build
[2024.09.23-02.27.48:530][701]LoadErrors: New page: Loading map: Test.umap
[2024.09.23-02.27.48:571][701]LogWorld: UWorld::CleanupWorld for MinimalDefaultCopy, bSessionEnded=true, bCleanupResources=true
[2024.09.23-02.27.48:572][701]LogSlate: InvalidateAllWidgets triggered.  All widgets were invalidated
[2024.09.23-02.27.48:572][701]MapCheck: New page: Map Check
[2024.09.23-02.27.48:572][701]LightingResults: New page: Lighting Build
[2024.09.23-02.27.48:580][701]LogAISub: UAISubsystem::~UAISubsystem EnvQueryManager (00000257DC120400), frame # 2701
[2024.09.23-02.27.48:581][701]LogAISub: UAISubsystem::~UAISubsystem AIPerceptionSystem (00000257DC025D00), frame # 2701
[2024.09.23-02.27.48:581][701]LogUObjectHash: Compacting FUObjectHashTables data took   0.61ms
[2024.09.23-02.27.48:620][701]LogEditorServer: Finished looking for orphan Actors (0.000 secs)
[2024.09.23-02.27.48:620][701]LogAIModule: Creating AISystem for world Test
[2024.09.23-02.27.48:620][701]LogAISub: UAISubsystem::UAISubsystem EnvQueryManager (000002579D235200), frame # 2701
[2024.09.23-02.27.48:620][701]LogAISub: UAISubsystem::UAISubsystem AIPerceptionSystem (00000257D8EA2200), frame # 2701
[2024.09.23-02.27.48:630][701]LogUObjectHash: Compacting FUObjectHashTables data took   0.42ms
[2024.09.23-02.27.48:642][701]Cmd: MAP CHECKDEP NOCLEARLOG
[2024.09.23-02.27.48:642][701]MapCheck: Map check complete: 0 Error(s), 0 Warning(s), took 0.113ms to complete.
[2024.09.23-02.27.48:642][701]LogFileHelpers: Loading map 'Test' took 0.114
[2024.09.23-02.27.49:594][792]LogTemp: Repeating last play command: Selected Viewport
[2024.09.23-02.27.49:602][792]LogPlayLevel: PlayLevel: No blueprints needed recompiling
[2024.09.23-02.27.49:602][792]PIE: New page: PIE session: Test (23 Sep 2024, 10:27:49 pm)
[2024.09.23-02.27.49:603][792]LogOnline: OSS: Creating online subsystem instance for: NULL
[2024.09.23-02.27.49:605][792]LogOnline: OSS: TryLoadSubsystemAndSetDefault: Loaded subsystem for module [NULL]
[2024.09.23-02.27.49:605][792]LogLinker: Warning: Failed to load '/Game/Blueprints/LostWorldGameInstance': Can't find file.
[2024.09.23-02.27.49:606][792]LogLinker: Warning: Failed to load '/Game/Blueprints/LostWorldGameInstance': Can't find file.
[2024.09.23-02.27.49:606][792]LogUObjectGlobals: Warning: Failed to find object 'Class /Game/Blueprints/LostWorldGameInstance.LostWorldGameInstance_C'
[2024.09.23-02.27.49:606][792]LogPlayLevel: Creating play world package: /Game/Levels/UEDPIE_0_Test
[2024.09.23-02.27.49:607][792]LogPlayLevel: PIE: StaticDuplicateObject took: (0.000601s)
[2024.09.23-02.27.49:608][792]LogAIModule: Creating AISystem for world Test
[2024.09.23-02.27.49:608][792]LogAISub: UAISubsystem::UAISubsystem EnvQueryManager (000002579F0F6800), frame # 2792
[2024.09.23-02.27.49:608][792]LogAISub: UAISubsystem::UAISubsystem AIPerceptionSystem (00000257DC025440), frame # 2792
[2024.09.23-02.27.49:608][792]LogPlayLevel: PIE: World Init took: (0.001195s)
[2024.09.23-02.27.49:608][792]LogPlayLevel: PIE: Created PIE world by copying editor world from /Game/Levels/Test.Test to /Game/Levels/UEDPIE_0_Test.Test (0.002215s)
[2024.09.23-02.27.49:616][792]LogUObjectHash: Compacting FUObjectHashTables data took   0.44ms
[2024.09.23-02.27.49:617][792]LogAudioMixer: Display: Audio Mixer Platform Settings:
[2024.09.23-02.27.49:617][792]LogAudioMixer: Display: 	Sample Rate:						  48000
[2024.09.23-02.27.49:617][792]LogAudioMixer: Display: 	Callback Buffer Frame Size Requested: 1024
[2024.09.23-02.27.49:617][792]LogAudioMixer: Display: 	Callback Buffer Frame Size To Use:	  1024
[2024.09.23-02.27.49:617][792]LogAudioMixer: Display: 	Number of buffers to queue:			  2
[2024.09.23-02.27.49:617][792]LogAudioMixer: Display: 	Max Channels (voices):				  32
[2024.09.23-02.27.49:618][792]LogAudioMixer: Display: 	Number of Async Source Workers:		  0
[2024.09.23-02.27.49:618][792]LogAudio: Display: AudioDevice MaxSources: 32
[2024.09.23-02.27.49:618][792]LogAudio: Display: Using built-in audio occlusion.
[2024.09.23-02.27.49:618][792]LogAudioMixer: Display: Initializing audio mixer.
[2024.09.23-02.27.49:624][792]LogAudioMixer: Display: 0: FrontLeft
[2024.09.23-02.27.49:624][792]LogAudioMixer: Display: 1: FrontRight
[2024.09.23-02.27.49:653][792]LogAudioMixer: Display: Using Audio Device Speakers (Realtek(R) Audio)
[2024.09.23-02.27.49:653][792]LogAudioMixer: Display: Initializing Sound Submixes...
[2024.09.23-02.27.49:653][792]LogAudioMixer: Display: Creating Master Submix 'MasterSubmixDefault'
[2024.09.23-02.27.49:653][792]LogAudioMixer: Display: Creating Master Submix 'MasterReverbSubmixDefault'
[2024.09.23-02.27.49:654][792]LogAudioMixer: Display: Creating Master Submix 'MasterEQSubmixDefault'
[2024.09.23-02.27.49:667][792]LogInit: FAudioDevice initialized.
[2024.09.23-02.27.49:677][792]LogLoad: Game class is 'LostWorldGameModeBattleBp_C'
[2024.09.23-02.27.49:678][792]LogWorld: Bringing World /Game/Levels/UEDPIE_0_Test.Test up for play (max tick rate 0) at 2024.09.23-12.27.49
[2024.09.23-02.27.49:678][792]LogWorld: Bringing up level for play took: 0.000464
[2024.09.23-02.27.49:679][792]LogOnline: OSS: Creating online subsystem instance for: :Context_2
[2024.09.23-02.27.49:682][792]LogContentBrowser: Native class hierarchy updated for 'MovieSceneCapture' in 0.0004 seconds. Added 20 classes and 0 folders.
[2024.09.23-02.27.49:683][792]PIE: Server logged in
[2024.09.23-02.27.49:685][792]PIE: Play in editor total start time 0.083 seconds.
[2024.09.23-02.27.50:971][926]LogSlate: Updating window title bar state: overlay mode, drag disabled, window buttons hidden, title bar hidden
[2024.09.23-02.27.50:972][926]LogWorld: BeginTearingDown for /Game/Levels/UEDPIE_0_Test
[2024.09.23-02.27.50:972][926]LogWorld: UWorld::CleanupWorld for Test, bSessionEnded=true, bCleanupResources=true
[2024.09.23-02.27.50:972][926]LogSlate: InvalidateAllWidgets triggered.  All widgets were invalidated
[2024.09.23-02.27.50:981][926]LogPlayLevel: Display: Shutting down PIE online subsystems
[2024.09.23-02.27.50:983][926]LogSlate: InvalidateAllWidgets triggered.  All widgets were invalidated
[2024.09.23-02.27.50:990][926]LogSlate: Updating window title bar state: overlay mode, drag disabled, window buttons hidden, title bar hidden
[2024.09.23-02.27.51:006][926]LogAISub: UAISubsystem::~UAISubsystem AIPerceptionSystem (00000257DC025440), frame # 2926
[2024.09.23-02.27.51:007][926]LogAISub: UAISubsystem::~UAISubsystem EnvQueryManager (000002579F0F6800), frame # 2926
[2024.09.23-02.27.51:007][926]LogUObjectHash: Compacting FUObjectHashTables data took   0.49ms
[2024.09.23-02.27.51:044][930]LogPlayLevel: Display: Destroying online subsystem :Context_2
[2024.09.23-02.27.52:283][ 57]LogAssetEditorSubsystem: Opening Asset editor for World /Game/Levels/MinimalDefaultCopy.MinimalDefaultCopy
[2024.09.23-02.27.52:292][ 57]LogUObjectHash: Compacting FUObjectHashTables data took   0.52ms
[2024.09.23-02.27.52:293][ 57]Cmd: MAP LOAD FILE="../../../../Projects/LostWorld/Content/Levels/MinimalDefaultCopy.umap" TEMPLATE=0 SHOWPROGRESS=1 FEATURELEVEL=3
[2024.09.23-02.27.52:293][ 57]LightingResults: New page: Lighting Build
[2024.09.23-02.27.52:293][ 57]LoadErrors: New page: Loading map: MinimalDefaultCopy.umap
[2024.09.23-02.27.52:330][ 57]LogWorld: UWorld::CleanupWorld for Test, bSessionEnded=true, bCleanupResources=true
[2024.09.23-02.27.52:331][ 57]LogSlate: InvalidateAllWidgets triggered.  All widgets were invalidated
[2024.09.23-02.27.52:331][ 57]MapCheck: New page: Map Check
[2024.09.23-02.27.52:331][ 57]LightingResults: New page: Lighting Build
[2024.09.23-02.27.52:339][ 57]LogAISub: UAISubsystem::~UAISubsystem AIPerceptionSystem (00000257D8EA2200), frame # 3057
[2024.09.23-02.27.52:339][ 57]LogAISub: UAISubsystem::~UAISubsystem EnvQueryManager (000002579D235200), frame # 3057
[2024.09.23-02.27.52:340][ 57]LogUObjectHash: Compacting FUObjectHashTables data took   0.53ms
[2024.09.23-02.27.52:394][ 57]LogEditorServer: Finished looking for orphan Actors (0.000 secs)
[2024.09.23-02.27.52:395][ 57]LogAIModule: Creating AISystem for world MinimalDefaultCopy
[2024.09.23-02.27.52:395][ 57]LogAISub: UAISubsystem::UAISubsystem EnvQueryManager (00000257E14E5800), frame # 3057
[2024.09.23-02.27.52:395][ 57]LogAISub: UAISubsystem::UAISubsystem AIPerceptionSystem (000002579D022200), frame # 3057
[2024.09.23-02.27.52:405][ 57]LogUObjectHash: Compacting FUObjectHashTables data took   0.46ms
[2024.09.23-02.27.52:417][ 57]Cmd: MAP CHECKDEP NOCLEARLOG
[2024.09.23-02.27.52:417][ 57]MapCheck: Map check complete: 0 Error(s), 0 Warning(s), took 0.134ms to complete.
[2024.09.23-02.27.52:418][ 57]LogFileHelpers: Loading map 'MinimalDefaultCopy' took 0.124
[2024.09.23-02.28.00:665][992]LogSlate: Took 0.000207 seconds to synchronously load lazily loaded font '../../../Engine/Content/Slate/Fonts/Roboto-Italic.ttf' (157K)
[2024.09.23-02.28.05:083][436]Cmd: EDIT COPY
[2024.09.23-02.28.05:949][514]LogAssetEditorSubsystem: Opening Asset editor for World /Game/Levels/Test.Test
[2024.09.23-02.28.05:957][514]LogUObjectHash: Compacting FUObjectHashTables data took   0.42ms
[2024.09.23-02.28.05:959][514]Cmd: MAP LOAD FILE="../../../../Projects/LostWorld/Content/Levels/Test.umap" TEMPLATE=0 SHOWPROGRESS=1 FEATURELEVEL=3
[2024.09.23-02.28.05:959][514]LightingResults: New page: Lighting Build
[2024.09.23-02.28.05:959][514]LoadErrors: New page: Loading map: Test.umap
[2024.09.23-02.28.05:961][514]LogWorld: UWorld::CleanupWorld for MinimalDefaultCopy, bSessionEnded=true, bCleanupResources=true
[2024.09.23-02.28.05:961][514]LogSlate: InvalidateAllWidgets triggered.  All widgets were invalidated
[2024.09.23-02.28.05:962][514]MapCheck: New page: Map Check
[2024.09.23-02.28.05:962][514]LightingResults: New page: Lighting Build
[2024.09.23-02.28.05:971][514]LogAISub: UAISubsystem::~UAISubsystem AIPerceptionSystem (000002579D022200), frame # 4514
[2024.09.23-02.28.05:971][514]LogAISub: UAISubsystem::~UAISubsystem EnvQueryManager (00000257E14E5800), frame # 4514
[2024.09.23-02.28.05:972][514]LogUObjectHash: Compacting FUObjectHashTables data took   0.69ms
[2024.09.23-02.28.06:030][514]LogEditorServer: Finished looking for orphan Actors (0.000 secs)
[2024.09.23-02.28.06:030][514]LogAIModule: Creating AISystem for world Test
[2024.09.23-02.28.06:030][514]LogAISub: UAISubsystem::UAISubsystem EnvQueryManager (00000257989C1E00), frame # 4514
[2024.09.23-02.28.06:030][514]LogAISub: UAISubsystem::UAISubsystem AIPerceptionSystem (000002579F1BFEC0), frame # 4514
[2024.09.23-02.28.06:040][514]LogUObjectHash: Compacting FUObjectHashTables data took   0.46ms
[2024.09.23-02.28.06:051][514]Cmd: MAP CHECKDEP NOCLEARLOG
[2024.09.23-02.28.06:051][514]MapCheck: Map check complete: 0 Error(s), 0 Warning(s), took 0.133ms to complete.
[2024.09.23-02.28.06:051][514]LogFileHelpers: Loading map 'Test' took 0.093
[2024.09.23-02.28.06:503][554]LogEditorViewport: Clicking Background
[2024.09.23-02.28.07:413][663]Cmd: EDIT PASTE
[2024.09.23-02.28.07:417][663]LogNavigationPoint: PostEditMove Clear paths rebuilt
[2024.09.23-02.28.09:432][902]LogTemp: Repeating last play command: Selected Viewport
[2024.09.23-02.28.09:440][902]LogPlayLevel: PlayLevel: No blueprints needed recompiling
[2024.09.23-02.28.09:440][902]PIE: New page: PIE session: Test (23 Sep 2024, 10:28:09 pm)
[2024.09.23-02.28.09:441][902]LogPlayLevel: Creating play world package: /Game/Levels/UEDPIE_0_Test
[2024.09.23-02.28.09:442][902]LogPlayLevel: PIE: StaticDuplicateObject took: (0.000707s)
[2024.09.23-02.28.09:442][902]LogAIModule: Creating AISystem for world Test
[2024.09.23-02.28.09:443][902]LogAISub: UAISubsystem::UAISubsystem EnvQueryManager (000002578437FA00), frame # 4902
[2024.09.23-02.28.09:443][902]LogAISub: UAISubsystem::UAISubsystem AIPerceptionSystem (00000257DC026AC0), frame # 4902
[2024.09.23-02.28.09:443][902]LogPlayLevel: PIE: World Init took: (0.001312s)
[2024.09.23-02.28.09:443][902]LogPlayLevel: PIE: Created PIE world by copying editor world from /Game/Levels/Test.Test to /Game/Levels/UEDPIE_0_Test.Test (0.002355s)
[2024.09.23-02.28.09:450][902]LogUObjectHash: Compacting FUObjectHashTables data took   0.50ms
[2024.09.23-02.28.09:452][902]LogAudioMixer: Display: Audio Mixer Platform Settings:
[2024.09.23-02.28.09:452][902]LogAudioMixer: Display: 	Sample Rate:						  48000
[2024.09.23-02.28.09:452][902]LogAudioMixer: Display: 	Callback Buffer Frame Size Requested: 1024
[2024.09.23-02.28.09:452][902]LogAudioMixer: Display: 	Callback Buffer Frame Size To Use:	  1024
[2024.09.23-02.28.09:452][902]LogAudioMixer: Display: 	Number of buffers to queue:			  2
[2024.09.23-02.28.09:452][902]LogAudioMixer: Display: 	Max Channels (voices):				  32
[2024.09.23-02.28.09:453][902]LogAudioMixer: Display: 	Number of Async Source Workers:		  0
[2024.09.23-02.28.09:453][902]LogAudio: Display: AudioDevice MaxSources: 32
[2024.09.23-02.28.09:453][902]LogAudio: Display: Using built-in audio occlusion.
[2024.09.23-02.28.09:453][902]LogAudioMixer: Display: Initializing audio mixer.
[2024.09.23-02.28.09:459][902]LogAudioMixer: Display: 0: FrontLeft
[2024.09.23-02.28.09:459][902]LogAudioMixer: Display: 1: FrontRight
[2024.09.23-02.28.09:483][902]LogAudioMixer: Display: Using Audio Device Speakers (Realtek(R) Audio)
[2024.09.23-02.28.09:483][902]LogAudioMixer: Display: Initializing Sound Submixes...
[2024.09.23-02.28.09:484][902]LogAudioMixer: Display: Creating Master Submix 'MasterSubmixDefault'
[2024.09.23-02.28.09:484][902]LogAudioMixer: Display: Creating Master Submix 'MasterReverbSubmixDefault'
[2024.09.23-02.28.09:484][902]LogAudioMixer: Display: Creating Master Submix 'MasterEQSubmixDefault'
[2024.09.23-02.28.09:485][902]LogInit: FAudioDevice initialized.
[2024.09.23-02.28.09:498][902]LogLoad: Game class is 'LostWorldGameModeBattleBp_C'
[2024.09.23-02.28.09:499][902]LogWorld: Bringing World /Game/Levels/UEDPIE_0_Test.Test up for play (max tick rate 0) at 2024.09.23-12.28.09
[2024.09.23-02.28.09:499][902]LogWorld: Bringing up level for play took: 0.000437
[2024.09.23-02.28.09:500][902]LogOnline: OSS: Creating online subsystem instance for: :Context_3
[2024.09.23-02.28.09:502][902]PIE: Server logged in
[2024.09.23-02.28.09:502][902]PIE: Play in editor total start time 0.063 seconds.
[2024.09.23-02.28.13:322][344]LogSlate: Updating window title bar state: overlay mode, drag disabled, window buttons hidden, title bar hidden
[2024.09.23-02.28.13:322][344]LogWorld: BeginTearingDown for /Game/Levels/UEDPIE_0_Test
[2024.09.23-02.28.13:322][344]LogWorld: UWorld::CleanupWorld for Test, bSessionEnded=true, bCleanupResources=true
[2024.09.23-02.28.13:322][344]LogSlate: InvalidateAllWidgets triggered.  All widgets were invalidated
[2024.09.23-02.28.13:327][344]LogPlayLevel: Display: Shutting down PIE online subsystems
[2024.09.23-02.28.13:329][344]LogSlate: InvalidateAllWidgets triggered.  All widgets were invalidated
[2024.09.23-02.28.13:336][344]LogSlate: Updating window title bar state: overlay mode, drag disabled, window buttons hidden, title bar hidden
[2024.09.23-02.28.13:353][344]LogAISub: UAISubsystem::~UAISubsystem AIPerceptionSystem (00000257DC026AC0), frame # 5344
[2024.09.23-02.28.13:353][344]LogAISub: UAISubsystem::~UAISubsystem EnvQueryManager (000002578437FA00), frame # 5344
[2024.09.23-02.28.13:354][344]LogUObjectHash: Compacting FUObjectHashTables data took   0.64ms
[2024.09.23-02.28.13:410][347]LogPlayLevel: Display: Destroying online subsystem :Context_3
[2024.09.23-02.28.14:062][399]Cmd: OBJ SAVEPACKAGE PACKAGE="/Game/Levels/Test" FILE="../../../../Projects/LostWorld/Content/Levels/Test.umap" SILENT=true AUTOSAVING=false KEEPDIRTY=false
[2024.09.23-02.28.14:072][399]LogUObjectHash: Compacting FUObjectHashTables data took   0.47ms
[2024.09.23-02.28.14:078][399]LogSavePackage: Moving '../../../../Projects/LostWorld/Saved/Test6550F9174AE8A1BA2C19A8903017C52B.tmp' to '../../../../Projects/LostWorld/Content/Levels/Test.umap'
[2024.09.23-02.28.14:117][399]AssetCheck: New page: Asset Save: Test
[2024.09.23-02.28.14:117][399]LogContentValidation: Display: Validating World /Game/Levels/Test.Test
[2024.09.23-02.28.46:689][ 17]LogSlate: Prevented a slow task dialog from being summoned while a context menu was open
[2024.09.23-02.28.49:127][274]Cmd: OBJ SAVEPACKAGE PACKAGE="/Game/Levels/Test" FILE="../../../../Projects/LostWorld/Content/Levels/Test.umap" SILENT=true AUTOSAVING=false KEEPDIRTY=false
[2024.09.23-02.28.49:136][274]LogUObjectHash: Compacting FUObjectHashTables data took   0.34ms
[2024.09.23-02.28.49:143][274]LogSavePackage: Moving '../../../../Projects/LostWorld/Saved/Test618FF5954D4DF445EB5D0E82653DAC8C.tmp' to '../../../../Projects/LostWorld/Content/Levels/Test.umap'
[2024.09.23-02.28.49:166][274]AssetCheck: New page: Asset Save: Test
[2024.09.23-02.28.49:167][274]LogContentValidation: Display: Validating World /Game/Levels/Test.Test
[2024.09.23-02.28.50:310][397]LogVSAccessor: Warning: Couldn't access Visual Studio
[2024.09.23-02.28.50:315][397]Candidate modules for hot reload:
[2024.09.23-02.28.50:316][397]  LostWorld
[2024.09.23-02.28.50:316][397]Launching UnrealBuildTool... [C:/Users/zekra/Documents/UE/UE_4.25/Engine/Binaries/DotNET/UnrealBuildTool.exe  -ModuleWithSuffix=LostWorld,4986 LostWorldEditor Win64 Development -Project="C:/Users/zekra/Documents/UE/Projects/LostWorld/LostWorld.uproject" "C:/Users/zekra/Documents/UE/Projects/LostWorld/LostWorld.uproject"  -IgnoreJunk]
[2024.09.23-02.28.50:320][397]Warning: Starting HotReload took  0.0s.
[2024.09.23-02.28.52:511][607]CompilerResultsLog: New page: Compilation - 23 Sep 2024, 10:28:52 pm
[2024.09.23-02.28.52:511][607]CompilerResultsLog: Building LostWorldEditor...
[2024.09.23-02.28.52:511][607]CompilerResultsLog: Using Visual Studio 2017 14.16.27050 toolchain (C:\Program Files (x86)\Microsoft Visual Studio\2017\Community\VC\Tools\MSVC\14.16.27023) and Windows 10.0.17763.0 SDK (C:\Program Files (x86)\Windows Kits\10).
[2024.09.23-02.28.52:511][607]CompilerResultsLog: Building 3 actions with 6 processes...
[2024.09.23-02.28.52:511][607]CompilerResultsLog:   [1/3] UE4Editor-LostWorld-4986.lib
[2024.09.23-02.28.52:511][607]CompilerResultsLog:      Creating library C:\Users\zekra\Documents\UE\Projects\LostWorld\Intermediate\Build\Win64\UE4Editor\Development\LostWorld\UE4Editor-LostWorld-4986.lib and object C:\Users\zekra\Documents\UE\Projects\LostWorld\Intermediate\Build\Win64\UE4Editor\Development\LostWorld\UE4Editor-LostWorld-4986.exp
[2024.09.23-02.28.52:512][607]CompilerResultsLog:   [2/3] UE4Editor-LostWorld-4986.dll
[2024.09.23-02.28.52:512][607]CompilerResultsLog:      Creating library C:\Users\zekra\Documents\UE\Projects\LostWorld\Intermediate\Build\Win64\UE4Editor\Development\LostWorld\UE4Editor-LostWorld-4986.suppressed.lib and object C:\Users\zekra\Documents\UE\Projects\LostWorld\Intermediate\Build\Win64\UE4Editor\Development\LostWorld\UE4Editor-LostWorld-4986.suppressed.exp
[2024.09.23-02.28.52:512][607]CompilerResultsLog:   [3/3] LostWorldEditor.target
[2024.09.23-02.28.52:512][607]CompilerResultsLog: Total time in Parallel executor: 1.45 seconds
[2024.09.23-02.28.52:512][607]CompilerResultsLog: Total execution time: 2.10 seconds
[2024.09.23-02.28.52:512][607]LogMainFrame: MainFrame: Module compiling took 2.201 seconds
[2024.09.23-02.28.52:549][607]LogClass: ECardTypes HotReload.
[2024.09.23-02.28.52:550][607]LogClass: DeveloperSettingsAsStruct HotReload.
[2024.09.23-02.28.52:550][607]LogClass: Card HotReload.
[2024.09.23-02.28.52:550][607]LogClass: EntityBaseStats HotReload.
[2024.09.23-02.28.52:552][607]LogContentBrowser: Native class hierarchy updated for 'LostWorld' in 0.0004 seconds. Added 9 classes and 2 folders.
[2024.09.23-02.28.52:554][607]Display: HotReload successful (2 functions remapped  3 scriptstructs remapped)
[2024.09.23-02.28.52:581][607]LogContentBrowser: Native class hierarchy populated in 0.0072 seconds. Added 3440 classes and 832 folders.
[2024.09.23-02.28.52:586][607]Display: HotReload took  2.3s.
[2024.09.23-02.28.54:796][861]LogTemp: Repeating last play command: Selected Viewport
[2024.09.23-02.28.54:805][861]LogPlayLevel: PlayLevel: No blueprints needed recompiling
[2024.09.23-02.28.54:806][861]PIE: New page: PIE session: Test (23 Sep 2024, 10:28:54 pm)
[2024.09.23-02.28.54:806][861]LogPlayLevel: Creating play world package: /Game/Levels/UEDPIE_0_Test
[2024.09.23-02.28.54:807][861]LogPlayLevel: PIE: StaticDuplicateObject took: (0.000694s)
[2024.09.23-02.28.54:808][861]LogAIModule: Creating AISystem for world Test
[2024.09.23-02.28.54:808][861]LogAISub: UAISubsystem::UAISubsystem EnvQueryManager (000002579F2A9400), frame # 9861
[2024.09.23-02.28.54:808][861]LogAISub: UAISubsystem::UAISubsystem AIPerceptionSystem (00000257D8496980), frame # 9861
[2024.09.23-02.28.54:808][861]LogPlayLevel: PIE: World Init took: (0.001246s)
[2024.09.23-02.28.54:808][861]LogPlayLevel: PIE: Created PIE world by copying editor world from /Game/Levels/Test.Test to /Game/Levels/UEDPIE_0_Test.Test (0.002436s)
[2024.09.23-02.28.54:816][861]LogUObjectHash: Compacting FUObjectHashTables data took   0.50ms
[2024.09.23-02.28.59:363][861]LogTemp: Warning: FilePaths: Player's Save Data Folder: ../../../../Projects/LostWorld/Saved/SaveGames/DeveloperSettings.json
[2024.09.23-02.28.59:364][861]LogAudioMixer: Display: Audio Mixer Platform Settings:
[2024.09.23-02.28.59:365][861]LogAudioMixer: Display: 	Sample Rate:						  48000
[2024.09.23-02.28.59:365][861]LogAudioMixer: Display: 	Callback Buffer Frame Size Requested: 1024
[2024.09.23-02.28.59:365][861]LogAudioMixer: Display: 	Callback Buffer Frame Size To Use:	  1024
[2024.09.23-02.28.59:365][861]LogAudioMixer: Display: 	Number of buffers to queue:			  2
[2024.09.23-02.28.59:365][861]LogAudioMixer: Display: 	Max Channels (voices):				  32
[2024.09.23-02.28.59:365][861]LogAudioMixer: Display: 	Number of Async Source Workers:		  0
[2024.09.23-02.28.59:365][861]LogAudio: Display: AudioDevice MaxSources: 32
[2024.09.23-02.28.59:366][861]LogAudio: Display: Using built-in audio occlusion.
[2024.09.23-02.28.59:366][861]LogAudioMixer: Display: Initializing audio mixer.
[2024.09.23-02.28.59:373][861]LogAudioMixer: Display: 0: FrontLeft
[2024.09.23-02.28.59:373][861]LogAudioMixer: Display: 1: FrontRight
[2024.09.23-02.28.59:403][861]LogAudioMixer: Display: Using Audio Device Speakers (Realtek(R) Audio)
[2024.09.23-02.28.59:404][861]LogAudioMixer: Display: Initializing Sound Submixes...
[2024.09.23-02.28.59:404][861]LogAudioMixer: Display: Creating Master Submix 'MasterSubmixDefault'
[2024.09.23-02.28.59:404][861]LogAudioMixer: Display: Creating Master Submix 'MasterReverbSubmixDefault'
[2024.09.23-02.28.59:405][861]LogAudioMixer: Display: Creating Master Submix 'MasterEQSubmixDefault'
[2024.09.23-02.28.59:416][861]LogInit: FAudioDevice initialized.
[2024.09.23-02.28.59:427][861]LogLoad: Game class is 'LostWorldGameModeBattleBp_C'
[2024.09.23-02.28.59:428][861]LogWorld: Bringing World /Game/Levels/UEDPIE_0_Test.Test up for play (max tick rate 0) at 2024.09.23-12.28.59
[2024.09.23-02.28.59:428][861]LogWorld: Bringing up level for play took: 0.000478
[2024.09.23-02.28.59:429][861]LogOnline: OSS: Creating online subsystem instance for: :Context_4
[2024.09.23-02.28.59:431][861]PIE: Server logged in
[2024.09.23-02.28.59:431][861]PIE: Play in editor total start time 4.629 seconds.
[2024.09.23-02.29.02:321][155]LogSlate: Updating window title bar state: overlay mode, drag disabled, window buttons hidden, title bar hidden
[2024.09.23-02.29.02:321][155]LogWorld: BeginTearingDown for /Game/Levels/UEDPIE_0_Test
[2024.09.23-02.29.02:322][155]LogWorld: UWorld::CleanupWorld for Test, bSessionEnded=true, bCleanupResources=true
[2024.09.23-02.29.02:322][155]LogSlate: InvalidateAllWidgets triggered.  All widgets were invalidated
[2024.09.23-02.29.02:328][155]LogPlayLevel: Display: Shutting down PIE online subsystems
[2024.09.23-02.29.02:329][155]LogSlate: InvalidateAllWidgets triggered.  All widgets were invalidated
[2024.09.23-02.29.02:354][155]LogSlate: Updating window title bar state: overlay mode, drag disabled, window buttons hidden, title bar hidden
[2024.09.23-02.29.02:354][155]LogAISub: UAISubsystem::~UAISubsystem AIPerceptionSystem (00000257D8496980), frame # 10155
[2024.09.23-02.29.02:354][155]LogAISub: UAISubsystem::~UAISubsystem EnvQueryManager (000002579F2A9400), frame # 10155
[2024.09.23-02.29.02:355][155]LogUObjectHash: Compacting FUObjectHashTables data took   0.53ms
[2024.09.23-02.29.02:384][158]LogPlayLevel: Display: Destroying online subsystem :Context_4
