Log file open, 09/23/24 12:55:24
LogInit: Display: Running engine for game: LostWorld
LogPlatformFile: Not using cached read wrapper
LogTaskGraph: Started task graph with 5 named threads and 20 total threads with 3 sets of task threads.
LogStats: Stats thread started at 0.171106
LogD3D11RHI: Loaded GFSDK_Aftermath_Lib.x64.dll
LogICUInternationalization: ICU TimeZone Detection - Raw Offset: +10:00, Platform Override: ''
LogPluginManager: Mounting plugin Paper2D
LogPluginManager: Mounting plugin AISupport
LogPluginManager: Mounting plugin LightPropagationVolume
LogPluginManager: Mounting plugin CameraShakePreviewer
LogPluginManager: Mounting plugin ActorLayerUtilities
LogPluginManager: Mounting plugin AnimationSharing
LogPluginManager: Mounting plugin CLionSourceCodeAccess
LogPluginManager: Mounting plugin CodeLiteSourceCodeAccess
LogPluginManager: Mounting plugin GitSourceControl
LogPluginManager: Mounting plugin KDevelopSourceCodeAccess
LogPluginManager: Mounting plugin NullSourceCodeAccess
LogPluginManager: Mounting plugin PerforceSourceControl
LogPluginManager: Mounting plugin PlasticSourceControl
LogPluginManager: Mounting plugin RiderLink
LogPluginManager: Mounting plugin RiderSourceCodeAccess
LogPluginManager: Mounting plugin SubversionSourceControl
LogPluginManager: Mounting plugin UObjectPlugin
LogPluginManager: Mounting plugin VisualStudioCodeSourceCodeAccess
LogPluginManager: Mounting plugin VisualStudioSourceCodeAccess
LogPluginManager: Mounting plugin XCodeSourceCodeAccess
LogPluginManager: Mounting plugin AssetManagerEditor
LogPluginManager: Mounting plugin CryptoKeys
LogPluginManager: Mounting plugin CurveEditorTools
LogPluginManager: Mounting plugin DataValidation
LogPluginManager: Mounting plugin EditorScriptingUtilities
LogPluginManager: Mounting plugin FacialAnimation
LogPluginManager: Mounting plugin GameplayTagsEditor
LogPluginManager: Mounting plugin GeometryMode
LogPluginManager: Mounting plugin MacGraphicsSwitching
LogPluginManager: Mounting plugin MaterialAnalyzer
LogPluginManager: Mounting plugin MobileLauncherProfileWizard
LogPluginManager: Mounting plugin PluginBrowser
LogPluginManager: Mounting plugin SpeedTreeImporter
LogPluginManager: Mounting plugin DatasmithContent
LogPluginManager: Mounting plugin VariantManagerContent
LogPluginManager: Mounting plugin AlembicImporter
LogPluginManager: Mounting plugin AutomationUtils
LogPluginManager: Mounting plugin BackChannel
LogPluginManager: Mounting plugin ChaosCloth
LogPluginManager: Mounting plugin ChaosClothEditor
LogPluginManager: Mounting plugin ChaosEditor
LogPluginManager: Mounting plugin ChaosNiagara
LogPluginManager: Mounting plugin ChaosSolverPlugin
LogPluginManager: Mounting plugin CharacterAI
LogPluginManager: Mounting plugin GeometryCache
LogPluginManager: Mounting plugin GeometryCollectionPlugin
LogPluginManager: Mounting plugin GeometryProcessing
LogPluginManager: Mounting plugin PlanarCut
LogPluginManager: Mounting plugin PlatformCrypto
LogPluginManager: Mounting plugin ProxyLODPlugin
LogPluginManager: Mounting plugin SkeletalReduction
LogPluginManager: Mounting plugin Niagara
LogPluginManager: Mounting plugin MagicLeap
LogPluginManager: Mounting plugin MagicLeapLightEstimation
LogPluginManager: Mounting plugin MagicLeapMedia
LogPluginManager: Mounting plugin MagicLeapPassableWorld
LogPluginManager: Mounting plugin MLSDK
LogPluginManager: Mounting plugin AutoSizeComments
LogPluginManager: Mounting plugin ConsoleEnhanced
LogPluginManager: Mounting plugin AndroidMedia
LogPluginManager: Mounting plugin AvfMedia
LogPluginManager: Mounting plugin ImgMedia
LogPluginManager: Mounting plugin MediaCompositing
LogPluginManager: Mounting plugin MediaPlayerEditor
LogPluginManager: Mounting plugin WebMMedia
LogPluginManager: Mounting plugin WmfMedia
LogPluginManager: Mounting plugin MeshPainting
LogPluginManager: Mounting plugin TcpMessaging
LogPluginManager: Mounting plugin UdpMessaging
LogPluginManager: Mounting plugin ActorSequence
LogPluginManager: Mounting plugin LevelSequenceEditor
LogPluginManager: Mounting plugin MatineeToLevelSequence
LogPluginManager: Mounting plugin MovieRenderPipeline
LogPluginManager: Mounting plugin TemplateSequence
LogPluginManager: Mounting plugin NetcodeUnitTest
LogPluginManager: Mounting plugin NUTUnrealEngine4
LogPluginManager: Mounting plugin OnlineSubsystemGooglePlay
LogPluginManager: Mounting plugin OnlineSubsystemIOS
LogPluginManager: Mounting plugin OnlineSubsystem
LogPluginManager: Mounting plugin OnlineSubsystemNull
LogPluginManager: Mounting plugin OnlineSubsystemUtils
LogPluginManager: Mounting plugin LauncherChunkInstaller
LogPluginManager: Mounting plugin AndroidDeviceProfileSelector
LogPluginManager: Mounting plugin AndroidMoviePlayer
LogPluginManager: Mounting plugin AndroidPermission
LogPluginManager: Mounting plugin AppleImageUtils
LogPluginManager: Mounting plugin AppleMoviePlayer
LogPluginManager: Mounting plugin ArchVisCharacter
LogPluginManager: Mounting plugin AssetTags
LogPluginManager: Mounting plugin AudioCapture
LogPluginManager: Mounting plugin CableComponent
LogPluginManager: Mounting plugin CustomMeshComponent
LogPluginManager: Mounting plugin EditableMesh
LogPluginManager: Mounting plugin ExampleDeviceProfileSelector
LogPluginManager: Mounting plugin GoogleCloudMessaging
LogPluginManager: Mounting plugin GooglePAD
LogPluginManager: Mounting plugin IOSDeviceProfileSelector
LogPluginManager: Mounting plugin LinuxDeviceProfileSelector
LogPluginManager: Mounting plugin LocationServicesBPLibrary
LogPluginManager: Mounting plugin MobilePatchingUtils
LogPluginManager: Mounting plugin OculusVR
LogPluginManager: Mounting plugin PhysXVehicles
LogPluginManager: Mounting plugin PostSplashScreen
LogPluginManager: Mounting plugin ProceduralMeshComponent
LogPluginManager: Mounting plugin RuntimePhysXCooking
LogPluginManager: Mounting plugin SignificanceManager
LogPluginManager: Mounting plugin SoundFields
LogPluginManager: Mounting plugin SteamVR
LogPluginManager: Mounting plugin Synthesis
LogPluginManager: Mounting plugin WebMMoviePlayer
LogPluginManager: Mounting plugin WindowsMoviePlayer
LogPluginManager: Mounting plugin ScreenshotTools
LogInit: Using libcurl 7.55.1-DEV
LogInit:  - built for x86_64-pc-win32
LogInit:  - supports SSL with OpenSSL/1.1.1
LogInit:  - supports HTTP deflate (compression) using libz 1.2.8
LogInit:  - other features:
LogInit:      CURL_VERSION_SSL
LogInit:      CURL_VERSION_LIBZ
LogInit:      CURL_VERSION_IPV6
LogInit:      CURL_VERSION_ASYNCHDNS
LogInit:      CURL_VERSION_LARGEFILE
LogInit:      CURL_VERSION_IDN
LogInit:  CurlRequestOptions (configurable via config and command line):
LogInit:  - bVerifyPeer = true  - Libcurl will verify peer certificate
LogInit:  - bUseHttpProxy = false  - Libcurl will NOT use HTTP proxy
LogInit:  - bDontReuseConnections = false  - Libcurl will reuse connections
LogInit:  - MaxHostConnections = 16  - Libcurl will limit the number of connections to a host
LogInit:  - LocalHostAddr = Default
LogInit:  - BufferSize = 65536
LogOnline: OSS: Creating online subsystem instance for: NULL
LogInit: WinSock: version 1.1 (2.2), MaxSocks=32767, MaxUdp=65467
LogOnline: OSS: TryLoadSubsystemAndSetDefault: Loaded subsystem for module [NULL]
LogInit: Build: ++UE4+Release-4.25-CL-14469661
LogInit: Engine Version: 4.25.4-14469661+++UE4+Release-4.25
LogInit: Compatible Engine Version: 4.25.0-13144385+++UE4+Release-4.25
LogInit: Net CL: 13144385
LogInit: OS: Windows 10 (Release 2009) (), CPU: Intel(R) Core(TM) i5-9600K CPU @ 3.70GHz, GPU: NVIDIA GeForce GTX 1660 Ti
LogInit: Compiled (64-bit): Oct 11 2020 08:10:49
LogInit: Compiled with Visual C++: 19.24.28315.00
LogInit: Build Configuration: Development
LogInit: Branch Name: ++UE4+Release-4.25
LogInit: Command Line:  -skipcompile
LogInit: Base Directory: C:/Users/zekra/Documents/UE/UE_4.25/Engine/Binaries/Win64/
LogInit: Allocator: TBB
LogInit: Installed Engine Build: 1
LogDevObjectVersion: Number of dev versions registered: 26
LogDevObjectVersion:   Dev-Blueprints (B0D832E4-1F89-4F0D-ACCF-7EB736FD4AA2): 10
LogDevObjectVersion:   Dev-Build (E1C64328-A22C-4D53-A36C-8E866417BD8C): 0
LogDevObjectVersion:   Dev-Core (375EC13C-06E4-48FB-B500-84F0262A717E): 4
LogDevObjectVersion:   Dev-Editor (E4B068ED-F494-42E9-A231-DA0B2E46BB41): 38
LogDevObjectVersion:   Dev-Framework (CFFC743F-43B0-4480-9391-14DF171D2073): 37
LogDevObjectVersion:   Dev-Mobile (B02B49B5-BB20-44E9-A304-32B752E40360): 2
LogDevObjectVersion:   Dev-Networking (A4E4105C-59A1-49B5-A7C5-40C4547EDFEE): 0
LogDevObjectVersion:   Dev-Online (39C831C9-5AE6-47DC-9A44-9C173E1C8E7C): 0
LogDevObjectVersion:   Dev-Physics (78F01B33-EBEA-4F98-B9B4-84EACCB95AA2): 4
LogDevObjectVersion:   Dev-Platform (6631380F-2D4D-43E0-8009-CF276956A95A): 0
LogDevObjectVersion:   Dev-Rendering (12F88B9F-8875-4AFC-A67C-D90C383ABD29): 43
LogDevObjectVersion:   Dev-Sequencer (7B5AE74C-D270-4C10-A958-57980B212A5A): 12
LogDevObjectVersion:   Dev-VR (D7296918-1DD6-4BDD-9DE2-64A83CC13884): 3
LogDevObjectVersion:   Dev-LoadTimes (C2A15278-BFE7-4AFE-6C17-90FF531DF755): 1
LogDevObjectVersion:   Private-Geometry (6EACA3D4-40EC-4CC1-B786-8BED09428FC5): 3
LogDevObjectVersion:   Dev-AnimPhys (29E575DD-E0A3-4627-9D10-D276232CDCEA): 17
LogDevObjectVersion:   Dev-Anim (AF43A65D-7FD3-4947-9873-3E8ED9C1BB05): 7
LogDevObjectVersion:   Dev-ReflectionCapture (6B266CEC-1EC7-4B8F-A30B-E4D90942FC07): 1
LogDevObjectVersion:   Dev-Automation (0DF73D61-A23F-47EA-B727-89E90C41499A): 1
LogDevObjectVersion:   FortniteMain (601D1886-AC64-4F84-AA16-D3DE0DEAC7D6): 31
LogDevObjectVersion:   Dev-Enterprise (9DFFBCD6-494F-0158-E221-12823C92A888): 10
LogDevObjectVersion:   Dev-Niagara (F2AED0AC-9AFE-416F-8664-AA7FFA26D6FC): 1
LogDevObjectVersion:   Dev-Destruction (174F1F0B-B4C6-45A5-B13F-2EE8D0FB917D): 10
LogDevObjectVersion:   Dev-Physics-Ext (35F94A83-E258-406C-A318-09F59610247C): 37
LogDevObjectVersion:   Dev-PhysicsMaterial-Chaos (B68FC16E-8B1B-42E2-B453-215C058844FE): 1
LogDevObjectVersion:   Dev-CineCamera (B2E18506-4273-CFC2-A54E-F4BB758BBA07): 1
LogInit: Presizing for max 25165824 objects, including 0 objects not considered by GC, pre-allocating 0 bytes for permanent pool.
LogConfig: Applying CVar settings from Section [/Script/Engine.StreamingSettings] File [C:/Users/zekra/Documents/UE/Projects/LostWorld/Saved/Config/Windows/Engine.ini]
LogConfig: Setting CVar [[s.MinBulkDataSizeForAsyncLoading:131072]]
LogConfig: Setting CVar [[s.AsyncLoadingThreadEnabled:0]]
LogConfig: Setting CVar [[s.EventDrivenLoaderEnabled:1]]
LogConfig: Setting CVar [[s.WarnIfTimeLimitExceeded:0]]
LogConfig: Setting CVar [[s.TimeLimitExceededMultiplier:1.5]]
LogConfig: Setting CVar [[s.TimeLimitExceededMinTime:0.005]]
LogConfig: Setting CVar [[s.UseBackgroundLevelStreaming:1]]
LogConfig: Setting CVar [[s.PriorityAsyncLoadingExtraTime:15.0]]
LogConfig: Setting CVar [[s.LevelStreamingActorsUpdateTimeLimit:5.0]]
LogConfig: Setting CVar [[s.PriorityLevelStreamingActorsUpdateExtraTime:5.0]]
LogConfig: Setting CVar [[s.LevelStreamingComponentsRegistrationGranularity:10]]
LogConfig: Setting CVar [[s.UnregisterComponentsTimeLimit:1.0]]
LogConfig: Setting CVar [[s.LevelStreamingComponentsUnregistrationGranularity:5]]
LogConfig: Setting CVar [[s.FlushStreamingOnExit:1]]
LogInit: Object subsystem initialized
LogConfig: Setting CVar [[con.DebugEarlyDefault:1]]
LogConfig: Setting CVar [[r.setres:1280x720]]
[2024.09.23-02.55.25:005][  0]LogConfig: Setting CVar [[r.VSync:0]]
[2024.09.23-02.55.25:005][  0]LogConfig: Setting CVar [[r.RHICmdBypass:0]]
[2024.09.23-02.55.25:005][  0]LogConfig: Applying CVar settings from Section [/Script/Engine.RendererSettings] File [C:/Users/zekra/Documents/UE/Projects/LostWorld/Saved/Config/Windows/Engine.ini]
[2024.09.23-02.55.25:005][  0]LogConfig: Setting CVar [[r.GPUCrashDebugging:0]]
[2024.09.23-02.55.25:005][  0]LogConfig: Setting CVar [[r.Mobile.DisableVertexFog:1]]
[2024.09.23-02.55.25:005][  0]LogConfig: Setting CVar [[r.Shadow.CSM.MaxMobileCascades:2]]
[2024.09.23-02.55.25:005][  0]LogConfig: Setting CVar [[r.MobileMSAA:1]]
[2024.09.23-02.55.25:005][  0]LogConfig: Setting CVar [[r.Mobile.UseLegacyShadingModel:0]]
[2024.09.23-02.55.25:005][  0]LogConfig: Setting CVar [[r.Mobile.AllowDitheredLODTransition:0]]
[2024.09.23-02.55.25:005][  0]LogConfig: Setting CVar [[r.Mobile.AllowSoftwareOcclusion:0]]
[2024.09.23-02.55.25:005][  0]LogConfig: Setting CVar [[r.Mobile.VirtualTextures:0]]
[2024.09.23-02.55.25:005][  0]LogConfig: Setting CVar [[r.DiscardUnusedQuality:0]]
[2024.09.23-02.55.25:005][  0]LogConfig: Setting CVar [[r.AllowOcclusionQueries:1]]
[2024.09.23-02.55.25:005][  0]LogConfig: Setting CVar [[r.MinScreenRadiusForLights:0.030000]]
[2024.09.23-02.55.25:005][  0]LogConfig: Setting CVar [[r.MinScreenRadiusForDepthPrepass:0.030000]]
[2024.09.23-02.55.25:005][  0]LogConfig: Setting CVar [[r.MinScreenRadiusForCSMDepth:0.010000]]
[2024.09.23-02.55.25:005][  0]LogConfig: Setting CVar [[r.PrecomputedVisibilityWarning:0]]
[2024.09.23-02.55.25:005][  0]LogConfig: Setting CVar [[r.TextureStreaming:1]]
[2024.09.23-02.55.25:005][  0]LogConfig: Setting CVar [[Compat.UseDXT5NormalMaps:0]]
[2024.09.23-02.55.25:005][  0]LogConfig: Setting CVar [[r.VirtualTextures:0]]
[2024.09.23-02.55.25:005][  0]LogConfig: Setting CVar [[r.VirtualTexturedLightmaps:0]]
[2024.09.23-02.55.25:005][  0]LogConfig: Setting CVar [[r.VT.TileSize:128]]
[2024.09.23-02.55.25:005][  0]LogConfig: Setting CVar [[r.VT.TileBorderSize:4]]
[2024.09.23-02.55.25:005][  0]LogConfig: Setting CVar [[r.vt.FeedbackFactor:16]]
[2024.09.23-02.55.25:005][  0]LogConfig: Setting CVar [[r.VT.EnableCompressZlib:1]]
[2024.09.23-02.55.25:005][  0]LogConfig: Setting CVar [[r.VT.EnableCompressCrunch:0]]
[2024.09.23-02.55.25:005][  0]LogConfig: Setting CVar [[r.ClearCoatNormal:0]]
[2024.09.23-02.55.25:005][  0]LogConfig: Setting CVar [[r.AnisotropicBRDF:0]]
[2024.09.23-02.55.25:005][  0]LogConfig: Setting CVar [[r.ReflectionCaptureResolution:128]]
[2024.09.23-02.55.25:005][  0]LogConfig: Setting CVar [[r.ReflectionEnvironmentLightmapMixBasedOnRoughness:1]]
[2024.09.23-02.55.25:005][  0]LogConfig: Setting CVar [[r.ForwardShading:0]]
[2024.09.23-02.55.25:005][  0]LogConfig: Setting CVar [[r.VertexFoggingForOpaque:1]]
[2024.09.23-02.55.25:005][  0]LogConfig: Setting CVar [[r.AllowStaticLighting:1]]
[2024.09.23-02.55.25:005][  0]LogConfig: Setting CVar [[r.NormalMapsForStaticLighting:0]]
[2024.09.23-02.55.25:005][  0]LogConfig: Setting CVar [[r.GenerateMeshDistanceFields:0]]
[2024.09.23-02.55.25:005][  0]LogConfig: Setting CVar [[r.DistanceFieldBuild.EightBit:0]]
[2024.09.23-02.55.25:005][  0]LogConfig: Setting CVar [[r.GenerateLandscapeGIData:0]]
[2024.09.23-02.55.25:005][  0]LogConfig: Setting CVar [[r.DistanceFieldBuild.Compress:0]]
[2024.09.23-02.55.25:005][  0]LogConfig: Setting CVar [[r.TessellationAdaptivePixelsPerTriangle:48.000000]]
[2024.09.23-02.55.25:005][  0]LogConfig: Setting CVar [[r.SeparateTranslucency:1]]
[2024.09.23-02.55.25:005][  0]LogConfig: Setting CVar [[r.TranslucentSortPolicy:0]]
[2024.09.23-02.55.25:005][  0]LogConfig: Setting CVar [[r.CustomDepth:1]]
[2024.09.23-02.55.25:005][  0]LogConfig: Setting CVar [[r.CustomDepthTemporalAAJitter:1]]
[2024.09.23-02.55.25:005][  0]LogConfig: Setting CVar [[r.PostProcessing.PropagateAlpha:0]]
[2024.09.23-02.55.25:005][  0]LogConfig: Setting CVar [[r.DefaultFeature.Bloom:1]]
[2024.09.23-02.55.25:005][  0]LogConfig: Setting CVar [[r.DefaultFeature.AmbientOcclusion:1]]
[2024.09.23-02.55.25:005][  0]LogConfig: Setting CVar [[r.DefaultFeature.AmbientOcclusionStaticFraction:1]]
[2024.09.23-02.55.25:005][  0]LogConfig: Setting CVar [[r.DefaultFeature.AutoExposure:0]]
[2024.09.23-02.55.25:005][  0]LogConfig: Setting CVar [[r.DefaultFeature.AutoExposure.Method:0]]
[2024.09.23-02.55.25:005][  0]LogConfig: Setting CVar [[r.DefaultFeature.AutoExposure.Bias:1.000000]]
[2024.09.23-02.55.25:005][  0]LogConfig: Setting CVar [[r.DefaultFeature.AutoExposure.ExtendDefaultLuminanceRange:0]]
[2024.09.23-02.55.25:005][  0]LogConfig: Setting CVar [[r.UsePreExposure:1]]
[2024.09.23-02.55.25:006][  0]LogConfig: Setting CVar [[r.EyeAdaptation.EditorOnly:0]]
[2024.09.23-02.55.25:006][  0]LogConfig: Setting CVar [[r.DefaultFeature.MotionBlur:0]]
[2024.09.23-02.55.25:006][  0]LogConfig: Setting CVar [[r.DefaultFeature.LensFlare:0]]
[2024.09.23-02.55.25:006][  0]LogConfig: Setting CVar [[r.TemporalAA.Upsampling:0]]
[2024.09.23-02.55.25:006][  0]LogConfig: Setting CVar [[r.SSGI.Enable:0]]
[2024.09.23-02.55.25:006][  0]LogConfig: Setting CVar [[r.DefaultFeature.AntiAliasing:0]]
[2024.09.23-02.55.25:006][  0]LogConfig: Setting CVar [[r.DefaultFeature.LightUnits:1]]
[2024.09.23-02.55.25:006][  0]LogConfig: Setting CVar [[r.DefaultBackBufferPixelFormat:4]]
[2024.09.23-02.55.25:006][  0]LogConfig: Setting CVar [[r.Shadow.UnbuiltPreviewInGame:1]]
[2024.09.23-02.55.25:006][  0]LogConfig: Setting CVar [[r.StencilForLODDither:0]]
[2024.09.23-02.55.25:006][  0]LogConfig: Setting CVar [[r.EarlyZPass:3]]
[2024.09.23-02.55.25:006][  0]LogConfig: Setting CVar [[r.EarlyZPassOnlyMaterialMasking:0]]
[2024.09.23-02.55.25:006][  0]LogConfig: Setting CVar [[r.DBuffer:1]]
[2024.09.23-02.55.25:006][  0]LogConfig: Setting CVar [[r.ClearSceneMethod:1]]
[2024.09.23-02.55.25:006][  0]LogConfig: Setting CVar [[r.BasePassOutputsVelocity:0]]
[2024.09.23-02.55.25:006][  0]LogConfig: Setting CVar [[r.VertexDeformationOutputsVelocity:0]]
[2024.09.23-02.55.25:006][  0]LogConfig: Setting CVar [[r.SelectiveBasePassOutputs:0]]
[2024.09.23-02.55.25:006][  0]LogConfig: Setting CVar [[fx.GPUSimulationTextureSizeX:1024]]
[2024.09.23-02.55.25:006][  0]LogConfig: Setting CVar [[fx.GPUSimulationTextureSizeY:1024]]
[2024.09.23-02.55.25:006][  0]LogConfig: Setting CVar [[r.AllowGlobalClipPlane:0]]
[2024.09.23-02.55.25:006][  0]LogConfig: Setting CVar [[r.GBufferFormat:1]]
[2024.09.23-02.55.25:006][  0]LogConfig: Setting CVar [[r.MorphTarget.Mode:1]]
[2024.09.23-02.55.25:006][  0]LogConfig: Setting CVar [[vr.InstancedStereo:0]]
[2024.09.23-02.55.25:006][  0]LogConfig: Setting CVar [[r.MobileHDR:1]]
[2024.09.23-02.55.25:006][  0]LogConfig: Setting CVar [[vr.MobileMultiView:0]]
[2024.09.23-02.55.25:006][  0]LogConfig: Setting CVar [[r.Mobile.UseHWsRGBEncoding:0]]
[2024.09.23-02.55.25:006][  0]LogConfig: Setting CVar [[vr.RoundRobinOcclusion:0]]
[2024.09.23-02.55.25:006][  0]LogConfig: Setting CVar [[vr.ODSCapture:0]]
[2024.09.23-02.55.25:006][  0]LogConfig: Setting CVar [[r.MeshStreaming:0]]
[2024.09.23-02.55.25:006][  0]LogConfig: Setting CVar [[r.WireframeCullThreshold:5.000000]]
[2024.09.23-02.55.25:006][  0]LogConfig: Setting CVar [[r.RayTracing:0]]
[2024.09.23-02.55.25:006][  0]LogConfig: Setting CVar [[r.RayTracing.UseTextureLod:0]]
[2024.09.23-02.55.25:006][  0]LogConfig: Setting CVar [[r.SupportStationarySkylight:1]]
[2024.09.23-02.55.25:006][  0]LogConfig: Setting CVar [[r.SupportLowQualityLightmaps:1]]
[2024.09.23-02.55.25:006][  0]LogConfig: Setting CVar [[r.SupportPointLightWholeSceneShadows:1]]
[2024.09.23-02.55.25:006][  0]LogConfig: Setting CVar [[r.SupportAtmosphericFog:1]]
[2024.09.23-02.55.25:006][  0]LogConfig: Setting CVar [[r.SupportSkyAtmosphere:1]]
[2024.09.23-02.55.25:006][  0]LogConfig: Setting CVar [[r.SupportSkyAtmosphereAffectsHeightFog:0]]
[2024.09.23-02.55.25:006][  0]LogConfig: Setting CVar [[r.SkinCache.CompileShaders:0]]
[2024.09.23-02.55.25:006][  0]LogConfig: Setting CVar [[r.SkinCache.DefaultBehavior:1]]
[2024.09.23-02.55.25:006][  0]LogConfig: Setting CVar [[r.SkinCache.SceneMemoryLimitInMB:128.000000]]
[2024.09.23-02.55.25:006][  0]LogConfig: Setting CVar [[r.Mobile.EnableStaticAndCSMShadowReceivers:1]]
[2024.09.23-02.55.25:006][  0]LogConfig: Setting CVar [[r.Mobile.EnableMovableLightCSMShaderCulling:1]]
[2024.09.23-02.55.25:006][  0]LogConfig: Setting CVar [[r.Mobile.AllowDistanceFieldShadows:1]]
[2024.09.23-02.55.25:006][  0]LogConfig: Setting CVar [[r.Mobile.AllowMovableDirectionalLights:1]]
[2024.09.23-02.55.25:006][  0]LogConfig: Setting CVar [[r.MobileNumDynamicPointLights:4]]
[2024.09.23-02.55.25:006][  0]LogConfig: Setting CVar [[r.MobileDynamicPointLightsUseStaticBranch:1]]
[2024.09.23-02.55.25:006][  0]LogConfig: Setting CVar [[r.Mobile.EnableMovableSpotlights:0]]
[2024.09.23-02.55.25:006][  0]LogConfig: Setting CVar [[r.GPUSkin.Support16BitBoneIndex:0]]
[2024.09.23-02.55.25:006][  0]LogConfig: Setting CVar [[r.GPUSkin.Limit2BoneInfluences:0]]
[2024.09.23-02.55.25:006][  0]LogConfig: Setting CVar [[r.SupportDepthOnlyIndexBuffers:1]]
[2024.09.23-02.55.25:006][  0]LogConfig: Setting CVar [[r.SupportReversedIndexBuffers:1]]
[2024.09.23-02.55.25:006][  0]LogConfig: Setting CVar [[r.SupportMaterialLayers:0]]
[2024.09.23-02.55.25:006][  0]LogConfig: Setting CVar [[r.LightPropagationVolume:0]]
[2024.09.23-02.55.25:006][  0]LogConfig: Applying CVar settings from Section [/Script/Engine.RendererOverrideSettings] File [C:/Users/zekra/Documents/UE/Projects/LostWorld/Saved/Config/Windows/Engine.ini]
[2024.09.23-02.55.25:006][  0]LogConfig: Applying CVar settings from Section [/Script/Engine.StreamingSettings] File [C:/Users/zekra/Documents/UE/Projects/LostWorld/Saved/Config/Windows/Engine.ini]
[2024.09.23-02.55.25:006][  0]LogConfig: Setting CVar [[s.MinBulkDataSizeForAsyncLoading:131072]]
[2024.09.23-02.55.25:006][  0]LogConfig: Setting CVar [[s.AsyncLoadingThreadEnabled:0]]
[2024.09.23-02.55.25:006][  0]LogConfig: Setting CVar [[s.EventDrivenLoaderEnabled:1]]
[2024.09.23-02.55.25:006][  0]LogConfig: Setting CVar [[s.WarnIfTimeLimitExceeded:0]]
[2024.09.23-02.55.25:006][  0]LogConfig: Setting CVar [[s.TimeLimitExceededMultiplier:1.5]]
[2024.09.23-02.55.25:006][  0]LogConfig: Setting CVar [[s.TimeLimitExceededMinTime:0.005]]
[2024.09.23-02.55.25:006][  0]LogConfig: Setting CVar [[s.UseBackgroundLevelStreaming:1]]
[2024.09.23-02.55.25:006][  0]LogConfig: Setting CVar [[s.PriorityAsyncLoadingExtraTime:15.0]]
[2024.09.23-02.55.25:006][  0]LogConfig: Setting CVar [[s.LevelStreamingActorsUpdateTimeLimit:5.0]]
[2024.09.23-02.55.25:006][  0]LogConfig: Setting CVar [[s.PriorityLevelStreamingActorsUpdateExtraTime:5.0]]
[2024.09.23-02.55.25:006][  0]LogConfig: Setting CVar [[s.LevelStreamingComponentsRegistrationGranularity:10]]
[2024.09.23-02.55.25:006][  0]LogConfig: Setting CVar [[s.UnregisterComponentsTimeLimit:1.0]]
[2024.09.23-02.55.25:006][  0]LogConfig: Setting CVar [[s.LevelStreamingComponentsUnregistrationGranularity:5]]
[2024.09.23-02.55.25:006][  0]LogConfig: Setting CVar [[s.FlushStreamingOnExit:1]]
[2024.09.23-02.55.25:006][  0]LogConfig: Applying CVar settings from Section [/Script/Engine.GarbageCollectionSettings] File [C:/Users/zekra/Documents/UE/Projects/LostWorld/Saved/Config/Windows/Engine.ini]
[2024.09.23-02.55.25:006][  0]LogConfig: Setting CVar [[gc.MaxObjectsNotConsideredByGC:1]]
[2024.09.23-02.55.25:006][  0]LogConfig: Setting CVar [[gc.SizeOfPermanentObjectPool:0]]
[2024.09.23-02.55.25:006][  0]LogConfig: Setting CVar [[gc.FlushStreamingOnGC:0]]
[2024.09.23-02.55.25:006][  0]LogConfig: Setting CVar [[gc.NumRetriesBeforeForcingGC:10]]
[2024.09.23-02.55.25:006][  0]LogConfig: Setting CVar [[gc.AllowParallelGC:1]]
[2024.09.23-02.55.25:006][  0]LogConfig: Setting CVar [[gc.TimeBetweenPurgingPendingKillObjects:61.1]]
[2024.09.23-02.55.25:006][  0]LogConfig: Setting CVar [[gc.MaxObjectsInEditor:25165824]]
[2024.09.23-02.55.25:006][  0]LogConfig: Setting CVar [[gc.IncrementalBeginDestroyEnabled:1]]
[2024.09.23-02.55.25:006][  0]LogConfig: Setting CVar [[gc.CreateGCClusters:1]]
[2024.09.23-02.55.25:006][  0]LogConfig: Setting CVar [[gc.MinGCClusterSize:5]]
[2024.09.23-02.55.25:006][  0]LogConfig: Setting CVar [[gc.ActorClusteringEnabled:0]]
[2024.09.23-02.55.25:006][  0]LogConfig: Setting CVar [[gc.BlueprintClusteringEnabled:0]]
[2024.09.23-02.55.25:006][  0]LogConfig: Setting CVar [[gc.UseDisregardForGCOnDedicatedServers:0]]
[2024.09.23-02.55.25:006][  0]LogConfig: Applying CVar settings from Section [/Script/Engine.NetworkSettings] File [C:/Users/zekra/Documents/UE/Projects/LostWorld/Saved/Config/Windows/Engine.ini]
[2024.09.23-02.55.25:006][  0]LogConfig: Applying CVar settings from Section [/Script/UnrealEd.CookerSettings] File [C:/Users/zekra/Documents/UE/Projects/LostWorld/Saved/Config/Windows/Engine.ini]
[2024.09.23-02.55.25:010][  0]LogConfig: Applying CVar settings from Section [ViewDistanceQuality@3] File [C:/Users/zekra/Documents/UE/Projects/LostWorld/Saved/Config/Windows/Scalability.ini]
[2024.09.23-02.55.25:010][  0]LogConfig: Setting CVar [[r.SkeletalMeshLODBias:0]]
[2024.09.23-02.55.25:010][  0]LogConfig: Setting CVar [[r.ViewDistanceScale:1.0]]
[2024.09.23-02.55.25:010][  0]LogConfig: Applying CVar settings from Section [AntiAliasingQuality@3] File [C:/Users/zekra/Documents/UE/Projects/LostWorld/Saved/Config/Windows/Scalability.ini]
[2024.09.23-02.55.25:010][  0]LogConfig: Setting CVar [[r.PostProcessAAQuality:4]]
[2024.09.23-02.55.25:010][  0]LogConfig: Applying CVar settings from Section [ShadowQuality@3] File [C:/Users/zekra/Documents/UE/Projects/LostWorld/Saved/Config/Windows/Scalability.ini]
[2024.09.23-02.55.25:010][  0]LogConfig: Setting CVar [[r.LightFunctionQuality:1]]
[2024.09.23-02.55.25:010][  0]LogConfig: Setting CVar [[r.ShadowQuality:5]]
[2024.09.23-02.55.25:010][  0]LogConfig: Setting CVar [[r.Shadow.CSM.MaxCascades:10]]
[2024.09.23-02.55.25:010][  0]LogConfig: Setting CVar [[r.Shadow.MaxResolution:2048]]
[2024.09.23-02.55.25:010][  0]LogConfig: Setting CVar [[r.Shadow.MaxCSMResolution:2048]]
[2024.09.23-02.55.25:010][  0]LogConfig: Setting CVar [[r.Shadow.RadiusThreshold:0.01]]
[2024.09.23-02.55.25:010][  0]LogConfig: Setting CVar [[r.Shadow.DistanceScale:1.0]]
[2024.09.23-02.55.25:010][  0]LogConfig: Setting CVar [[r.Shadow.CSM.TransitionScale:1.0]]
[2024.09.23-02.55.25:010][  0]LogConfig: Setting CVar [[r.Shadow.PreShadowResolutionFactor:1.0]]
[2024.09.23-02.55.25:010][  0]LogConfig: Setting CVar [[r.DistanceFieldShadowing:1]]
[2024.09.23-02.55.25:010][  0]LogConfig: Setting CVar [[r.DistanceFieldAO:1]]
[2024.09.23-02.55.25:010][  0]LogConfig: Setting CVar [[r.AOQuality:2]]
[2024.09.23-02.55.25:010][  0]LogConfig: Setting CVar [[r.VolumetricFog:1]]
[2024.09.23-02.55.25:010][  0]LogConfig: Setting CVar [[r.VolumetricFog.GridPixelSize:8]]
[2024.09.23-02.55.25:010][  0]LogConfig: Setting CVar [[r.VolumetricFog.GridSizeZ:128]]
[2024.09.23-02.55.25:010][  0]LogConfig: Setting CVar [[r.VolumetricFog.HistoryMissSupersampleCount:4]]
[2024.09.23-02.55.25:010][  0]LogConfig: Setting CVar [[r.LightMaxDrawDistanceScale:1]]
[2024.09.23-02.55.25:010][  0]LogConfig: Setting CVar [[r.CapsuleShadows:1]]
[2024.09.23-02.55.25:010][  0]LogConfig: Applying CVar settings from Section [PostProcessQuality@3] File [C:/Users/zekra/Documents/UE/Projects/LostWorld/Saved/Config/Windows/Scalability.ini]
[2024.09.23-02.55.25:010][  0]LogConfig: Setting CVar [[r.MotionBlurQuality:4]]
[2024.09.23-02.55.25:010][  0]LogConfig: Setting CVar [[r.AmbientOcclusionMipLevelFactor:0.4]]
[2024.09.23-02.55.25:010][  0]LogConfig: Setting CVar [[r.AmbientOcclusionMaxQuality:100]]
[2024.09.23-02.55.25:011][  0]LogConfig: Setting CVar [[r.AmbientOcclusionLevels:-1]]
[2024.09.23-02.55.25:011][  0]LogConfig: Setting CVar [[r.AmbientOcclusionRadiusScale:1.0]]
[2024.09.23-02.55.25:011][  0]LogConfig: Setting CVar [[r.DepthOfFieldQuality:2]]
[2024.09.23-02.55.25:011][  0]LogConfig: Setting CVar [[r.RenderTargetPoolMin:400]]
[2024.09.23-02.55.25:011][  0]LogConfig: Setting CVar [[r.LensFlareQuality:2]]
[2024.09.23-02.55.25:011][  0]LogConfig: Setting CVar [[r.SceneColorFringeQuality:1]]
[2024.09.23-02.55.25:011][  0]LogConfig: Setting CVar [[r.EyeAdaptationQuality:2]]
[2024.09.23-02.55.25:011][  0]LogConfig: Setting CVar [[r.BloomQuality:5]]
[2024.09.23-02.55.25:011][  0]LogConfig: Setting CVar [[r.FastBlurThreshold:100]]
[2024.09.23-02.55.25:011][  0]LogConfig: Setting CVar [[r.Upscale.Quality:3]]
[2024.09.23-02.55.25:011][  0]LogConfig: Setting CVar [[r.Tonemapper.GrainQuantization:1]]
[2024.09.23-02.55.25:011][  0]LogConfig: Setting CVar [[r.LightShaftQuality:1]]
[2024.09.23-02.55.25:011][  0]LogConfig: Setting CVar [[r.Filter.SizeScale:1]]
[2024.09.23-02.55.25:011][  0]LogConfig: Setting CVar [[r.Tonemapper.Quality:5]]
[2024.09.23-02.55.25:011][  0]LogConfig: Setting CVar [[r.DOF.Gather.AccumulatorQuality:1        ; higher gathering accumulator quality]]
[2024.09.23-02.55.25:011][  0]LogConfig: Setting CVar [[r.DOF.Gather.PostfilterMethod:1          ; Median3x3 postfilering method]]
[2024.09.23-02.55.25:011][  0]LogConfig: Setting CVar [[r.DOF.Gather.EnableBokehSettings:0       ; no bokeh simulation when gathering]]
[2024.09.23-02.55.25:011][  0]LogConfig: Setting CVar [[r.DOF.Gather.RingCount:4                 ; medium number of samples when gathering]]
[2024.09.23-02.55.25:011][  0]LogConfig: Setting CVar [[r.DOF.Scatter.ForegroundCompositing:1    ; additive foreground scattering]]
[2024.09.23-02.55.25:011][  0]LogConfig: Setting CVar [[r.DOF.Scatter.BackgroundCompositing:2    ; additive background scattering]]
[2024.09.23-02.55.25:011][  0]LogConfig: Setting CVar [[r.DOF.Scatter.EnableBokehSettings:1      ; bokeh simulation when scattering]]
[2024.09.23-02.55.25:011][  0]LogConfig: Setting CVar [[r.DOF.Scatter.MaxSpriteRatio:0.1         ; only a maximum of 10% of scattered bokeh]]
[2024.09.23-02.55.25:011][  0]LogConfig: Setting CVar [[r.DOF.Recombine.Quality:1                ; cheap slight out of focus]]
[2024.09.23-02.55.25:011][  0]LogConfig: Setting CVar [[r.DOF.Recombine.EnableBokehSettings:0    ; no bokeh simulation on slight out of focus]]
[2024.09.23-02.55.25:011][  0]LogConfig: Setting CVar [[r.DOF.TemporalAAQuality:1                ; more stable temporal accumulation]]
[2024.09.23-02.55.25:011][  0]LogConfig: Setting CVar [[r.DOF.Kernel.MaxForegroundRadius:0.025]]
[2024.09.23-02.55.25:011][  0]LogConfig: Setting CVar [[r.DOF.Kernel.MaxBackgroundRadius:0.025]]
[2024.09.23-02.55.25:011][  0]LogConfig: Applying CVar settings from Section [TextureQuality@3] File [C:/Users/zekra/Documents/UE/Projects/LostWorld/Saved/Config/Windows/Scalability.ini]
[2024.09.23-02.55.25:011][  0]LogConfig: Setting CVar [[r.Streaming.MipBias:0]]
[2024.09.23-02.55.25:011][  0]LogConfig: Setting CVar [[r.Streaming.AmortizeCPUToGPUCopy:0]]
[2024.09.23-02.55.25:011][  0]LogConfig: Setting CVar [[r.Streaming.MaxNumTexturesToStreamPerFrame:0]]
[2024.09.23-02.55.25:011][  0]LogConfig: Setting CVar [[r.Streaming.Boost:1]]
[2024.09.23-02.55.25:011][  0]LogConfig: Setting CVar [[r.MaxAnisotropy:8]]
[2024.09.23-02.55.25:011][  0]LogConfig: Setting CVar [[r.VT.MaxAnisotropy:8]]
[2024.09.23-02.55.25:011][  0]LogConfig: Setting CVar [[r.Streaming.LimitPoolSizeToVRAM:0]]
[2024.09.23-02.55.25:011][  0]LogConfig: Setting CVar [[r.Streaming.PoolSize:1000]]
[2024.09.23-02.55.25:011][  0]LogConfig: Setting CVar [[r.Streaming.MaxEffectiveScreenSize:0]]
[2024.09.23-02.55.25:011][  0]LogConfig: Applying CVar settings from Section [EffectsQuality@3] File [C:/Users/zekra/Documents/UE/Projects/LostWorld/Saved/Config/Windows/Scalability.ini]
[2024.09.23-02.55.25:011][  0]LogConfig: Setting CVar [[r.TranslucencyLightingVolumeDim:64]]
[2024.09.23-02.55.25:011][  0]LogConfig: Setting CVar [[r.RefractionQuality:2]]
[2024.09.23-02.55.25:011][  0]LogConfig: Setting CVar [[r.SSR.Quality:3]]
[2024.09.23-02.55.25:011][  0]LogConfig: Setting CVar [[r.SSR.HalfResSceneColor:0]]
[2024.09.23-02.55.25:011][  0]LogConfig: Setting CVar [[r.SceneColorFormat:4]]
[2024.09.23-02.55.25:011][  0]LogConfig: Setting CVar [[r.DetailMode:2]]
[2024.09.23-02.55.25:011][  0]LogConfig: Setting CVar [[r.TranslucencyVolumeBlur:1]]
[2024.09.23-02.55.25:011][  0]LogConfig: Setting CVar [[r.MaterialQualityLevel:1 ; High quality]]
[2024.09.23-02.55.25:011][  0]LogConfig: Setting CVar [[r.SSS.Scale:1]]
[2024.09.23-02.55.25:011][  0]LogConfig: Setting CVar [[r.SSS.SampleSet:2]]
[2024.09.23-02.55.25:011][  0]LogConfig: Setting CVar [[r.SSS.Quality:1]]
[2024.09.23-02.55.25:011][  0]LogConfig: Setting CVar [[r.SSS.HalfRes:0]]
[2024.09.23-02.55.25:011][  0]LogConfig: Setting CVar [[r.SSGI.Quality:3]]
[2024.09.23-02.55.25:011][  0]LogConfig: Setting CVar [[r.EmitterSpawnRateScale:1.0]]
[2024.09.23-02.55.25:011][  0]LogConfig: Setting CVar [[r.ParticleLightQuality:2]]
[2024.09.23-02.55.25:011][  0]LogConfig: Setting CVar [[r.SkyAtmosphere.AerialPerspectiveLUT.FastApplyOnOpaque:1 ; Always have FastSkyLUT 1 in this case to avoid wrong sky]]
[2024.09.23-02.55.25:011][  0]LogConfig: Setting CVar [[r.SkyAtmosphere.AerialPerspectiveLUT.SampleCountPerSlice:1]]
[2024.09.23-02.55.25:011][  0]LogConfig: Setting CVar [[r.SkyAtmosphere.AerialPerspectiveLUT.DepthResolution:16.0]]
[2024.09.23-02.55.25:011][  0]LogConfig: Setting CVar [[r.SkyAtmosphere.FastSkyLUT:1]]
[2024.09.23-02.55.25:011][  0]LogConfig: Setting CVar [[r.SkyAtmosphere.FastSkyLUT.SampleCountMin:4.0]]
[2024.09.23-02.55.25:011][  0]LogConfig: Setting CVar [[r.SkyAtmosphere.FastSkyLUT.SampleCountMax:32.0]]
[2024.09.23-02.55.25:011][  0]LogConfig: Setting CVar [[r.SkyAtmosphere.SampleCountMin:4.0]]
[2024.09.23-02.55.25:011][  0]LogConfig: Setting CVar [[r.SkyAtmosphere.SampleCountMax:32.0]]
[2024.09.23-02.55.25:011][  0]LogConfig: Setting CVar [[r.SkyAtmosphere.TransmittanceLUT.UseSmallFormat:0]]
[2024.09.23-02.55.25:011][  0]LogConfig: Setting CVar [[r.SkyAtmosphere.TransmittanceLUT.SampleCount:10.0]]
[2024.09.23-02.55.25:011][  0]LogConfig: Setting CVar [[r.SkyAtmosphere.MultiScatteringLUT.SampleCount:15.0]]
[2024.09.23-02.55.25:011][  0]LogConfig: Applying CVar settings from Section [FoliageQuality@3] File [C:/Users/zekra/Documents/UE/Projects/LostWorld/Saved/Config/Windows/Scalability.ini]
[2024.09.23-02.55.25:011][  0]LogConfig: Setting CVar [[foliage.DensityScale:1.0]]
[2024.09.23-02.55.25:011][  0]LogConfig: Setting CVar [[grass.DensityScale:1.0]]
[2024.09.23-02.55.25:011][  0]LogConfig: Applying CVar settings from Section [ShadingQuality@3] File [C:/Users/zekra/Documents/UE/Projects/LostWorld/Saved/Config/Windows/Scalability.ini]
[2024.09.23-02.55.25:011][  0]LogConfig: Setting CVar [[r.HairStrands.SkyLighting.SampleCount:16]]
[2024.09.23-02.55.25:011][  0]LogConfig: Setting CVar [[r.HairStrands.SkyLighting.JitterIntegration:0]]
[2024.09.23-02.55.25:011][  0]LogConfig: Setting CVar [[r.HairStrands.SkyAO.SampleCount:16]]
[2024.09.23-02.55.25:011][  0]LogConfig: Setting CVar [[r.HairStrands.DeepShadow.SuperSampling:0]]
[2024.09.23-02.55.25:011][  0]LogConfig: Setting CVar [[r.HairStrands.VisibilityPPLL:0]]
[2024.09.23-02.55.25:011][  0]LogConfig: Setting CVar [[r.HairStrands.RasterizationScale:0.5]]
[2024.09.23-02.55.25:011][  0]LogConfig: Setting CVar [[r.HairStrands.VelocityRasterizationScale:1]]
[2024.09.23-02.55.25:011][  0]LogInit: Selected Device Profile: [Windows]
[2024.09.23-02.55.25:011][  0]LogInit: Applying CVar settings loaded from the selected device profile: [Windows]
[2024.09.23-02.55.25:011][  0]LogHAL: Display: Platform has ~ 32 GB [34275143680 / 34359738368 / 32], which maps to Largest [LargestMinGB=32, LargerMinGB=12, DefaultMinGB=8, SmallerMinGB=6, SmallestMinGB=0)
[2024.09.23-02.55.25:011][  0]LogInit: Going up to parent DeviceProfile []
[2024.09.23-02.55.25:011][  0]LogConfig: Applying CVar settings from Section [ViewDistanceQuality@3] File [C:/Users/zekra/Documents/UE/Projects/LostWorld/Saved/Config/Windows/Scalability.ini]
[2024.09.23-02.55.25:011][  0]LogConfig: Setting CVar [[r.SkeletalMeshLODBias:0]]
[2024.09.23-02.55.25:011][  0]LogConfig: Setting CVar [[r.ViewDistanceScale:1.0]]
[2024.09.23-02.55.25:011][  0]LogConfig: Applying CVar settings from Section [AntiAliasingQuality@3] File [C:/Users/zekra/Documents/UE/Projects/LostWorld/Saved/Config/Windows/Scalability.ini]
[2024.09.23-02.55.25:011][  0]LogConfig: Setting CVar [[r.PostProcessAAQuality:4]]
[2024.09.23-02.55.25:011][  0]LogConfig: Applying CVar settings from Section [ShadowQuality@3] File [C:/Users/zekra/Documents/UE/Projects/LostWorld/Saved/Config/Windows/Scalability.ini]
[2024.09.23-02.55.25:011][  0]LogConfig: Setting CVar [[r.LightFunctionQuality:1]]
[2024.09.23-02.55.25:011][  0]LogConfig: Setting CVar [[r.ShadowQuality:5]]
[2024.09.23-02.55.25:011][  0]LogConfig: Setting CVar [[r.Shadow.CSM.MaxCascades:10]]
[2024.09.23-02.55.25:011][  0]LogConfig: Setting CVar [[r.Shadow.MaxResolution:2048]]
[2024.09.23-02.55.25:011][  0]LogConfig: Setting CVar [[r.Shadow.MaxCSMResolution:2048]]
[2024.09.23-02.55.25:011][  0]LogConfig: Setting CVar [[r.Shadow.RadiusThreshold:0.01]]
[2024.09.23-02.55.25:011][  0]LogConfig: Setting CVar [[r.Shadow.DistanceScale:1.0]]
[2024.09.23-02.55.25:011][  0]LogConfig: Setting CVar [[r.Shadow.CSM.TransitionScale:1.0]]
[2024.09.23-02.55.25:012][  0]LogConfig: Setting CVar [[r.Shadow.PreShadowResolutionFactor:1.0]]
[2024.09.23-02.55.25:012][  0]LogConfig: Setting CVar [[r.DistanceFieldShadowing:1]]
[2024.09.23-02.55.25:012][  0]LogConfig: Setting CVar [[r.DistanceFieldAO:1]]
[2024.09.23-02.55.25:012][  0]LogConfig: Setting CVar [[r.AOQuality:2]]
[2024.09.23-02.55.25:012][  0]LogConfig: Setting CVar [[r.VolumetricFog:1]]
[2024.09.23-02.55.25:012][  0]LogConfig: Setting CVar [[r.VolumetricFog.GridPixelSize:8]]
[2024.09.23-02.55.25:012][  0]LogConfig: Setting CVar [[r.VolumetricFog.GridSizeZ:128]]
[2024.09.23-02.55.25:012][  0]LogConfig: Setting CVar [[r.VolumetricFog.HistoryMissSupersampleCount:4]]
[2024.09.23-02.55.25:012][  0]LogConfig: Setting CVar [[r.LightMaxDrawDistanceScale:1]]
[2024.09.23-02.55.25:012][  0]LogConfig: Setting CVar [[r.CapsuleShadows:1]]
[2024.09.23-02.55.25:012][  0]LogConfig: Applying CVar settings from Section [PostProcessQuality@3] File [C:/Users/zekra/Documents/UE/Projects/LostWorld/Saved/Config/Windows/Scalability.ini]
[2024.09.23-02.55.25:012][  0]LogConfig: Setting CVar [[r.MotionBlurQuality:4]]
[2024.09.23-02.55.25:012][  0]LogConfig: Setting CVar [[r.AmbientOcclusionMipLevelFactor:0.4]]
[2024.09.23-02.55.25:012][  0]LogConfig: Setting CVar [[r.AmbientOcclusionMaxQuality:100]]
[2024.09.23-02.55.25:012][  0]LogConfig: Setting CVar [[r.AmbientOcclusionLevels:-1]]
[2024.09.23-02.55.25:012][  0]LogConfig: Setting CVar [[r.AmbientOcclusionRadiusScale:1.0]]
[2024.09.23-02.55.25:012][  0]LogConfig: Setting CVar [[r.DepthOfFieldQuality:2]]
[2024.09.23-02.55.25:012][  0]LogConfig: Setting CVar [[r.RenderTargetPoolMin:400]]
[2024.09.23-02.55.25:012][  0]LogConfig: Setting CVar [[r.LensFlareQuality:2]]
[2024.09.23-02.55.25:012][  0]LogConfig: Setting CVar [[r.SceneColorFringeQuality:1]]
[2024.09.23-02.55.25:012][  0]LogConfig: Setting CVar [[r.EyeAdaptationQuality:2]]
[2024.09.23-02.55.25:012][  0]LogConfig: Setting CVar [[r.BloomQuality:5]]
[2024.09.23-02.55.25:012][  0]LogConfig: Setting CVar [[r.FastBlurThreshold:100]]
[2024.09.23-02.55.25:012][  0]LogConfig: Setting CVar [[r.Upscale.Quality:3]]
[2024.09.23-02.55.25:012][  0]LogConfig: Setting CVar [[r.Tonemapper.GrainQuantization:1]]
[2024.09.23-02.55.25:012][  0]LogConfig: Setting CVar [[r.LightShaftQuality:1]]
[2024.09.23-02.55.25:012][  0]LogConfig: Setting CVar [[r.Filter.SizeScale:1]]
[2024.09.23-02.55.25:012][  0]LogConfig: Setting CVar [[r.Tonemapper.Quality:5]]
[2024.09.23-02.55.25:012][  0]LogConfig: Setting CVar [[r.DOF.Gather.AccumulatorQuality:1        ; higher gathering accumulator quality]]
[2024.09.23-02.55.25:012][  0]LogConfig: Setting CVar [[r.DOF.Gather.PostfilterMethod:1          ; Median3x3 postfilering method]]
[2024.09.23-02.55.25:012][  0]LogConfig: Setting CVar [[r.DOF.Gather.EnableBokehSettings:0       ; no bokeh simulation when gathering]]
[2024.09.23-02.55.25:012][  0]LogConfig: Setting CVar [[r.DOF.Gather.RingCount:4                 ; medium number of samples when gathering]]
[2024.09.23-02.55.25:012][  0]LogConfig: Setting CVar [[r.DOF.Scatter.ForegroundCompositing:1    ; additive foreground scattering]]
[2024.09.23-02.55.25:012][  0]LogConfig: Setting CVar [[r.DOF.Scatter.BackgroundCompositing:2    ; additive background scattering]]
[2024.09.23-02.55.25:012][  0]LogConfig: Setting CVar [[r.DOF.Scatter.EnableBokehSettings:1      ; bokeh simulation when scattering]]
[2024.09.23-02.55.25:012][  0]LogConfig: Setting CVar [[r.DOF.Scatter.MaxSpriteRatio:0.1         ; only a maximum of 10% of scattered bokeh]]
[2024.09.23-02.55.25:012][  0]LogConfig: Setting CVar [[r.DOF.Recombine.Quality:1                ; cheap slight out of focus]]
[2024.09.23-02.55.25:012][  0]LogConfig: Setting CVar [[r.DOF.Recombine.EnableBokehSettings:0    ; no bokeh simulation on slight out of focus]]
[2024.09.23-02.55.25:012][  0]LogConfig: Setting CVar [[r.DOF.TemporalAAQuality:1                ; more stable temporal accumulation]]
[2024.09.23-02.55.25:012][  0]LogConfig: Setting CVar [[r.DOF.Kernel.MaxForegroundRadius:0.025]]
[2024.09.23-02.55.25:012][  0]LogConfig: Setting CVar [[r.DOF.Kernel.MaxBackgroundRadius:0.025]]
[2024.09.23-02.55.25:012][  0]LogConfig: Applying CVar settings from Section [TextureQuality@3] File [C:/Users/zekra/Documents/UE/Projects/LostWorld/Saved/Config/Windows/Scalability.ini]
[2024.09.23-02.55.25:012][  0]LogConfig: Setting CVar [[r.Streaming.MipBias:0]]
[2024.09.23-02.55.25:012][  0]LogConfig: Setting CVar [[r.Streaming.AmortizeCPUToGPUCopy:0]]
[2024.09.23-02.55.25:012][  0]LogConfig: Setting CVar [[r.Streaming.MaxNumTexturesToStreamPerFrame:0]]
[2024.09.23-02.55.25:012][  0]LogConfig: Setting CVar [[r.Streaming.Boost:1]]
[2024.09.23-02.55.25:012][  0]LogConfig: Setting CVar [[r.MaxAnisotropy:8]]
[2024.09.23-02.55.25:012][  0]LogConfig: Setting CVar [[r.VT.MaxAnisotropy:8]]
[2024.09.23-02.55.25:012][  0]LogConfig: Setting CVar [[r.Streaming.LimitPoolSizeToVRAM:0]]
[2024.09.23-02.55.25:012][  0]LogConfig: Setting CVar [[r.Streaming.PoolSize:1000]]
[2024.09.23-02.55.25:012][  0]LogConfig: Setting CVar [[r.Streaming.MaxEffectiveScreenSize:0]]
[2024.09.23-02.55.25:012][  0]LogConfig: Applying CVar settings from Section [EffectsQuality@3] File [C:/Users/zekra/Documents/UE/Projects/LostWorld/Saved/Config/Windows/Scalability.ini]
[2024.09.23-02.55.25:012][  0]LogConfig: Setting CVar [[r.TranslucencyLightingVolumeDim:64]]
[2024.09.23-02.55.25:012][  0]LogConfig: Setting CVar [[r.RefractionQuality:2]]
[2024.09.23-02.55.25:012][  0]LogConfig: Setting CVar [[r.SSR.Quality:3]]
[2024.09.23-02.55.25:012][  0]LogConfig: Setting CVar [[r.SSR.HalfResSceneColor:0]]
[2024.09.23-02.55.25:012][  0]LogConfig: Setting CVar [[r.SceneColorFormat:4]]
[2024.09.23-02.55.25:012][  0]LogConfig: Setting CVar [[r.DetailMode:2]]
[2024.09.23-02.55.25:012][  0]LogConfig: Setting CVar [[r.TranslucencyVolumeBlur:1]]
[2024.09.23-02.55.25:012][  0]LogConfig: Setting CVar [[r.MaterialQualityLevel:1 ; High quality]]
[2024.09.23-02.55.25:012][  0]LogConfig: Setting CVar [[r.SSS.Scale:1]]
[2024.09.23-02.55.25:012][  0]LogConfig: Setting CVar [[r.SSS.SampleSet:2]]
[2024.09.23-02.55.25:012][  0]LogConfig: Setting CVar [[r.SSS.Quality:1]]
[2024.09.23-02.55.25:012][  0]LogConfig: Setting CVar [[r.SSS.HalfRes:0]]
[2024.09.23-02.55.25:012][  0]LogConfig: Setting CVar [[r.SSGI.Quality:3]]
[2024.09.23-02.55.25:012][  0]LogConfig: Setting CVar [[r.EmitterSpawnRateScale:1.0]]
[2024.09.23-02.55.25:012][  0]LogConfig: Setting CVar [[r.ParticleLightQuality:2]]
[2024.09.23-02.55.25:012][  0]LogConfig: Setting CVar [[r.SkyAtmosphere.AerialPerspectiveLUT.FastApplyOnOpaque:1 ; Always have FastSkyLUT 1 in this case to avoid wrong sky]]
[2024.09.23-02.55.25:012][  0]LogConfig: Setting CVar [[r.SkyAtmosphere.AerialPerspectiveLUT.SampleCountPerSlice:1]]
[2024.09.23-02.55.25:012][  0]LogConfig: Setting CVar [[r.SkyAtmosphere.AerialPerspectiveLUT.DepthResolution:16.0]]
[2024.09.23-02.55.25:012][  0]LogConfig: Setting CVar [[r.SkyAtmosphere.FastSkyLUT:1]]
[2024.09.23-02.55.25:012][  0]LogConfig: Setting CVar [[r.SkyAtmosphere.FastSkyLUT.SampleCountMin:4.0]]
[2024.09.23-02.55.25:012][  0]LogConfig: Setting CVar [[r.SkyAtmosphere.FastSkyLUT.SampleCountMax:32.0]]
[2024.09.23-02.55.25:012][  0]LogConfig: Setting CVar [[r.SkyAtmosphere.SampleCountMin:4.0]]
[2024.09.23-02.55.25:012][  0]LogConfig: Setting CVar [[r.SkyAtmosphere.SampleCountMax:32.0]]
[2024.09.23-02.55.25:012][  0]LogConfig: Setting CVar [[r.SkyAtmosphere.TransmittanceLUT.UseSmallFormat:0]]
[2024.09.23-02.55.25:012][  0]LogConfig: Setting CVar [[r.SkyAtmosphere.TransmittanceLUT.SampleCount:10.0]]
[2024.09.23-02.55.25:012][  0]LogConfig: Setting CVar [[r.SkyAtmosphere.MultiScatteringLUT.SampleCount:15.0]]
[2024.09.23-02.55.25:012][  0]LogConfig: Applying CVar settings from Section [FoliageQuality@3] File [C:/Users/zekra/Documents/UE/Projects/LostWorld/Saved/Config/Windows/Scalability.ini]
[2024.09.23-02.55.25:012][  0]LogConfig: Setting CVar [[foliage.DensityScale:1.0]]
[2024.09.23-02.55.25:012][  0]LogConfig: Setting CVar [[grass.DensityScale:1.0]]
[2024.09.23-02.55.25:012][  0]LogConfig: Applying CVar settings from Section [ShadingQuality@3] File [C:/Users/zekra/Documents/UE/Projects/LostWorld/Saved/Config/Windows/Scalability.ini]
[2024.09.23-02.55.25:012][  0]LogConfig: Setting CVar [[r.HairStrands.SkyLighting.SampleCount:16]]
[2024.09.23-02.55.25:012][  0]LogConfig: Setting CVar [[r.HairStrands.SkyLighting.JitterIntegration:0]]
[2024.09.23-02.55.25:012][  0]LogConfig: Setting CVar [[r.HairStrands.SkyAO.SampleCount:16]]
[2024.09.23-02.55.25:012][  0]LogConfig: Setting CVar [[r.HairStrands.DeepShadow.SuperSampling:0]]
[2024.09.23-02.55.25:012][  0]LogConfig: Setting CVar [[r.HairStrands.VisibilityPPLL:0]]
[2024.09.23-02.55.25:012][  0]LogConfig: Setting CVar [[r.HairStrands.RasterizationScale:0.5]]
[2024.09.23-02.55.25:012][  0]LogConfig: Setting CVar [[r.HairStrands.VelocityRasterizationScale:1]]
[2024.09.23-02.55.25:012][  0]LogConfig: Applying CVar settings from Section [Startup] File [../../../Engine/Config/ConsoleVariables.ini]
[2024.09.23-02.55.25:013][  0]LogConfig: Setting CVar [[net.UseAdaptiveNetUpdateFrequency:0]]
[2024.09.23-02.55.25:013][  0]LogConfig: Setting CVar [[p.chaos.AllowCreatePhysxBodies:1]]
[2024.09.23-02.55.25:013][  0]LogConfig: Setting CVar [[fx.SkipVectorVMBackendOptimizations:1]]
[2024.09.23-02.55.25:013][  0]LogConfig: Applying CVar settings from Section [ConsoleVariables] File [C:/Users/zekra/Documents/UE/Projects/LostWorld/Saved/Config/Windows/Engine.ini]
[2024.09.23-02.55.25:013][  0]LogInit: Computer: DESKTOP-VS0096S
[2024.09.23-02.55.25:013][  0]LogInit: User: Val
[2024.09.23-02.55.25:013][  0]LogInit: CPU Page size=4096, Cores=6
[2024.09.23-02.55.25:013][  0]LogInit: High frequency timer resolution =10.000000 MHz
[2024.09.23-02.55.25:013][  0]LogMemory: Memory total: Physical=31.9GB (32GB approx)
[2024.09.23-02.55.25:013][  0]LogMemory: Platform Memory Stats for Windows
[2024.09.23-02.55.25:013][  0]LogMemory: Process Physical Memory: 116.10 MB used, 116.10 MB peak
[2024.09.23-02.55.25:013][  0]LogMemory: Process Virtual Memory: 96.70 MB used, 96.70 MB peak
[2024.09.23-02.55.25:013][  0]LogMemory: Physical Memory: 16736.65 MB used,  15950.67 MB free, 32687.32 MB total
[2024.09.23-02.55.25:013][  0]LogMemory: Virtual Memory: 5140.59 MB used,  134212584.00 MB free, 134217728.00 MB total
[2024.09.23-02.55.25:017][  0]LogWindows: WindowsPlatformFeatures enabled
[2024.09.23-02.55.25:091][  0]LogInit: Physics initialised using underlying interface: PhysX
[2024.09.23-02.55.25:092][  0]LogInit: Using OS detected language (en-GB).
[2024.09.23-02.55.25:092][  0]LogInit: Using OS detected locale (en-AU).
[2024.09.23-02.55.25:098][  0]LogTextLocalizationManager: No specific localization for 'en-GB' exists, so the 'en' localization will be used.
[2024.09.23-02.55.25:238][  0]LogInit: Setting process to per monitor DPI aware
[2024.09.23-02.55.25:276][  0]LogSlate: New Slate User Created.  User Index 0, Is Virtual User: 0
[2024.09.23-02.55.25:276][  0]LogSlate: Slate User Registered.  User Index 0, Is Virtual User: 0
[2024.09.23-02.55.25:400][  0]LogHMD: Failed to initialize OpenVR with code 110
[2024.09.23-02.55.25:400][  0]LogD3D11RHI: D3D11 min allowed feature level: 11_0
[2024.09.23-02.55.25:400][  0]LogD3D11RHI: D3D11 max allowed feature level: 11_0
[2024.09.23-02.55.25:400][  0]LogD3D11RHI: D3D11 adapters:
[2024.09.23-02.55.25:542][  0]LogD3D11RHI:    0. 'NVIDIA GeForce GTX 1660 Ti' (Feature Level 11_0)
[2024.09.23-02.55.25:542][  0]LogD3D11RHI:       5979/0/16343 MB DedicatedVideo/DedicatedSystem/SharedSystem, Outputs:2, VendorId:0x10de
[2024.09.23-02.55.25:544][  0]LogD3D11RHI:    1. 'Microsoft Basic Render Driver' (Feature Level 11_0)
[2024.09.23-02.55.25:544][  0]LogD3D11RHI:       0/0/16343 MB DedicatedVideo/DedicatedSystem/SharedSystem, Outputs:0, VendorId:0x1414
[2024.09.23-02.55.25:544][  0]LogD3D11RHI: Chosen D3D11 Adapter: 0
[2024.09.23-02.55.25:549][  0]LogD3D11RHI: Creating new Direct3DDevice
[2024.09.23-02.55.25:549][  0]LogD3D11RHI:     GPU DeviceId: 0x2182 (for the marketing name, search the web for "GPU Device Id")
[2024.09.23-02.55.25:549][  0]LogWindows: EnumDisplayDevices:
[2024.09.23-02.55.25:550][  0]LogWindows:    0. 'NVIDIA GeForce GTX 1660 Ti' (P:1 D:1)
[2024.09.23-02.55.25:550][  0]LogWindows:    1. 'NVIDIA GeForce GTX 1660 Ti' (P:0 D:1)
[2024.09.23-02.55.25:550][  0]LogWindows:    2. 'NVIDIA GeForce GTX 1660 Ti' (P:0 D:0)
[2024.09.23-02.55.25:550][  0]LogWindows:    3. 'NVIDIA GeForce GTX 1660 Ti' (P:0 D:0)
[2024.09.23-02.55.25:550][  0]LogWindows: DebugString: FoundDriverCount:4 
[2024.09.23-02.55.25:550][  0]LogD3D11RHI:     Adapter Name: NVIDIA GeForce GTX 1660 Ti
[2024.09.23-02.55.25:550][  0]LogD3D11RHI:   Driver Version: 536.23 (internal:31.0.15.3623, unified:536.23)
[2024.09.23-02.55.25:550][  0]LogD3D11RHI:      Driver Date: 6-8-2023
[2024.09.23-02.55.25:550][  0]LogRHI: Texture pool is 4185 MB (70% of 5979 MB)
[2024.09.23-02.55.25:643][  0]LogD3D11RHI: RHI has support for 64 bit atomics
[2024.09.23-02.55.25:643][  0]LogD3D11RHI: Async texture creation enabled
[2024.09.23-02.55.25:643][  0]LogD3D11RHI: Array index from any shader is supported
[2024.09.23-02.55.25:661][  0]LogD3D11RHI: GPU Timing Frequency: 1000.000000 (Debug: 2 1)
[2024.09.23-02.55.25:938][  0]LogTargetPlatformManager: Display: Loaded TargetPlatform 'AllDesktop'
[2024.09.23-02.55.25:958][  0]LogTargetPlatformManager: Display: Loaded TargetPlatform 'Android'
[2024.09.23-02.55.25:958][  0]LogTargetPlatformManager: Display: Loaded TargetPlatform 'Android_ASTC'
[2024.09.23-02.55.25:958][  0]LogTargetPlatformManager: Display: Loaded TargetPlatform 'Android_DXT'
[2024.09.23-02.55.25:958][  0]LogTargetPlatformManager: Display: Loaded TargetPlatform 'Android_ETC2'
[2024.09.23-02.55.25:958][  0]LogTargetPlatformManager: Display: Loaded TargetPlatform 'AndroidClient'
[2024.09.23-02.55.25:958][  0]LogTargetPlatformManager: Display: Loaded TargetPlatform 'Android_ASTCClient'
[2024.09.23-02.55.25:958][  0]LogTargetPlatformManager: Display: Loaded TargetPlatform 'Android_DXTClient'
[2024.09.23-02.55.25:958][  0]LogTargetPlatformManager: Display: Loaded TargetPlatform 'Android_ETC2Client'
[2024.09.23-02.55.25:958][  0]LogTargetPlatformManager: Display: Loaded TargetPlatform 'Android_Multi'
[2024.09.23-02.55.25:958][  0]LogTargetPlatformManager: Display: Loaded TargetPlatform 'Android_MultiClient'
[2024.09.23-02.55.25:983][  0]LogTargetPlatformManager: Display: Loaded TargetPlatform 'IOSClient'
[2024.09.23-02.55.25:983][  0]LogTargetPlatformManager: Display: Loaded TargetPlatform 'IOS'
[2024.09.23-02.55.25:994][  0]LogTargetPlatformManager: Display: Loaded TargetPlatform 'Linux'
[2024.09.23-02.55.26:003][  0]LogTargetPlatformManager: Display: Loaded TargetPlatform 'LinuxNoEditor'
[2024.09.23-02.55.26:014][  0]LogTargetPlatformManager: Display: Loaded TargetPlatform 'LinuxClient'
[2024.09.23-02.55.26:023][  0]LogTargetPlatformManager: Display: Loaded TargetPlatform 'LinuxServer'
[2024.09.23-02.55.26:032][  0]LogTargetPlatformManager: Display: Loaded TargetPlatform 'LinuxAArch64NoEditor'
[2024.09.23-02.55.26:042][  0]LogTargetPlatformManager: Display: Loaded TargetPlatform 'LinuxAArch64Client'
[2024.09.23-02.55.26:051][  0]LogTargetPlatformManager: Display: Loaded TargetPlatform 'LinuxAArch64Server'
[2024.09.23-02.55.26:075][  0]LogTargetPlatformManager: Display: Loaded TargetPlatform 'Lumin'
[2024.09.23-02.55.26:075][  0]LogTargetPlatformManager: Display: Loaded TargetPlatform 'LuminClient'
[2024.09.23-02.55.26:090][  0]LogTargetPlatformManager: Display: Loaded TargetPlatform 'TVOSClient'
[2024.09.23-02.55.26:090][  0]LogTargetPlatformManager: Display: Loaded TargetPlatform 'TVOS'
[2024.09.23-02.55.26:099][  0]LogTargetPlatformManager: Display: Loaded TargetPlatform 'WindowsNoEditor'
[2024.09.23-02.55.26:109][  0]LogTargetPlatformManager: Display: Loaded TargetPlatform 'Windows'
[2024.09.23-02.55.26:118][  0]LogTargetPlatformManager: Display: Loaded TargetPlatform 'WindowsClient'
[2024.09.23-02.55.26:127][  0]LogTargetPlatformManager: Display: Loaded TargetPlatform 'WindowsServer'
[2024.09.23-02.55.26:127][  0]LogTargetPlatformManager: Display: Building Assets For Windows
[2024.09.23-02.55.26:141][  0]LogAudioDebug: Display: Lib vorbis DLL was dynamically loaded.
[2024.09.23-02.55.26:228][  0]LogShaderCompilers: Guid format shader working directory is 15 characters bigger than the processId version (../../../../Projects/LostWorld/Intermediate/Shaders/WorkingDirectory/26012/).
[2024.09.23-02.55.26:228][  0]LogShaderCompilers: Cleaned the shader compiler working directory 'C:/Users/zekra/AppData/Local/Temp/UnrealShaderWorkingDir/8C9076D84A3BB3AA7900CDB279AEFF8D/'.
[2024.09.23-02.55.26:228][  0]LogXGEController: Cleaning working directory: C:/Users/zekra/AppData/Local/Temp/UnrealXGEWorkingDir/
[2024.09.23-02.55.26:229][  0]LogXGEController: Cannot use XGE Controller as Incredibuild is not installed on this machine.
[2024.09.23-02.55.26:229][  0]LogShaderCompilers: Cannot use XGE Shader Compiler as Incredibuild is not installed on this machine.
[2024.09.23-02.55.26:229][  0]LogShaderCompilers: Display: Using Local Shader Compiler.
[2024.09.23-02.55.26:851][  0]LogDerivedDataCache: Display: Max Cache Size: 512 MB
[2024.09.23-02.55.26:891][  0]LogDerivedDataCache: Loaded boot cache 0.04s 75MB C:/Users/zekra/AppData/Local/UnrealEngine/4.25/DerivedDataCache/Boot.ddc.
[2024.09.23-02.55.26:891][  0]LogDerivedDataCache: Display: Loaded Boot cache: C:/Users/zekra/AppData/Local/UnrealEngine/4.25/DerivedDataCache/Boot.ddc
[2024.09.23-02.55.26:891][  0]LogDerivedDataCache: FDerivedDataBackendGraph:  Pak pak cache file ../../../../Projects/LostWorld/DerivedDataCache/DDC.ddp not found, will not use a pak cache.
[2024.09.23-02.55.26:891][  0]LogDerivedDataCache: Unable to find inner node Pak for hierarchical cache Hierarchy.
[2024.09.23-02.55.26:891][  0]LogDerivedDataCache: FDerivedDataBackendGraph:  CompressedPak pak cache file ../../../../Projects/LostWorld/DerivedDataCache/Compressed.ddp not found, will not use a pak cache.
[2024.09.23-02.55.26:891][  0]LogDerivedDataCache: Unable to find inner node CompressedPak for hierarchical cache Hierarchy.
[2024.09.23-02.55.26:900][  0]LogDerivedDataCache: Display: Pak cache opened for reading ../../../Engine/DerivedDataCache/Compressed.ddp.
[2024.09.23-02.55.26:900][  0]LogDerivedDataCache: FDerivedDataBackendGraph:  EnterprisePak pak cache file ../../../Enterprise/DerivedDataCache/Compressed.ddp not found, will not use a pak cache.
[2024.09.23-02.55.26:900][  0]LogDerivedDataCache: Unable to find inner node EnterprisePak for hierarchical cache Hierarchy.
[2024.09.23-02.55.26:901][  0]LogDerivedDataCache: Using Local data cache path C:/Users/zekra/AppData/Local/UnrealEngine/Common/DerivedDataCache: Writable
[2024.09.23-02.55.26:902][  0]LogDerivedDataCache: Shared data cache path not found in *engine.ini, will not use an Shared cache.
[2024.09.23-02.55.26:902][  0]LogDerivedDataCache: Unable to find inner node Shared for hierarchical cache Hierarchy.
[2024.09.23-02.55.26:942][  0]LogSlate: Using FreeType 2.10.0
[2024.09.23-02.55.26:942][  0]LogSlate: SlateFontServices - WITH_FREETYPE: 1, WITH_HARFBUZZ: 1
[2024.09.23-02.55.26:966][  0]LogAssetRegistry: FAssetRegistry took 0.0022 seconds to start up
[2024.09.23-02.55.27:146][  0]LogInit: Selected Device Profile: [Windows]
[2024.09.23-02.55.27:257][  0]LogMeshReduction: Using QuadricMeshReduction for automatic static mesh reduction
[2024.09.23-02.55.27:257][  0]LogMeshReduction: Using SimplygonMeshReduction for automatic skeletal mesh reduction
[2024.09.23-02.55.27:257][  0]LogMeshReduction: Using ProxyLODMeshReduction for automatic mesh merging
[2024.09.23-02.55.27:257][  0]LogMeshReduction: No distributed automatic mesh merging module available
[2024.09.23-02.55.27:257][  0]LogMeshMerging: No distributed automatic mesh merging module available
[2024.09.23-02.55.27:273][  0]LogNetVersion: LostWorld 1.0.0, NetCL: 13144385, EngineNetVer: 14, GameNetVer: 0 (Checksum: 3618218532)
[2024.09.23-02.55.27:610][  0]LogAISub: UAISubsystem::UAISubsystem AISubsystem (000001FAD6DE5B80), frame # 0
[2024.09.23-02.55.27:610][  0]LogAISub: UAISubsystem::UAISubsystem AIPerceptionSystem (000001FAD6D2BC40), frame # 0
[2024.09.23-02.55.27:612][  0]LogAISub: UAISubsystem::UAISubsystem EnvQueryManager (000001FAD6D95E00), frame # 0
[2024.09.23-02.55.27:647][  0]LogPackageLocalizationCache: Processed 19 localized package path(s) for 1 prioritized culture(s) in 0.030398 seconds
[2024.09.23-02.55.27:651][  0]LogUObjectArray: 15917 objects as part of root set at end of initial load.
[2024.09.23-02.55.27:651][  0]LogUObjectAllocator: 3965568 out of 0 bytes used by permanent object pool.
[2024.09.23-02.55.27:651][  0]LogUObjectArray: CloseDisregardForGC: 0/0 objects in disregard for GC pool
[2024.09.23-02.55.28:087][  0]LogTcpMessaging: Initializing TcpMessaging bridge
[2024.09.23-02.55.28:093][  0]LogUdpMessaging: Initializing bridge on interface 0.0.0.0:0 to multicast group 230.0.0.1:6666.
[2024.09.23-02.55.28:209][  0]SourceControl: Source control is disabled
[2024.09.23-02.55.28:209][  0]SourceControl: Source control is disabled
[2024.09.23-02.55.28:213][  0]SourceControl: Source control is disabled
[2024.09.23-02.55.28:218][  0]SourceControl: Source control is disabled
[2024.09.23-02.55.28:232][  0]SourceControl: Source control is disabled
[2024.09.23-02.55.28:556][  0]LogAndroidPermission: UAndroidPermissionCallbackProxy::GetInstance
[2024.09.23-02.55.28:585][  0]LogAudioCaptureCore: Display: No Audio Capture implementations found. Audio input will be silent.
[2024.09.23-02.55.28:585][  0]LogAudioCaptureCore: Display: No Audio Capture implementations found. Audio input will be silent.
[2024.09.23-02.55.28:640][  0]LogOcInput: OculusInput pre-init called
[2024.09.23-02.55.28:654][  0]LogWindows: Failed to load 'OVRPlugin.dll' (GetLastError=126)
[2024.09.23-02.55.28:654][  0]LogWindows: File 'OVRPlugin.dll' does not exist
[2024.09.23-02.55.28:713][  0]LogEngine: Initializing Engine...
[2024.09.23-02.55.28:714][  0]LogHMD: Failed to initialize OpenVR with code 110
[2024.09.23-02.55.28:714][  0]LogMagicLeap: Warning: VR disabled because ZI is not enabled.  To enable, in the editor, Edit -> Project Settings -> Plugins -> Magic Leap Plugin -> Enable Zero Iteration
[2024.09.23-02.55.28:715][  0]LogStats: UGameplayTagsManager::InitializeManager -  0.000 s
[2024.09.23-02.55.28:821][  0]LogInit: Initializing FReadOnlyCVARCache
[2024.09.23-02.55.28:831][  0]LogAIModule: Creating AISystem for world Untitled
[2024.09.23-02.55.28:831][  0]LogAISub: UAISubsystem::UAISubsystem EnvQueryManager (000001FAD8D67C00), frame # 0
[2024.09.23-02.55.28:831][  0]LogAISub: UAISubsystem::UAISubsystem AIPerceptionSystem (000001FAD8DF0F40), frame # 0
[2024.09.23-02.55.28:841][  0]LogAudioMixer: Display: Audio Mixer Platform Settings:
[2024.09.23-02.55.28:841][  0]LogAudioMixer: Display: 	Sample Rate:						  48000
[2024.09.23-02.55.28:841][  0]LogAudioMixer: Display: 	Callback Buffer Frame Size Requested: 1024
[2024.09.23-02.55.28:841][  0]LogAudioMixer: Display: 	Callback Buffer Frame Size To Use:	  1024
[2024.09.23-02.55.28:841][  0]LogAudioMixer: Display: 	Number of buffers to queue:			  2
[2024.09.23-02.55.28:841][  0]LogAudioMixer: Display: 	Max Channels (voices):				  32
[2024.09.23-02.55.28:841][  0]LogAudioMixer: Display: 	Number of Async Source Workers:		  0
[2024.09.23-02.55.28:841][  0]LogAudio: Display: AudioDevice MaxSources: 32
[2024.09.23-02.55.28:842][  0]LogAudio: Display: Using built-in audio occlusion.
[2024.09.23-02.55.28:842][  0]LogAudioMixer: Display: Initializing audio mixer.
[2024.09.23-02.55.28:857][  0]LogAudioMixer: Display: 0: FrontLeft
[2024.09.23-02.55.28:857][  0]LogAudioMixer: Display: 1: FrontRight
[2024.09.23-02.55.28:895][  0]LogAudioMixer: Display: Using Audio Device Speakers (Realtek(R) Audio)
[2024.09.23-02.55.28:897][  0]LogAudioMixer: Display: Initializing Sound Submixes...
[2024.09.23-02.55.28:899][  0]LogAudioMixer: Display: Creating Master Submix 'MasterSubmixDefault'
[2024.09.23-02.55.28:899][  0]LogAudioMixer: Display: Creating Master Submix 'MasterReverbSubmixDefault'
[2024.09.23-02.55.28:900][  0]LogAudioMixer: Display: Creating Master Submix 'MasterEQSubmixDefault'
[2024.09.23-02.55.28:901][  0]LogInit: FAudioDevice initialized.
[2024.09.23-02.55.28:901][  0]LogNetVersion: Set ProjectVersion to 1.0.0.0. Version Checksum will be recalculated on next use.
[2024.09.23-02.55.28:941][  0]LogDerivedDataCache: Saved boot cache 0.04s 75MB C:/Users/zekra/AppData/Local/UnrealEngine/4.25/DerivedDataCache/Boot.ddc.
[2024.09.23-02.55.28:942][  0]LogInit: Texture streaming: Enabled
[2024.09.23-02.55.28:963][  0]LogEngineSessionManager: EngineSessionManager initialized
[2024.09.23-02.55.28:964][  0]LogEngineSessionManager: EngineSessionManager sent abnormal shutdown report. Type=AbnormalShutdown, SessionId={0FFC6BB8-41F9-558B-345D-24BAD415C6A0}
[2024.09.23-02.55.28:964][  0]LogEngineSessionManager: EngineSessionManager sent abnormal shutdown report. Type=Debugger, SessionId={3072E24D-47C4-1054-6653-F4910DAC7909}
[2024.09.23-02.55.28:964][  0]LogEditorSessionSummary: Verbose: Initializing EditorSessionSummaryWriter for editor session tracking
[2024.09.23-02.55.28:965][  0]LogEditorSessionSummary: EditorSessionSummaryWriter initialized
[2024.09.23-02.55.28:998][  0]LogInit: Transaction tracking system initialized
[2024.09.23-02.55.29:027][  0]BlueprintLog: New page: Editor Load
[2024.09.23-02.55.29:126][  0]LocalizationService: Localization service is disabled
[2024.09.23-02.55.29:282][  0]LogCook: Display: Max memory allowance for cook 16384mb min free memory 0mb
[2024.09.23-02.55.29:283][  0]LogCook: Display: Mobile HDR setting 1
[2024.09.23-02.55.29:283][  0]LogAutoSizeComments: Startup AutoSizeComments
[2024.09.23-02.55.29:519][  0]LogFileCache: Scanning file cache for directory 'C:/Users/zekra/Documents/UE/Projects/LostWorld/Content/' took 0.00s
[2024.09.23-02.55.29:678][  0]SourceControl: Source control is disabled
[2024.09.23-02.55.29:678][  0]LogUnrealEdMisc: Loading editor; pre map load, took 5.921
[2024.09.23-02.55.29:678][  0]Cmd: MAP LOAD FILE="../../../../Projects/LostWorld/Content/Levels/MinimalDefaultCopy.umap" TEMPLATE=0 SHOWPROGRESS=1 FEATURELEVEL=3
[2024.09.23-02.55.29:679][  0]LightingResults: New page: Lighting Build
[2024.09.23-02.55.29:679][  0]LogWorld: UWorld::CleanupWorld for Untitled, bSessionEnded=true, bCleanupResources=true
[2024.09.23-02.55.29:679][  0]LogSlate: InvalidateAllWidgets triggered.  All widgets were invalidated
[2024.09.23-02.55.29:680][  0]MapCheck: New page: Map Check
[2024.09.23-02.55.29:680][  0]LightingResults: New page: Lighting Build
[2024.09.23-02.55.29:687][  0]LogAISub: UAISubsystem::~UAISubsystem EnvQueryManager (000001FAD8D67C00), frame # 0
[2024.09.23-02.55.29:688][  0]LogAISub: UAISubsystem::~UAISubsystem AIPerceptionSystem (000001FAD8DF0F40), frame # 0
[2024.09.23-02.55.29:688][  0]LogUObjectHash: Compacting FUObjectHashTables data took   0.53ms
[2024.09.23-02.55.29:820][  0]LogAIModule: Creating AISystem for world MinimalDefaultCopy
[2024.09.23-02.55.29:820][  0]LogAISub: UAISubsystem::UAISubsystem EnvQueryManager (000001FAC88E0400), frame # 0
[2024.09.23-02.55.29:820][  0]LogAISub: UAISubsystem::UAISubsystem AIPerceptionSystem (000001FAC87F1D00), frame # 0
[2024.09.23-02.55.29:825][  0]LogEditorServer: Finished looking for orphan Actors (0.000 secs)
[2024.09.23-02.55.29:834][  0]LogUObjectHash: Compacting FUObjectHashTables data took   0.67ms
[2024.09.23-02.55.29:834][  0]Cmd: MAP CHECKDEP NOCLEARLOG
[2024.09.23-02.55.29:834][  0]MapCheck: Map check complete: 0 Error(s), 0 Warning(s), took 0.186ms to complete.
[2024.09.23-02.55.29:834][  0]LogFileHelpers: Loading map 'MinimalDefaultCopy' took 0.156
[2024.09.23-02.55.29:837][  0]LogUnrealEdMisc: Total Editor Startup Time, took 6.079
[2024.09.23-02.55.29:953][  0]LogSlate: Took 0.000145 seconds to synchronously load lazily loaded font '../../../Engine/Content/Slate/Fonts/Roboto-Regular.ttf' (155K)
[2024.09.23-02.55.30:594][  0]LogSlate: Updating window title bar state: overlay mode, drag disabled, window buttons hidden, title bar hidden
[2024.09.23-02.55.30:600][  0]LogSlate: Updating window title bar state: overlay mode, drag disabled, window buttons hidden, title bar hidden
[2024.09.23-02.55.30:606][  0]LogSlate: Updating window title bar state: overlay mode, drag disabled, window buttons hidden, title bar hidden
[2024.09.23-02.55.30:611][  0]LogSlate: Updating window title bar state: overlay mode, drag disabled, window buttons hidden, title bar hidden
[2024.09.23-02.55.30:619][  0]LogCollectionManager: Loaded 0 collections in 0.001940 seconds
[2024.09.23-02.55.30:632][  0]LogFileCache: Scanning file cache for directory 'C:/Users/zekra/Documents/UE/Projects/LostWorld/Saved/Collections/' took 0.00s
[2024.09.23-02.55.30:632][  0]LogFileCache: Scanning file cache for directory 'C:/Users/zekra/Documents/UE/Projects/LostWorld/Content/Developers/Val/Collections/' took 0.00s
[2024.09.23-02.55.30:632][  0]LogFileCache: Scanning file cache for directory 'C:/Users/zekra/Documents/UE/Projects/LostWorld/Content/Collections/' took 0.00s
[2024.09.23-02.55.30:632][  0]LogContentBrowser: Native class hierarchy populated in 0.0073 seconds. Added 3438 classes and 829 folders.
[2024.09.23-02.55.30:634][  0]LogContentBrowser: Native class hierarchy updated for 'WidgetCarousel' in 0.0003 seconds. Added 0 classes and 0 folders.
[2024.09.23-02.55.30:696][  0]LogContentBrowser: Native class hierarchy updated for 'AddContentDialog' in 0.0004 seconds. Added 0 classes and 0 folders.
[2024.09.23-02.55.30:697][  0]LogContentBrowser: Native class hierarchy updated for 'SceneOutliner' in 0.0004 seconds. Added 2 classes and 0 folders.
[2024.09.23-02.55.30:706][  0]LogContentBrowser: Native class hierarchy updated for 'WorldBrowser' in 0.0004 seconds. Added 2 classes and 3 folders.
[2024.09.23-02.55.30:780][  0]LogSlate: Took 0.000195 seconds to synchronously load lazily loaded font '../../../Engine/Content/Slate/Fonts/Roboto-Bold.ttf' (160K)
[2024.09.23-02.55.30:782][  0]LogSlate: Took 0.000164 seconds to synchronously load lazily loaded font '../../../Engine/Content/Editor/Slate/Fonts/FontAwesome.ttf' (139K)
[2024.09.23-02.55.30:833][  0]LogRenderer: Reallocating scene render targets to support 1432x600 Format 10 NumSamples 1 (Frame:1).
[2024.09.23-02.55.30:920][  0]LogContentBrowser: Native class hierarchy updated for 'HierarchicalLODOutliner' in 0.0004 seconds. Added 0 classes and 0 folders.
[2024.09.23-02.55.30:920][  0]LogLoad: (Engine Initialization) Total time: 7.16 seconds
[2024.09.23-02.55.30:920][  0]LogLoad: (Engine Initialization) Total Blueprint compile time: 0.00 seconds
[2024.09.23-02.55.31:345][  0]LogAssetRegistry: Asset discovery search completed in 4.3792 seconds
[2024.09.23-02.55.31:345][  0]LogAutoSizeComments: Loaded auto size comments cache: ../../../Engine/Plugins/Marketplace/AutoSizeComments/ASCCache/7D4A53564EE1015E902C29B8F812ED99.json
[2024.09.23-02.55.31:348][  0]LogCollectionManager: Fixed up redirectors for 0 collections in 0.000002 seconds (updated 0 objects)
[2024.09.23-02.55.31:349][  0]LogContentStreaming: Texture pool size now 1000 MB
[2024.09.23-02.55.31:371][  0]LogSlate: Took 0.000133 seconds to synchronously load lazily loaded font '../../../Engine/Content/Slate/Fonts/Roboto-Light.ttf' (167K)
[2024.09.23-02.55.51:703][160]LogTemp: Repeating last play command: Selected Viewport
[2024.09.23-02.55.51:711][160]LogPlayLevel: PlayLevel: No blueprints needed recompiling
[2024.09.23-02.55.51:712][160]PIE: New page: PIE session: MinimalDefaultCopy (23 Sep 2024, 10:55:51 pm)
[2024.09.23-02.55.51:713][160]LogOnline: OSS: Creating online subsystem instance for: NULL
[2024.09.23-02.55.51:714][160]LogOnline: OSS: TryLoadSubsystemAndSetDefault: Loaded subsystem for module [NULL]
[2024.09.23-02.55.51:715][160]LogPlayLevel: Creating play world package: /Game/Levels/UEDPIE_0_MinimalDefaultCopy
[2024.09.23-02.55.51:718][160]LogPlayLevel: PIE: StaticDuplicateObject took: (0.002641s)
[2024.09.23-02.55.51:719][160]LogAIModule: Creating AISystem for world MinimalDefaultCopy
[2024.09.23-02.55.51:719][160]LogAISub: UAISubsystem::UAISubsystem EnvQueryManager (000001FB1887BE00), frame # 2160
[2024.09.23-02.55.51:719][160]LogAISub: UAISubsystem::UAISubsystem AIPerceptionSystem (000001FB188CC7C0), frame # 2160
[2024.09.23-02.55.51:719][160]LogPlayLevel: PIE: World Init took: (0.001037s)
[2024.09.23-02.55.51:719][160]LogPlayLevel: PIE: Created PIE world by copying editor world from /Game/Levels/MinimalDefaultCopy.MinimalDefaultCopy to /Game/Levels/UEDPIE_0_MinimalDefaultCopy.MinimalDefaultCopy (0.003856s)
[2024.09.23-02.55.51:727][160]LogUObjectHash: Compacting FUObjectHashTables data took   0.43ms
[2024.09.23-02.55.51:728][160]LogTemp: Warning: FilePaths: Player's Save Data Folder: ../../../../Projects/LostWorld/Saved/SaveGames/DeveloperSettings.json
[2024.09.23-02.55.51:728][160]LogAudioMixer: Display: Audio Mixer Platform Settings:
[2024.09.23-02.55.51:728][160]LogAudioMixer: Display: 	Sample Rate:						  48000
[2024.09.23-02.55.51:728][160]LogAudioMixer: Display: 	Callback Buffer Frame Size Requested: 1024
[2024.09.23-02.55.51:728][160]LogAudioMixer: Display: 	Callback Buffer Frame Size To Use:	  1024
[2024.09.23-02.55.51:728][160]LogAudioMixer: Display: 	Number of buffers to queue:			  2
[2024.09.23-02.55.51:728][160]LogAudioMixer: Display: 	Max Channels (voices):				  32
[2024.09.23-02.55.51:728][160]LogAudioMixer: Display: 	Number of Async Source Workers:		  0
[2024.09.23-02.55.51:728][160]LogAudio: Display: AudioDevice MaxSources: 32
[2024.09.23-02.55.51:729][160]LogAudio: Display: Using built-in audio occlusion.
[2024.09.23-02.55.51:729][160]LogAudioMixer: Display: Initializing audio mixer.
[2024.09.23-02.55.51:735][160]LogAudioMixer: Display: 0: FrontLeft
[2024.09.23-02.55.51:735][160]LogAudioMixer: Display: 1: FrontRight
[2024.09.23-02.55.51:759][160]LogAudioMixer: Display: Using Audio Device Speakers (Realtek(R) Audio)
[2024.09.23-02.55.51:759][160]LogAudioMixer: Display: Initializing Sound Submixes...
[2024.09.23-02.55.51:759][160]LogAudioMixer: Display: Creating Master Submix 'MasterSubmixDefault'
[2024.09.23-02.55.51:759][160]LogAudioMixer: Display: Creating Master Submix 'MasterReverbSubmixDefault'
[2024.09.23-02.55.51:759][160]LogAudioMixer: Display: Creating Master Submix 'MasterEQSubmixDefault'
[2024.09.23-02.55.51:771][160]LogInit: FAudioDevice initialized.
[2024.09.23-02.55.51:777][160]LogLoad: Game class is 'LostWorldGameModeBaseBp_C'
[2024.09.23-02.55.51:779][160]LogWorld: Bringing World /Game/Levels/UEDPIE_0_MinimalDefaultCopy.MinimalDefaultCopy up for play (max tick rate 0) at 2024.09.23-12.55.51
[2024.09.23-02.55.51:779][160]LogWorld: Bringing up level for play took: 0.000866
[2024.09.23-02.55.51:779][160]LogOnline: OSS: Creating online subsystem instance for: :Context_2
[2024.09.23-02.55.51:783][160]LogContentBrowser: Native class hierarchy updated for 'MovieSceneCapture' in 0.0004 seconds. Added 20 classes and 0 folders.
[2024.09.23-02.55.51:784][160]PIE: Server logged in
[2024.09.23-02.55.51:785][160]PIE: Play in editor total start time 0.074 seconds.
[2024.09.23-02.55.53:092][294]LogSlate: Updating window title bar state: overlay mode, drag disabled, window buttons hidden, title bar hidden
[2024.09.23-02.55.53:092][294]LogWorld: BeginTearingDown for /Game/Levels/UEDPIE_0_MinimalDefaultCopy
[2024.09.23-02.55.53:092][294]LogWorld: UWorld::CleanupWorld for MinimalDefaultCopy, bSessionEnded=true, bCleanupResources=true
[2024.09.23-02.55.53:092][294]LogSlate: InvalidateAllWidgets triggered.  All widgets were invalidated
[2024.09.23-02.55.53:097][294]LogPlayLevel: Display: Shutting down PIE online subsystems
[2024.09.23-02.55.53:098][294]LogSlate: InvalidateAllWidgets triggered.  All widgets were invalidated
[2024.09.23-02.55.53:106][294]LogSlate: Updating window title bar state: overlay mode, drag disabled, window buttons hidden, title bar hidden
[2024.09.23-02.55.53:120][294]LogAISub: UAISubsystem::~UAISubsystem AIPerceptionSystem (000001FB188CC7C0), frame # 2294
[2024.09.23-02.55.53:120][294]LogAISub: UAISubsystem::~UAISubsystem EnvQueryManager (000001FB1887BE00), frame # 2294
[2024.09.23-02.55.53:121][294]LogUObjectHash: Compacting FUObjectHashTables data took   0.50ms
[2024.09.23-02.55.53:152][297]LogPlayLevel: Display: Destroying online subsystem :Context_2
[2024.09.23-02.55.54:320][407]MapCheck: New page: Map Check
[2024.09.23-02.55.54:338][407]Cmd: MAP REBUILD ALLVISIBLE
[2024.09.23-02.55.54:338][407]LogEditorServer: Rebuildmap Clear paths rebuilt
[2024.09.23-02.55.54:384][407]LogWorld: UWorld::CleanupWorld for MinimalDefaultCopy, bSessionEnded=true, bCleanupResources=false
[2024.09.23-02.55.54:392][407]LogNavigationDataBuild: Display: UNavigationSystemV1::Build started...
[2024.09.23-02.55.54:392][407]LogNavigationDataBuild: Display:    Building navigation data using PHYSICS_INTERFACE_PHYSX.
[2024.09.23-02.55.54:392][407]LogNavigationDataBuild: Display:    Building navigation data using WITH_PHYSX.
[2024.09.23-02.55.54:404][407]LogUObjectHash: Compacting FUObjectHashTables data took   0.50ms
[2024.09.23-02.55.54:411][407]LogMaterial: Display: Missing cached shader map for material DebugViewMode MaterialTexCoordScale, compiling. 
[2024.09.23-02.55.54:422][407]LogMaterial: Display: Missing cached shader map for material DebugViewMode MaterialTexCoordScale, compiling. 
[2024.09.23-02.55.54:423][407]LogMaterial: Display: Missing cached shader map for material DebugViewMode MaterialTexCoordScale, compiling. 
[2024.09.23-02.55.54:424][407]LogMaterial: Display: Missing cached shader map for material DebugViewMode MaterialTexCoordScale, compiling. 
[2024.09.23-02.55.54:426][407]LogMaterial: Display: Missing cached shader map for material DebugViewMode MaterialTexCoordScale, compiling. 
[2024.09.23-02.55.54:427][407]LogShaderCompilers: Display: Worker (1/3): shaders left to compile 8
[2024.09.23-02.55.54:427][407]LogShaderCompilers: Display: Worker (2/3): shaders left to compile 7
[2024.09.23-02.55.54:427][407]LogMaterial: Display: Missing cached shader map for material DebugViewMode MaterialTexCoordScale, compiling. 
[2024.09.23-02.55.54:428][407]LogMaterial: Display: Missing cached shader map for material DebugViewMode MaterialTexCoordScale, compiling. 
[2024.09.23-02.55.56:397][407]LogShaderCompilers: Display: Worker (2/3): shaders left to compile 12
[2024.09.23-02.55.56:397][407]LogShaderCompilers: Display: Worker (1/3): shaders left to compile 11
[2024.09.23-02.55.56:397][407]LogShaderCompilers: Display: Worker (2/3): shaders left to compile 10
[2024.09.23-02.55.56:397][407]LogShaderCompilers: Display: Worker (1/3): shaders left to compile 9
[2024.09.23-02.55.56:397][407]LogShaderCompilers: Display: Worker (2/3): shaders left to compile 8
[2024.09.23-02.55.56:397][407]LogShaderCompilers: Display: Worker (1/3): shaders left to compile 7
[2024.09.23-02.55.56:397][407]LogShaderCompilers: Display: Worker (2/3): shaders left to compile 6
[2024.09.23-02.55.56:397][407]LogShaderCompilers: Display: Worker (1/3): shaders left to compile 5
[2024.09.23-02.55.56:397][407]LogShaderCompilers: Display: Worker (2/3): shaders left to compile 4
[2024.09.23-02.55.56:397][407]LogShaderCompilers: Display: Worker (1/3): shaders left to compile 3
[2024.09.23-02.55.56:397][407]LogShaderCompilers: Display: Worker (2/3): shaders left to compile 2
[2024.09.23-02.55.56:397][407]LogShaderCompilers: Display: Worker (1/3): shaders left to compile 1
[2024.09.23-02.55.56:397][407]TextureStreamingBuild: Display: Compiling optional shaders took 1.991 seconds.
[2024.09.23-02.55.56:454][407]LogLevel: Display: Export Material TexCoord Scales took 0.057 seconds.
[2024.09.23-02.55.56:456][407]TextureStreamingBuild: Display: Build Texture Streaming took 0.002 seconds.
[2024.09.23-02.55.56:464][407]LogUObjectHash: Compacting FUObjectHashTables data took   0.18ms
[2024.09.23-02.55.56:467][407]LightingResults: New page: Lighting Build - 23 Sep 2024, 10:55:56 pm
[2024.09.23-02.55.56:512][407]LogSwarmInterface: [OpenConnection] Registering TCP channel ...
[2024.09.23-02.55.56:586][407]LogSwarmInterface: [OpenConnection] Connecting to agent ...
[2024.09.23-02.55.56:600][407]LogSwarmInterface: [TryOpenConnection] Testing the Agent
[2024.09.23-02.55.57:150][407]LogSwarmInterface: [TryOpenConnection] Opening Connection to Agent
[2024.09.23-02.55.57:150][407]LogSwarmInterface: [TryOpenConnection] Local Process ID is 26012
[2024.09.23-02.56.03:878][407]LogStaticLightingSystem: Warning: No importance volume found, so the scene bounding box was used.  You can optimize your scene's quality and lighting build times by adding importance volumes.
[2024.09.23-02.56.03:879][407]LogStaticLightingSystem: Running Lightmass w/ ImmediateImport mode ENABLED
[2024.09.23-02.56.03:879][407]LogStaticLightingSystem: Running Lightmass w/ ImmediateProcess mode ENABLED
[2024.09.23-02.56.03:879][407]LogStaticLightingSystem: Running Lightmass w/ Sorting mode ENABLED
[2024.09.23-02.56.03:879][407]LogStaticLightingSystem: Running Lightmass w/ Mapping paddings ENABLED
[2024.09.23-02.56.03:879][407]LogStaticLightingSystem: Running Lightmass w/ Mapping debug paddings DISABLED
[2024.09.23-02.56.04:029][407]Cmd: MAP CHECK DONTDISPLAYDIALOG
[2024.09.23-02.56.04:029][407]MapCheck: New page: MinimalDefaultCopy - 23 Sep 2024, 10:56:04 pm
[2024.09.23-02.56.04:029][407]MapCheck: Error: WorldSettings_1 Maps need lighting rebuilt 
[2024.09.23-02.56.04:031][407]MapCheck: Map check complete: 1 Error(s), 0 Warning(s), took 2.278ms to complete.
[2024.09.23-02.56.04:033][407]LogEditorBuildUtils: Build time 0:09
[2024.09.23-02.56.04:055][407]LogMaterial: Display: Missing cached shader map for material FLightmassMaterialRenderer MaterialInstanceDynamic_0, compiling. 
[2024.09.23-02.56.04:060][407]LogMaterial: Display: Missing cached shader map for material FLightmassMaterialRenderer MaterialInstanceDynamic_0, compiling. 
[2024.09.23-02.56.04:114][407]LogShaderCompilers: Display: Worker (1/3): shaders left to compile 4
[2024.09.23-02.56.04:114][407]LogShaderCompilers: Display: Worker (2/3): shaders left to compile 1
[2024.09.23-02.56.04:114][407]LogSlate: Took 0.000604 seconds to synchronously load lazily loaded font '../../../Engine/Content/Slate/Fonts/DroidSansMono.ttf' (77K)
[2024.09.23-02.56.04:844][411]LogUObjectHash: Compacting FUObjectHashTables data took   0.19ms
[2024.09.23-02.56.05:978][479]Job is a success!
[2024.09.23-02.56.06:137][480]LogVolumetricLightmapImport: Imported Volumetric Lightmap in 0.008s
[2024.09.23-02.56.06:137][480]LogVolumetricLightmapImport:      Indirection Texture 16x16x16 = 0.0Mb
[2024.09.23-02.56.06:138][480]LogVolumetricLightmapImport:      BrickData (all levels) 0.0Mb
[2024.09.23-02.56.06:138][480]LogVolumetricLightmapImport:      Bricks at depth
[2024.09.23-02.56.06:138][480]LogVolumetricLightmapImport:          0: 16.7% covering 100.0% of volume
[2024.09.23-02.56.06:138][480]LogVolumetricLightmapImport:          1: 16.7% covering 1.6% of volume
[2024.09.23-02.56.06:138][480]LogVolumetricLightmapImport:          2: 66.7% covering 0.1% of volume
[2024.09.23-02.56.06:138][480]LogVolumetricLightmapImport:      Bricks in each level
[2024.09.23-02.56.06:138][480]LogVolumetricLightmapImport:          MinimalDefaultCopy 			 6 bricks 	 100.0% (Persistent Level)
[2024.09.23-02.56.06:284][480]LogTexture: Display: Building textures: SkyOcclusion0_1 (AutoDXT, 512X256)
[2024.09.23-02.56.06:284][480]LogTexture: Display: Building textures: HQ_Lightmap0_1 (AutoDXT, 512X512)
[2024.09.23-02.56.06:284][480]LogTexture: Display: Building textures: SkyOcclusion0_2 (AutoDXT, 64X32)
[2024.09.23-02.56.06:284][480]LogTexture: Display: Building textures: LQ_Lightmap_0_1 (DXT1, 512X512)
[2024.09.23-02.56.06:284][480]LogTexture: Display: Building textures: HQ_Lightmap0_2 (AutoDXT, 64X64)
[2024.09.23-02.56.06:284][480]LogTexture: Display: Building textures: LQ_Lightmap_0_2 (DXT1, 64X64)
[2024.09.23-02.56.06:284][480]LogTexture: Display: Building textures: ShadowMapTexture2D_1 (G8, 32X32)
[2024.09.23-02.56.06:284][480]LogTexture: Display: Building textures: ShadowMapTexture2D_0 (G8, 1024X128)
[2024.09.23-02.56.06:284][480]LogStaticLightingSystem: MinimalDefaultCopy_BuiltData storing lightmap data for 7 meshes in 2 LightmapResourceClusters (3.5 Meshes per cluster).
[2024.09.23-02.56.06:293][480]LogUObjectHash: Compacting FUObjectHashTables data took   0.19ms
[2024.09.23-02.56.06:295][480]Lightmass on DESKTOP-VS0096S: 1.03 sec total, 107 ms importing, 16 ms setup, 90 ms photons, 668 ms processing, 0 ms extra exporting [7/7 mappings]. Threads: 3.34 sec total, 790 ms processing.
[2024.09.23-02.56.06:366][480]LogStaticLightingSystem: Illumination: 9.80 sec (99 ms encoding lightmaps, 20 ms encoding shadowmaps)
[2024.09.23-02.56.06:366][480]LogStaticLightingSystem: Lightmap texture memory:  0.7 MB (0.7 MB streaming, 0.0 MB non-streaming), 4 textures
[2024.09.23-02.56.06:366][480]LogStaticLightingSystem: Shadowmap texture memory: 0.2 MB (0.2 MB streaming, 0.0 MB non-streaming), 2 textures
[2024.09.23-02.56.06:888][480]DumpUnbuiltLightIteractions
[2024.09.23-02.56.06:888][480]Lights with unbuilt interactions: 0
[2024.09.23-02.56.06:888][480]
[2024.09.23-02.56.06:888][480]Primitives with unbuilt interactions: 0
[2024.09.23-02.56.07:015][481]Cmd: MAP CHECK NOTIFYRESULTS
[2024.09.23-02.56.07:015][481]MapCheck: New page: MinimalDefaultCopy - 23 Sep 2024, 10:56:07 pm
[2024.09.23-02.56.07:015][481]MapCheck: Map check complete: 0 Error(s), 0 Warning(s), took 0.338ms to complete.
[2024.09.23-02.56.09:315][718]Cmd: OBJ SAVEPACKAGE PACKAGE="/Game/Levels/MinimalDefaultCopy" FILE="../../../../Projects/LostWorld/Content/Levels/MinimalDefaultCopy.umap" SILENT=true AUTOSAVING=false KEEPDIRTY=false
[2024.09.23-02.56.09:323][718]LogUObjectHash: Compacting FUObjectHashTables data took   0.46ms
[2024.09.23-02.56.09:337][718]LogSavePackage: Moving '../../../../Projects/LostWorld/Saved/MinimalDefaultCopyADF58ADF4CDA40D538FEB3ACA11FC5F2.tmp' to '../../../../Projects/LostWorld/Content/Levels/MinimalDefaultCopy.umap'
[2024.09.23-02.56.09:350][718]Cmd: OBJ SAVEPACKAGE PACKAGE="/Game/Levels/MinimalDefaultCopy_BuiltData" FILE="../../../../Projects/LostWorld/Content/Levels/MinimalDefaultCopy_BuiltData.uasset" SILENT=true
[2024.09.23-02.56.09:369][718]LogSavePackage: Moving '../../../../Projects/LostWorld/Saved/MinimalDefaultCopy_BuiltDataD40CD41B4547C0900AEE29AF4160EE6D.tmp' to '../../../../Projects/LostWorld/Content/Levels/MinimalDefaultCopy_BuiltData.uasset'
[2024.09.23-02.56.09:381][718]LogAutoSizeComments: Saved node cache to ../../../Engine/Plugins/Marketplace/AutoSizeComments/ASCCache/7D4A53564EE1015E902C29B8F812ED99.json took   0.33ms
[2024.09.23-02.56.09:385][718]AssetCheck: New page: Asset Save: multiple assets
[2024.09.23-02.56.09:385][718]LogContentValidation: Display: Validating World /Game/Levels/MinimalDefaultCopy.MinimalDefaultCopy
[2024.09.23-02.56.09:385][718]LogContentValidation: Display: Validating MapBuildDataRegistry /Game/Levels/MinimalDefaultCopy_BuiltData.MinimalDefaultCopy_BuiltData
[2024.09.23-02.56.11:286][909]LogAssetEditorSubsystem: Opening Asset editor for World /Game/Levels/Test.Test
[2024.09.23-02.56.11:294][909]LogUObjectHash: Compacting FUObjectHashTables data took   0.49ms
[2024.09.23-02.56.11:295][909]Cmd: MAP LOAD FILE="../../../../Projects/LostWorld/Content/Levels/Test.umap" TEMPLATE=0 SHOWPROGRESS=1 FEATURELEVEL=3
[2024.09.23-02.56.11:295][909]LightingResults: New page: Lighting Build
[2024.09.23-02.56.11:295][909]LoadErrors: New page: Loading map: Test.umap
[2024.09.23-02.56.11:331][909]LogWorld: UWorld::CleanupWorld for MinimalDefaultCopy, bSessionEnded=true, bCleanupResources=true
[2024.09.23-02.56.11:331][909]LogSlate: InvalidateAllWidgets triggered.  All widgets were invalidated
[2024.09.23-02.56.11:332][909]MapCheck: New page: Map Check
[2024.09.23-02.56.11:332][909]LightingResults: New page: Lighting Build
[2024.09.23-02.56.11:340][909]LogAISub: UAISubsystem::~UAISubsystem EnvQueryManager (000001FAC88E0400), frame # 2909
[2024.09.23-02.56.11:340][909]LogAISub: UAISubsystem::~UAISubsystem AIPerceptionSystem (000001FAC87F1D00), frame # 2909
[2024.09.23-02.56.11:341][909]LogUObjectHash: Compacting FUObjectHashTables data took   0.60ms
[2024.09.23-02.56.11:393][909]LogEditorServer: Finished looking for orphan Actors (0.000 secs)
[2024.09.23-02.56.11:393][909]LogAIModule: Creating AISystem for world Test
[2024.09.23-02.56.11:393][909]LogAISub: UAISubsystem::UAISubsystem EnvQueryManager (000001FB058F6800), frame # 2909
[2024.09.23-02.56.11:393][909]LogAISub: UAISubsystem::UAISubsystem AIPerceptionSystem (000001FB187EAFC0), frame # 2909
[2024.09.23-02.56.11:403][909]LogUObjectHash: Compacting FUObjectHashTables data took   0.43ms
[2024.09.23-02.56.11:414][909]Cmd: MAP CHECKDEP NOCLEARLOG
[2024.09.23-02.56.11:414][909]MapCheck: Map check complete: 0 Error(s), 0 Warning(s), took 0.105ms to complete.
[2024.09.23-02.56.11:414][909]LogFileHelpers: Loading map 'Test' took 0.120
[2024.09.23-02.56.12:328][  3]LogTemp: Repeating last play command: Selected Viewport
[2024.09.23-02.56.12:336][  3]LogPlayLevel: PlayLevel: No blueprints needed recompiling
[2024.09.23-02.56.12:336][  3]PIE: New page: PIE session: Test (23 Sep 2024, 10:56:12 pm)
[2024.09.23-02.56.12:336][  3]LogPlayLevel: Creating play world package: /Game/Levels/UEDPIE_0_Test
[2024.09.23-02.56.12:337][  3]LogPlayLevel: PIE: StaticDuplicateObject took: (0.000656s)
[2024.09.23-02.56.12:338][  3]LogAIModule: Creating AISystem for world Test
[2024.09.23-02.56.12:338][  3]LogAISub: UAISubsystem::UAISubsystem EnvQueryManager (000001FB022DFC00), frame # 3003
[2024.09.23-02.56.12:338][  3]LogAISub: UAISubsystem::UAISubsystem AIPerceptionSystem (000001FB183025C0), frame # 3003
[2024.09.23-02.56.12:338][  3]LogPlayLevel: PIE: World Init took: (0.000814s)
[2024.09.23-02.56.12:338][  3]LogPlayLevel: PIE: Created PIE world by copying editor world from /Game/Levels/Test.Test to /Game/Levels/UEDPIE_0_Test.Test (0.001583s)
[2024.09.23-02.56.12:346][  3]LogUObjectHash: Compacting FUObjectHashTables data took   0.44ms
[2024.09.23-02.56.12:347][  3]LogTemp: Warning: FilePaths: Player's Save Data Folder: ../../../../Projects/LostWorld/Saved/SaveGames/DeveloperSettings.json
[2024.09.23-02.56.12:347][  3]LogAudioMixer: Display: Audio Mixer Platform Settings:
[2024.09.23-02.56.12:347][  3]LogAudioMixer: Display: 	Sample Rate:						  48000
[2024.09.23-02.56.12:347][  3]LogAudioMixer: Display: 	Callback Buffer Frame Size Requested: 1024
[2024.09.23-02.56.12:347][  3]LogAudioMixer: Display: 	Callback Buffer Frame Size To Use:	  1024
[2024.09.23-02.56.12:347][  3]LogAudioMixer: Display: 	Number of buffers to queue:			  2
[2024.09.23-02.56.12:347][  3]LogAudioMixer: Display: 	Max Channels (voices):				  32
[2024.09.23-02.56.12:347][  3]LogAudioMixer: Display: 	Number of Async Source Workers:		  0
[2024.09.23-02.56.12:347][  3]LogAudio: Display: AudioDevice MaxSources: 32
[2024.09.23-02.56.12:348][  3]LogAudio: Display: Using built-in audio occlusion.
[2024.09.23-02.56.12:348][  3]LogAudioMixer: Display: Initializing audio mixer.
[2024.09.23-02.56.12:353][  3]LogAudioMixer: Display: 0: FrontLeft
[2024.09.23-02.56.12:353][  3]LogAudioMixer: Display: 1: FrontRight
[2024.09.23-02.56.12:377][  3]LogAudioMixer: Display: Using Audio Device Speakers (Realtek(R) Audio)
[2024.09.23-02.56.12:377][  3]LogAudioMixer: Display: Initializing Sound Submixes...
[2024.09.23-02.56.12:378][  3]LogAudioMixer: Display: Creating Master Submix 'MasterSubmixDefault'
[2024.09.23-02.56.12:378][  3]LogAudioMixer: Display: Creating Master Submix 'MasterReverbSubmixDefault'
[2024.09.23-02.56.12:378][  3]LogAudioMixer: Display: Creating Master Submix 'MasterEQSubmixDefault'
[2024.09.23-02.56.12:390][  3]LogInit: FAudioDevice initialized.
[2024.09.23-02.56.12:396][  3]LogLoad: Game class is 'LostWorldGameModeBattleBp_C'
[2024.09.23-02.56.12:397][  3]LogWorld: Bringing World /Game/Levels/UEDPIE_0_Test.Test up for play (max tick rate 0) at 2024.09.23-12.56.12
[2024.09.23-02.56.12:397][  3]LogWorld: Bringing up level for play took: 0.000309
[2024.09.23-02.56.12:397][  3]LogOnline: OSS: Creating online subsystem instance for: :Context_3
[2024.09.23-02.56.12:399][  3]PIE: Server logged in
[2024.09.23-02.56.12:400][  3]PIE: Play in editor total start time 0.065 seconds.
[2024.09.23-02.56.13:392][103]LogSlate: Updating window title bar state: overlay mode, drag disabled, window buttons hidden, title bar hidden
[2024.09.23-02.56.13:392][103]LogWorld: BeginTearingDown for /Game/Levels/UEDPIE_0_Test
[2024.09.23-02.56.13:392][103]LogWorld: UWorld::CleanupWorld for Test, bSessionEnded=true, bCleanupResources=true
[2024.09.23-02.56.13:392][103]LogSlate: InvalidateAllWidgets triggered.  All widgets were invalidated
[2024.09.23-02.56.13:396][103]LogPlayLevel: Display: Shutting down PIE online subsystems
[2024.09.23-02.56.13:397][103]LogSlate: InvalidateAllWidgets triggered.  All widgets were invalidated
[2024.09.23-02.56.13:405][103]LogSlate: Updating window title bar state: overlay mode, drag disabled, window buttons hidden, title bar hidden
[2024.09.23-02.56.13:420][103]LogAISub: UAISubsystem::~UAISubsystem AIPerceptionSystem (000001FB183025C0), frame # 3103
[2024.09.23-02.56.13:420][103]LogAISub: UAISubsystem::~UAISubsystem EnvQueryManager (000001FB022DFC00), frame # 3103
[2024.09.23-02.56.13:421][103]LogUObjectHash: Compacting FUObjectHashTables data took   0.49ms
[2024.09.23-02.56.13:477][105]LogPlayLevel: Display: Destroying online subsystem :Context_3
